[2023-12-01T10:00:56.488] [INFO] development - Server ID : => HTTPServer - Express server listening on port : 2828 date : Fri Dec 01 2023 10:00:56 GMT+0530 (India Standard Time)
[2023-12-01T10:00:57.077] [INFO] development - Mongoose connection open
[2023-12-01T10:56:59.602] [INFO] development - data =>  {
  status: 1,
  message: 'Login Succesfully',
  data: {
    _id: 6549cce3ba408a2e287f2ec5,
    name: 'Super Admin',
    email: 'admin@sisugamz.com',
    createdAt: 2023-11-07T05:36:35.660Z,
    modifiedAt: 2023-11-07T05:36:35.660Z,
    token: 'eyJhbGciOiJIUzI1NiIsInR5cCI6IkpXVCJ9.eyJfaWQiOiI2NTQ5Y2NlM2JhNDA4YTJlMjg3ZjJlYzUiLCJuYW1lIjoiU3VwZXIgQWRtaW4iLCJlbWFpbCI6ImFkbWluQHNpc3VnYW16LmNvbSIsInBhc3N3b3JkIjoiJDJiJDEwJHhZZzVMUlNRRWxiNENOZnVocjdncmUyUjNMOUQ5eDhaWmc0c0QxSW9uY1N6ZWFTSHgzMTIuIiwiY3JlYXRlZEF0IjoiMjAyMy0xMS0wN1QwNTozNjozNS42NjBaIiwibW9kaWZpZWRBdCI6IjIwMjMtMTEtMDdUMDU6MzY6MzUuNjYwWiIsImlhdCI6MTcwMTQwODQxOSwiZXhwIjoxNzAyMDEzMjE5fQ.q4QWOieslXVZ5bteD6rUleZ1BoHX2yHGTuVhtFfg8g4'
  }
}
[2023-12-01T10:56:59.692] [INFO] development - admin/dahboard.js post dahboard  error =>  4
[2023-12-01T10:56:59.701] [INFO] development - admin/dahboard.js post dahboard  error =>  1700803619701
[2023-12-01T10:56:59.744] [INFO] development - admin/dahboard.js post dahboard  error =>  [
  {
    _id: 65688e8b3382766c1052f797,
    id: 1,
    username: 'USER_1',
    createdAt: 2023-11-30T13:30:51.581Z
  },
  {
    _id: 65688ed93382766c1052f79e,
    id: 2,
    username: 'USER_2',
    createdAt: 2023-11-30T13:32:09.454Z
  },
  {
    _id: 65688ef63382766c1052f7a3,
    id: 3,
    username: 'USER_3',
    createdAt: 2023-11-30T13:32:38.445Z
  },
  {
    _id: 65688f413382766c1052f7a9,
    id: 4,
    username: 'USER_4',
    createdAt: 2023-11-30T13:33:53.104Z
  }
]
[2023-12-01T11:23:21.832] [INFO] development - data =>  {
  status: 1,
  message: 'Login Succesfully',
  data: {
    _id: 6549cce3ba408a2e287f2ec5,
    name: 'Super Admin',
    email: 'admin@sisugamz.com',
    createdAt: 2023-11-07T05:36:35.660Z,
    modifiedAt: 2023-11-07T05:36:35.660Z,
    token: 'eyJhbGciOiJIUzI1NiIsInR5cCI6IkpXVCJ9.eyJfaWQiOiI2NTQ5Y2NlM2JhNDA4YTJlMjg3ZjJlYzUiLCJuYW1lIjoiU3VwZXIgQWRtaW4iLCJlbWFpbCI6ImFkbWluQHNpc3VnYW16LmNvbSIsInBhc3N3b3JkIjoiJDJiJDEwJHhZZzVMUlNRRWxiNENOZnVocjdncmUyUjNMOUQ5eDhaWmc0c0QxSW9uY1N6ZWFTSHgzMTIuIiwiY3JlYXRlZEF0IjoiMjAyMy0xMS0wN1QwNTozNjozNS42NjBaIiwibW9kaWZpZWRBdCI6IjIwMjMtMTEtMDdUMDU6MzY6MzUuNjYwWiIsImlhdCI6MTcwMTQxMDAwMSwiZXhwIjoxNzAyMDE0ODAxfQ.eJwFAy3CkzFo0jQ4SfgW4L06QOraIPMwbGE0RTyCdyY'
  }
}
[2023-12-01T11:23:21.900] [INFO] development - admin/dahboard.js post dahboard  error =>  4
[2023-12-01T11:23:21.930] [INFO] development - admin/dahboard.js post dahboard  error =>  1700805201930
[2023-12-01T11:23:21.960] [INFO] development - admin/dahboard.js post dahboard  error =>  [
  {
    _id: 65688e8b3382766c1052f797,
    id: 1,
    username: 'USER_1',
    createdAt: 2023-11-30T13:30:51.581Z
  },
  {
    _id: 65688ed93382766c1052f79e,
    id: 2,
    username: 'USER_2',
    createdAt: 2023-11-30T13:32:09.454Z
  },
  {
    _id: 65688ef63382766c1052f7a3,
    id: 3,
    username: 'USER_3',
    createdAt: 2023-11-30T13:32:38.445Z
  },
  {
    _id: 65688f413382766c1052f7a9,
    id: 4,
    username: 'USER_4',
    createdAt: 2023-11-30T13:33:53.104Z
  }
]
[2023-12-01T11:23:41.945] [INFO] development - admin/dahboard.js post dahboard  error =>  [
  {
    counters: { totalMatch: 0 },
    status: '',
    isVIP: 1,
    _id: 65688e8b3382766c1052f797,
    id: 1,
    username: 'USER_1',
    mobileNumber: '912728937127',
    chips: 20000,
    referralCode: '',
    lastLoginDate: 2023-11-30T13:30:51.581Z,
    createdAt: 2023-11-30T13:30:51.581Z
  },
  {
    counters: { totalMatch: 0 },
    status: '',
    isVIP: 1,
    _id: 65688ed93382766c1052f79e,
    id: 2,
    username: 'USER_2',
    mobileNumber: '913846608068',
    chips: 20000,
    referralCode: '',
    lastLoginDate: 2023-11-30T13:32:09.454Z,
    createdAt: 2023-11-30T13:32:09.454Z
  },
  {
    counters: { totalMatch: 0 },
    status: '',
    isVIP: 1,
    _id: 65688ef63382766c1052f7a3,
    id: 3,
    username: 'USER_3',
    mobileNumber: '911476328856',
    chips: 20000,
    referralCode: '',
    lastLoginDate: 2023-11-30T13:32:38.445Z,
    createdAt: 2023-11-30T13:32:38.445Z
  },
  {
    counters: { totalMatch: 0 },
    status: '',
    isVIP: 1,
    _id: 65688f413382766c1052f7a9,
    id: 4,
    username: 'USER_4',
    mobileNumber: '911275581457',
    chips: 20000,
    referralCode: '',
    lastLoginDate: 2023-11-30T13:33:53.104Z,
    createdAt: 2023-11-30T13:33:53.104Z
  }
]
[2023-12-01T11:23:44.924] [INFO] development - admin/dahboard.js post dahboard  error =>  []
[2023-12-01T11:26:07.068] [INFO] development - admin/dahboard.js post dahboard  error =>  [
  {
    counters: { totalMatch: 0 },
    status: '',
    isVIP: 1,
    _id: 65688e8b3382766c1052f797,
    id: 1,
    username: 'USER_1',
    mobileNumber: '912728937127',
    chips: 20000,
    referralCode: '',
    lastLoginDate: 2023-11-30T13:30:51.581Z,
    createdAt: 2023-11-30T13:30:51.581Z
  },
  {
    counters: { totalMatch: 0 },
    status: '',
    isVIP: 1,
    _id: 65688ed93382766c1052f79e,
    id: 2,
    username: 'USER_2',
    mobileNumber: '913846608068',
    chips: 20000,
    referralCode: '',
    lastLoginDate: 2023-11-30T13:32:09.454Z,
    createdAt: 2023-11-30T13:32:09.454Z
  },
  {
    counters: { totalMatch: 0 },
    status: '',
    isVIP: 1,
    _id: 65688ef63382766c1052f7a3,
    id: 3,
    username: 'USER_3',
    mobileNumber: '911476328856',
    chips: 20000,
    referralCode: '',
    lastLoginDate: 2023-11-30T13:32:38.445Z,
    createdAt: 2023-11-30T13:32:38.445Z
  },
  {
    counters: { totalMatch: 0 },
    status: '',
    isVIP: 1,
    _id: 65688f413382766c1052f7a9,
    id: 4,
    username: 'USER_4',
    mobileNumber: '911275581457',
    chips: 20000,
    referralCode: '',
    lastLoginDate: 2023-11-30T13:33:53.104Z,
    createdAt: 2023-11-30T13:33:53.104Z
  }
]
[2023-12-01T11:26:07.448] [INFO] development - admin/dahboard.js post dahboard  error =>  [
  {
    _id: 656863f67c8ba49e99f37171,
    email: 'agent1@gmial.com',
    name: 'agent1',
    mobileno: '8866675411',
    status: 'active',
    location: 'India',
    area: 'Local',
    createdAt: 2023-12-01T05:56:07.447Z,
    lastLoginDate: 2023-12-01T05:56:07.447Z
  },
  {
    _id: 656888a4bbf0613b541bb146,
    email: 'abc@gmail.com',
    name: 'abc',
    createdAt: 2023-11-30T13:05:40.465Z,
    lastLoginDate: 2023-11-30T13:05:40.465Z,
    status: 'active',
    location: 'INDIA',
    area: 'arr'
  },
  {
    _id: 656889d012494b66847ec1fb,
    email: 'abc@gmail.com',
    name: 'abc',
    mobileno: '123456789',
    createdAt: 2023-11-30T13:10:40.622Z,
    lastLoginDate: 2023-11-30T13:10:40.622Z,
    status: 'active',
    location: 'INDIA',
    area: 'arr'
  },
  {
    _id: 656889d412494b66847ec1ff,
    email: 'abc@gmail.com',
    name: 'abc',
    mobileno: '123456789',
    createdAt: 2023-11-30T13:10:44.787Z,
    lastLoginDate: 2023-11-30T13:10:44.787Z,
    status: 'active',
    location: 'INDIA',
    area: 'arr'
  }
]
[2023-12-01T11:37:33.545] [INFO] development - admin/dahboard.js post dahboard  error =>  null
[2023-12-01T11:37:33.550] [INFO] development - admin/dahboard.js post dahboard  error =>  [
  {
    SrNo: 1,
    DateTime: '2023-10-10 08:30 AM',
    Name: 'Alice',
    PhoneNumber: '123-456-7890',
    RoomId: 'RHRoom1',
    Amount: 100,
    Type: 'Credit',
    Club: 'Club A'
  },
  {
    SrNo: 2,
    DateTime: '2023-10-09 10:15 AM',
    Name: 'Bob',
    PhoneNumber: '987-654-3210',
    RoomId: 'RHRoom2',
    Amount: 50,
    Type: 'Debit',
    Club: 'Club B'
  },
  {
    SrNo: 3,
    DateTime: '2023-10-09 10:15 AM',
    Name: 'Bob',
    PhoneNumber: '987-654-3210',
    RoomId: 'RHRoom2',
    Amount: 50,
    Type: 'Debit',
    Club: 'Club Bd'
  },
  {
    SrNo: 3,
    DateTime: '2023-10-09 10:15 AM',
    Name: 'Bob',
    PhoneNumber: '987-654-3210',
    RoomId: 'RHRoom2',
    Amount: 50,
    Type: 'Debit',
    Club: 'Club Bd'
  }
]
[2023-12-01T11:37:33.562] [INFO] development - admin/dahboard.js post dahboard  error =>  [
  {
    SrNo: 1,
    DateTime: '2023-10-10 08:30 AM',
    Name: 'Alice',
    PhoneNumber: '123-456-7890',
    RoomId: 'CWRoom1',
    Amount: 100,
    Type: 'Credit',
    Club: 'Club A'
  },
  {
    SrNo: 2,
    DateTime: '2023-10-09 10:15 AM',
    Name: 'Bob',
    PhoneNumber: '987-654-3210',
    RoomId: 'CWRoom2',
    Amount: 50,
    Type: 'Debit',
    Club: 'Club B'
  },
  {
    SrNo: 3,
    DateTime: '2023-10-09 10:15 AM',
    Name: 'Bob',
    PhoneNumber: '987-654-3210',
    RoomId: 'CWRoom2',
    Amount: 50,
    Type: 'Debit',
    Club: 'Club Bd'
  }
]
[2023-12-01T11:37:33.568] [INFO] development - admin/dahboard.js post dahboard  error =>  [
  {
    SrNo: 1,
    DateTime: '2023-10-10 08:30 AM',
    Name: 'Alice',
    PhoneNumber: '123-456-7890',
    RoomId: 'CDRoom1',
    Amount: 100,
    Type: 'Credit',
    Club: 'Club A'
  },
  {
    SrNo: 2,
    DateTime: '2023-10-09 10:15 AM',
    Name: 'Bob',
    PhoneNumber: '987-654-3210',
    RoomId: 'CDRoom2',
    Amount: 50,
    Type: 'Debit',
    Club: 'Club B'
  },
  {
    SrNo: 3,
    DateTime: '2023-10-09 10:15 AM',
    Name: 'Bob',
    PhoneNumber: '987-654-3210',
    RoomId: 'CDRoom2',
    Amount: 50,
    Type: 'Debit',
    Club: 'Club Bd'
  }
]
[2023-12-01T11:37:33.581] [INFO] development - admin/dahboard.js post dahboard  error =>  [
  {
    SrNo: 1,
    DateTime: '2023-10-10 08:30 AM',
    Name: 'Alice',
    PhoneNumber: '123-456-7890',
    RoomId: 'RRRoom1',
    Amount: 100,
    Type: 'Credit',
    Club: 'Club A'
  },
  {
    SrNo: 2,
    DateTime: '2023-10-09 10:15 AM',
    Name: 'Bob',
    PhoneNumber: '987-654-3210',
    RoomId: 'RRRoom2',
    Amount: 50,
    Type: 'Debit',
    Club: 'Club B'
  },
  {
    SrNo: 3,
    DateTime: '2023-10-09 10:15 AM',
    Name: 'Bob',
    PhoneNumber: '987-654-3210',
    RoomId: 'RRRoom2',
    Amount: 50,
    Type: 'Debit',
    Club: 'Club Bd'
  }
]
[2023-12-01T11:37:33.587] [INFO] development - admin/dahboard.js post dahboard  error =>  [
  {
    SrNo: 1,
    DateTime: '2023-10-10 08:30 AM',
    Name: 'Alice',
    PhoneNumber: '123-456-7890',
    RoomId: 'MRRoom1',
    Amount: 100,
    Type: 'Credit',
    Club: 'Club A'
  },
  {
    SrNo: 2,
    DateTime: '2023-10-09 10:15 AM',
    Name: 'Bob',
    PhoneNumber: '987-654-3210',
    RoomId: 'MRRoom2',
    Amount: 50,
    Type: 'Debit',
    Club: 'Club B'
  },
  {
    SrNo: 3,
    DateTime: '2023-10-09 10:15 AM',
    Name: 'Bob',
    PhoneNumber: '987-654-3210',
    RoomId: 'MRRoom2',
    Amount: 50,
    Type: 'Debit',
    Club: 'Club Bd'
  }
]
[2023-12-01T11:37:58.710] [INFO] development - admin/dahboard.js post dahboard  error =>  [
  {
    _id: 656863f67c8ba49e99f37171,
    email: 'agent1@gmial.com',
    name: 'agent1',
    mobileno: '8866675411',
    status: 'active',
    location: 'India',
    area: 'Local',
    createdAt: 2023-12-01T06:07:58.710Z,
    lastLoginDate: 2023-12-01T06:07:58.710Z
  },
  {
    _id: 656888a4bbf0613b541bb146,
    email: 'abc@gmail.com',
    name: 'abc',
    createdAt: 2023-11-30T13:05:40.465Z,
    lastLoginDate: 2023-11-30T13:05:40.465Z,
    status: 'active',
    location: 'INDIA',
    area: 'arr'
  },
  {
    _id: 656889d012494b66847ec1fb,
    email: 'abc@gmail.com',
    name: 'abc',
    mobileno: '123456789',
    createdAt: 2023-11-30T13:10:40.622Z,
    lastLoginDate: 2023-11-30T13:10:40.622Z,
    status: 'active',
    location: 'INDIA',
    area: 'arr'
  },
  {
    _id: 656889d412494b66847ec1ff,
    email: 'abc@gmail.com',
    name: 'abc',
    mobileno: '123456789',
    createdAt: 2023-11-30T13:10:44.787Z,
    lastLoginDate: 2023-11-30T13:10:44.787Z,
    status: 'active',
    location: 'INDIA',
    area: 'arr'
  }
]
[2023-12-01T11:38:00.574] [INFO] development - admin/dahboard.js post dahboard  info =>  null
[2023-12-01T11:38:53.495] [INFO] development - admin/dahboard.js post dahboard  info =>  null
[2023-12-01T11:39:34.499] [INFO] development - admin/dahboard.js post dahboard  info =>  null
[2023-12-01T11:40:23.492] [INFO] development - admin/dahboard.js post dahboard  info =>  null
[2023-12-01T11:40:26.493] [INFO] development - admin/dahboard.js post dahboard  info =>  null
[2023-12-01T11:41:10.499] [INFO] development - admin/dahboard.js post dahboard  info =>  null
[2023-12-01T11:41:25.493] [INFO] development - admin/dahboard.js post dahboard  info =>  null
[2023-12-01T11:53:01.501] [INFO] development - admin/dahboard.js post dahboard  info =>  null
[2023-12-01T11:53:15.497] [INFO] development - admin/dahboard.js post dahboard  info =>  null
[2023-12-01T11:53:20.491] [INFO] development - admin/dahboard.js post dahboard  info =>  null
[2023-12-01T11:55:06.496] [INFO] development - admin/dahboard.js post dahboard  info =>  null
[2023-12-01T11:55:09.733] [INFO] development - admin/dahboard.js post dahboard  info =>  null
[2023-12-01T11:55:37.837] [INFO] development - admin/dahboard.js post dahboard  info =>  null
[2023-12-01T11:55:43.105] [INFO] development - admin/dahboard.js post dahboard  error =>  [
  {
    _id: 656863f67c8ba49e99f37171,
    email: 'agent1@gmial.com',
    name: 'agent1',
    mobileno: '8866675411',
    status: 'active',
    location: 'India',
    area: 'Local',
    createdAt: 2023-12-01T06:25:43.105Z,
    lastLoginDate: 2023-12-01T06:25:43.105Z
  },
  {
    _id: 656888a4bbf0613b541bb146,
    email: 'abc@gmail.com',
    name: 'abc',
    createdAt: 2023-11-30T13:05:40.465Z,
    lastLoginDate: 2023-11-30T13:05:40.465Z,
    status: 'active',
    location: 'INDIA',
    area: 'arr'
  },
  {
    _id: 656889d012494b66847ec1fb,
    email: 'abc@gmail.com',
    name: 'abc',
    mobileno: '123456789',
    createdAt: 2023-11-30T13:10:40.622Z,
    lastLoginDate: 2023-11-30T13:10:40.622Z,
    status: 'active',
    location: 'INDIA',
    area: 'arr'
  },
  {
    _id: 656889d412494b66847ec1ff,
    email: 'abc@gmail.com',
    name: 'abc',
    mobileno: '123456789',
    createdAt: 2023-11-30T13:10:44.787Z,
    lastLoginDate: 2023-11-30T13:10:44.787Z,
    status: 'active',
    location: 'INDIA',
    area: 'arr'
  }
]
[2023-12-01T11:55:46.510] [INFO] development - admin/dahboard.js post dahboard  info =>  null
[2023-12-01T11:56:17.492] [INFO] development - admin/dahboard.js post dahboard  error =>  null
[2023-12-01T11:57:33.970] [INFO] development - Server ID : => HTTPServer - Express server listening on port : 2828 date : Fri Dec 01 2023 11:57:33 GMT+0530 (India Standard Time)
[2023-12-01T11:57:34.544] [INFO] development - Mongoose connection open
[2023-12-01T11:57:44.190] [INFO] development - admin/dahboard.js post dahboard  error =>  [
  {
    _id: 656863f67c8ba49e99f37171,
    email: 'agent1@gmial.com',
    name: 'agent1',
    mobileno: '8866675411',
    status: 'active',
    location: 'India',
    area: 'Local',
    createdAt: 2023-12-01T06:27:44.188Z,
    lastLoginDate: 2023-12-01T06:27:44.188Z
  },
  {
    _id: 656888a4bbf0613b541bb146,
    email: 'abc@gmail.com',
    name: 'abc',
    createdAt: 2023-11-30T13:05:40.465Z,
    lastLoginDate: 2023-11-30T13:05:40.465Z,
    status: 'active',
    location: 'INDIA',
    area: 'arr'
  },
  {
    _id: 656889d012494b66847ec1fb,
    email: 'abc@gmail.com',
    name: 'abc',
    mobileno: '123456789',
    createdAt: 2023-11-30T13:10:40.622Z,
    lastLoginDate: 2023-11-30T13:10:40.622Z,
    status: 'active',
    location: 'INDIA',
    area: 'arr'
  },
  {
    _id: 656889d412494b66847ec1ff,
    email: 'abc@gmail.com',
    name: 'abc',
    mobileno: '123456789',
    createdAt: 2023-11-30T13:10:44.787Z,
    lastLoginDate: 2023-11-30T13:10:44.787Z,
    status: 'active',
    location: 'INDIA',
    area: 'arr'
  }
]
[2023-12-01T11:57:51.344] [INFO] development - admin/dahboard.js post dahboard  error =>  {
  _id: 656863f67c8ba49e99f37171,
  email: 'agent1@gmial.com',
  status: 'active',
  createdAt: 2023-12-01T06:27:51.344Z,
  lastLoginDate: 2023-12-01T06:27:51.344Z
}
[2023-12-01T11:58:18.633] [INFO] development - Server ID : => HTTPServer - Express server listening on port : 2828 date : Fri Dec 01 2023 11:58:18 GMT+0530 (India Standard Time)
[2023-12-01T11:58:19.011] [INFO] development - Mongoose connection open
[2023-12-01T11:58:21.142] [INFO] development - Server ID : => HTTPServer - Express server listening on port : 2828 date : Fri Dec 01 2023 11:58:21 GMT+0530 (India Standard Time)
[2023-12-01T11:58:21.543] [INFO] development - Mongoose connection open
[2023-12-01T11:58:23.881] [INFO] development - admin/dahboard.js post dahboard  error =>  [
  {
    _id: 656863f67c8ba49e99f37171,
    email: 'agent1@gmial.com',
    name: 'agent1',
    mobileno: '8866675411',
    status: 'active',
    location: 'India',
    area: 'Local',
    createdAt: 2023-12-01T06:28:23.879Z,
    lastLoginDate: 2023-12-01T06:28:23.879Z
  },
  {
    _id: 656888a4bbf0613b541bb146,
    email: 'abc@gmail.com',
    name: 'abc',
    createdAt: 2023-11-30T13:05:40.465Z,
    lastLoginDate: 2023-11-30T13:05:40.465Z,
    status: 'active',
    location: 'INDIA',
    area: 'arr'
  },
  {
    _id: 656889d012494b66847ec1fb,
    email: 'abc@gmail.com',
    name: 'abc',
    mobileno: '123456789',
    createdAt: 2023-11-30T13:10:40.622Z,
    lastLoginDate: 2023-11-30T13:10:40.622Z,
    status: 'active',
    location: 'INDIA',
    area: 'arr'
  },
  {
    _id: 656889d412494b66847ec1ff,
    email: 'abc@gmail.com',
    name: 'abc',
    mobileno: '123456789',
    createdAt: 2023-11-30T13:10:44.787Z,
    lastLoginDate: 2023-11-30T13:10:44.787Z,
    status: 'active',
    location: 'INDIA',
    area: 'arr'
  }
]
[2023-12-01T11:58:25.263] [INFO] development - admin/dahboard.js post dahboard  error =>  {
  _id: 656863f67c8ba49e99f37171,
  email: 'agent1@gmial.com',
  name: 'agent1',
  mobileno: '8866675411',
  status: 'active',
  location: 'India',
  area: 'Local',
  createdAt: 2023-12-01T06:28:25.263Z,
  lastLoginDate: 2023-12-01T06:28:25.263Z
}
[2023-12-01T11:58:42.591] [INFO] development - Server ID : => HTTPServer - Express server listening on port : 2828 date : Fri Dec 01 2023 11:58:42 GMT+0530 (India Standard Time)
[2023-12-01T11:58:42.975] [INFO] development - Mongoose connection open
[2023-12-01T11:58:44.089] [INFO] development - admin/dahboard.js post dahboard  error =>  [
  {
    _id: 656863f67c8ba49e99f37171,
    email: 'agent1@gmial.com',
    name: 'agent1',
    mobileno: '8866675411',
    status: 'active',
    location: 'India',
    area: 'Local',
    createdAt: 2023-12-01T06:28:44.087Z,
    lastLoginDate: 2023-12-01T06:28:44.087Z
  },
  {
    _id: 656888a4bbf0613b541bb146,
    email: 'abc@gmail.com',
    name: 'abc',
    createdAt: 2023-11-30T13:05:40.465Z,
    lastLoginDate: 2023-11-30T13:05:40.465Z,
    status: 'active',
    location: 'INDIA',
    area: 'arr'
  },
  {
    _id: 656889d012494b66847ec1fb,
    email: 'abc@gmail.com',
    name: 'abc',
    mobileno: '123456789',
    createdAt: 2023-11-30T13:10:40.622Z,
    lastLoginDate: 2023-11-30T13:10:40.622Z,
    status: 'active',
    location: 'INDIA',
    area: 'arr'
  },
  {
    _id: 656889d412494b66847ec1ff,
    email: 'abc@gmail.com',
    name: 'abc',
    mobileno: '123456789',
    createdAt: 2023-11-30T13:10:44.787Z,
    lastLoginDate: 2023-11-30T13:10:44.787Z,
    status: 'active',
    location: 'INDIA',
    area: 'arr'
  }
]
[2023-12-01T11:58:45.456] [INFO] development - admin/dahboard.js post dahboard  error =>  {
  _id: 656863f67c8ba49e99f37171,
  email: 'agent1@gmial.com',
  password: 'Addjlkasdhkasdhk',
  name: 'agent1',
  mobileno: '8866675411',
  status: 'active',
  location: 'India',
  area: 'Local',
  createdAt: 2023-12-01T06:28:45.456Z,
  lastLoginDate: 2023-12-01T06:28:45.456Z
}
[2023-12-01T12:16:04.803] [INFO] development - Server ID : => HTTPServer - Express server listening on port : 2828 date : Fri Dec 01 2023 12:16:04 GMT+0530 (India Standard Time)
[2023-12-01T12:16:05.197] [INFO] development - Mongoose connection open
[2023-12-01T12:16:09.226] [INFO] development - Server ID : => HTTPServer - Express server listening on port : 2828 date : Fri Dec 01 2023 12:16:09 GMT+0530 (India Standard Time)
[2023-12-01T12:16:09.644] [INFO] development - Mongoose connection open
[2023-12-01T12:21:32.490] [INFO] development - admin/dahboard.js post dahboard  error =>  null
[2023-12-01T12:21:32.577] [INFO] development - admin/dahboard.js post dahboard  error =>  [
  {
    _id: 656863f67c8ba49e99f37171,
    email: 'agent1@gmial.com',
    name: 'agent1',
    mobileno: '8866675411',
    status: 'active',
    location: 'India',
    area: 'Local',
    createdAt: 2023-12-01T06:51:32.575Z,
    lastLoginDate: 2023-12-01T06:51:32.575Z
  },
  {
    _id: 656888a4bbf0613b541bb146,
    email: 'abc@gmail.com',
    name: 'abc',
    createdAt: 2023-11-30T13:05:40.465Z,
    lastLoginDate: 2023-11-30T13:05:40.465Z,
    status: 'active',
    location: 'INDIA',
    area: 'arr'
  },
  {
    _id: 656889d012494b66847ec1fb,
    email: 'abc@gmail.com',
    name: 'abc',
    mobileno: '123456789',
    createdAt: 2023-11-30T13:10:40.622Z,
    lastLoginDate: 2023-11-30T13:10:40.622Z,
    status: 'active',
    location: 'INDIA',
    area: 'arr'
  },
  {
    _id: 656889d412494b66847ec1ff,
    email: 'abc@gmail.com',
    name: 'abc',
    mobileno: '123456789',
    createdAt: 2023-11-30T13:10:44.787Z,
    lastLoginDate: 2023-11-30T13:10:44.787Z,
    status: 'active',
    location: 'INDIA',
    area: 'arr'
  }
]
[2023-12-01T12:21:37.854] [INFO] development - admin/dahboard.js post dahboard  error =>  {
  _id: 656863f67c8ba49e99f37171,
  email: 'agent1@gmial.com',
  password: 'Addjlkasdhkasdhk',
  name: 'agent1',
  mobileno: '8866675411',
  status: 'active',
  location: 'India',
  area: 'Local',
  createdAt: 2023-12-01T06:51:37.853Z,
  lastLoginDate: 2023-12-01T06:51:37.853Z
}
[2023-12-01T12:21:42.329] [INFO] development - admin/dahboard.js post dahboard  error =>  null
[2023-12-01T12:21:42.378] [INFO] development - admin/dahboard.js post dahboard  error =>  [
  {
    _id: 656863f67c8ba49e99f37171,
    email: 'agent1@gmial.com',
    name: 'agent1',
    mobileno: '8866675411',
    status: 'active',
    location: 'India',
    area: 'Local',
    createdAt: 2023-12-01T06:51:42.378Z,
    lastLoginDate: 2023-12-01T06:51:42.378Z
  },
  {
    _id: 656888a4bbf0613b541bb146,
    email: 'abc@gmail.com',
    name: 'abc',
    createdAt: 2023-11-30T13:05:40.465Z,
    lastLoginDate: 2023-11-30T13:05:40.465Z,
    status: 'active',
    location: 'INDIA',
    area: 'arr'
  },
  {
    _id: 656889d012494b66847ec1fb,
    email: 'abc@gmail.com',
    name: 'abc',
    mobileno: '123456789',
    createdAt: 2023-11-30T13:10:40.622Z,
    lastLoginDate: 2023-11-30T13:10:40.622Z,
    status: 'active',
    location: 'INDIA',
    area: 'arr'
  },
  {
    _id: 656889d412494b66847ec1ff,
    email: 'abc@gmail.com',
    name: 'abc',
    mobileno: '123456789',
    createdAt: 2023-11-30T13:10:44.787Z,
    lastLoginDate: 2023-11-30T13:10:44.787Z,
    status: 'active',
    location: 'INDIA',
    area: 'arr'
  }
]
[2023-12-01T12:27:22.589] [INFO] development - admin/dahboard.js post dahboard  error =>  {
  _id: 656863f67c8ba49e99f37171,
  email: 'agent1@gmial.com',
  password: 'Addjlkasdhkasdhk',
  name: 'agent1',
  mobileno: '8866675411',
  status: 'active',
  location: 'India',
  area: 'Local',
  createdAt: 2023-12-01T06:57:22.588Z,
  lastLoginDate: 2023-12-01T06:57:22.588Z
}
[2023-12-01T12:27:28.011] [ERROR] development - admin/dahboard.js post bet-list error =>  ReferenceError: Users is not defined
    at E:\SISU Games\Mumba360-Backend\src\routes\admin\agent.js:88:26
    at Layer.handle [as handle_request] (E:\SISU Games\Mumba360-Backend\node_modules\express\lib\router\layer.js:95:5)
    at next (E:\SISU Games\Mumba360-Backend\node_modules\express\lib\router\route.js:144:13)
    at Route.dispatch (E:\SISU Games\Mumba360-Backend\node_modules\express\lib\router\route.js:114:3)
    at Layer.handle [as handle_request] (E:\SISU Games\Mumba360-Backend\node_modules\express\lib\router\layer.js:95:5)
    at E:\SISU Games\Mumba360-Backend\node_modules\express\lib\router\index.js:284:15
    at Function.process_params (E:\SISU Games\Mumba360-Backend\node_modules\express\lib\router\index.js:346:12)
    at next (E:\SISU Games\Mumba360-Backend\node_modules\express\lib\router\index.js:280:10)
    at Function.handle (E:\SISU Games\Mumba360-Backend\node_modules\express\lib\router\index.js:175:3)
    at router (E:\SISU Games\Mumba360-Backend\node_modules\express\lib\router\index.js:47:12)
    at Layer.handle [as handle_request] (E:\SISU Games\Mumba360-Backend\node_modules\express\lib\router\layer.js:95:5)
    at trim_prefix (E:\SISU Games\Mumba360-Backend\node_modules\express\lib\router\index.js:328:13)
    at E:\SISU Games\Mumba360-Backend\node_modules\express\lib\router\index.js:286:9
    at Function.process_params (E:\SISU Games\Mumba360-Backend\node_modules\express\lib\router\index.js:346:12)
    at next (E:\SISU Games\Mumba360-Backend\node_modules\express\lib\router\index.js:280:10)
    at E:\SISU Games\Mumba360-Backend\src\middleware\auth.js:25:11
[2023-12-01T12:28:19.747] [INFO] development - Server ID : => HTTPServer - Express server listening on port : 2828 date : Fri Dec 01 2023 12:28:19 GMT+0530 (India Standard Time)
[2023-12-01T12:28:20.124] [INFO] development - Mongoose connection open
[2023-12-01T12:28:24.718] [INFO] development - Server ID : => HTTPServer - Express server listening on port : 2828 date : Fri Dec 01 2023 12:28:24 GMT+0530 (India Standard Time)
[2023-12-01T12:28:25.112] [INFO] development - Mongoose connection open
[2023-12-01T12:28:34.615] [INFO] development - Server ID : => HTTPServer - Express server listening on port : 2828 date : Fri Dec 01 2023 12:28:34 GMT+0530 (India Standard Time)
[2023-12-01T12:28:35.003] [INFO] development - Mongoose connection open
[2023-12-01T12:28:44.550] [ERROR] development - admin/dahboard.js post bet-list error =>  ReferenceError: Users is not defined
    at E:\SISU Games\Mumba360-Backend\src\routes\admin\agent.js:91:26
    at Layer.handle [as handle_request] (E:\SISU Games\Mumba360-Backend\node_modules\express\lib\router\layer.js:95:5)
    at next (E:\SISU Games\Mumba360-Backend\node_modules\express\lib\router\route.js:144:13)
    at Route.dispatch (E:\SISU Games\Mumba360-Backend\node_modules\express\lib\router\route.js:114:3)
    at Layer.handle [as handle_request] (E:\SISU Games\Mumba360-Backend\node_modules\express\lib\router\layer.js:95:5)
    at E:\SISU Games\Mumba360-Backend\node_modules\express\lib\router\index.js:284:15
    at Function.process_params (E:\SISU Games\Mumba360-Backend\node_modules\express\lib\router\index.js:346:12)
    at next (E:\SISU Games\Mumba360-Backend\node_modules\express\lib\router\index.js:280:10)
    at Function.handle (E:\SISU Games\Mumba360-Backend\node_modules\express\lib\router\index.js:175:3)
    at router (E:\SISU Games\Mumba360-Backend\node_modules\express\lib\router\index.js:47:12)
    at Layer.handle [as handle_request] (E:\SISU Games\Mumba360-Backend\node_modules\express\lib\router\layer.js:95:5)
    at trim_prefix (E:\SISU Games\Mumba360-Backend\node_modules\express\lib\router\index.js:328:13)
    at E:\SISU Games\Mumba360-Backend\node_modules\express\lib\router\index.js:286:9
    at Function.process_params (E:\SISU Games\Mumba360-Backend\node_modules\express\lib\router\index.js:346:12)
    at next (E:\SISU Games\Mumba360-Backend\node_modules\express\lib\router\index.js:280:10)
    at E:\SISU Games\Mumba360-Backend\src\middleware\auth.js:25:11
[2023-12-01T12:29:38.103] [INFO] development - Server ID : => HTTPServer - Express server listening on port : 2828 date : Fri Dec 01 2023 12:29:38 GMT+0530 (India Standard Time)
[2023-12-01T12:29:38.476] [INFO] development - Mongoose connection open
[2023-12-01T12:29:43.133] [INFO] development - admin/dahboard.js post dahboard  error =>  {
  _id: 656863f67c8ba49e99f37171,
  email: 'agent1@gmial.com',
  password: 'Addjlkasdhkasdhk',
  name: 'agent233',
  mobileno: '8866675411',
  status: 'active',
  location: 'India',
  area: 'Local',
  createdAt: 2023-12-01T06:59:43.133Z,
  lastLoginDate: 2023-12-01T06:59:43.133Z
}
[2023-12-01T12:29:43.189] [INFO] development - admin/dahboard.js post dahboard  error =>  [
  {
    _id: 656863f67c8ba49e99f37171,
    email: 'agent1@gmial.com',
    name: 'agent233',
    mobileno: '8866675411',
    status: 'active',
    location: 'India',
    area: 'Local',
    createdAt: 2023-12-01T06:59:43.188Z,
    lastLoginDate: 2023-12-01T06:59:43.188Z
  },
  {
    _id: 656888a4bbf0613b541bb146,
    email: 'abc@gmail.com',
    name: 'abc',
    createdAt: 2023-11-30T13:05:40.465Z,
    lastLoginDate: 2023-11-30T13:05:40.465Z,
    status: 'active',
    location: 'INDIA',
    area: 'arr'
  },
  {
    _id: 656889d012494b66847ec1fb,
    email: 'abc@gmail.com',
    name: 'abc',
    mobileno: '123456789',
    createdAt: 2023-11-30T13:10:40.622Z,
    lastLoginDate: 2023-11-30T13:10:40.622Z,
    status: 'active',
    location: 'INDIA',
    area: 'arr'
  },
  {
    _id: 656889d412494b66847ec1ff,
    email: 'abc@gmail.com',
    name: 'abc',
    mobileno: '123456789',
    createdAt: 2023-11-30T13:10:44.787Z,
    lastLoginDate: 2023-11-30T13:10:44.787Z,
    status: 'active',
    location: 'INDIA',
    area: 'arr'
  }
]
[2023-12-01T12:29:51.083] [INFO] development - admin/dahboard.js post dahboard  error =>  {
  _id: 656888a4bbf0613b541bb146,
  email: 'abc@gmail.com',
  password: '',
  name: 'abc',
  createdAt: 2023-11-30T13:05:40.465Z,
  lastLoginDate: 2023-11-30T13:05:40.465Z,
  status: 'active',
  location: 'INDIA',
  area: 'arr'
}
[2023-12-01T12:29:57.555] [INFO] development - admin/dahboard.js post dahboard  error =>  {
  _id: 656888a4bbf0613b541bb146,
  email: 'abc@gmail.com',
  password: '',
  name: 'abc',
  createdAt: 2023-11-30T13:05:40.465Z,
  lastLoginDate: 2023-11-30T13:05:40.465Z,
  status: 'inactive',
  location: 'INDIA',
  area: 'arr',
  mobileno: '7897897899'
}
[2023-12-01T12:29:57.596] [INFO] development - admin/dahboard.js post dahboard  error =>  [
  {
    _id: 656863f67c8ba49e99f37171,
    email: 'agent1@gmial.com',
    name: 'agent233',
    mobileno: '8866675411',
    status: 'active',
    location: 'India',
    area: 'Local',
    createdAt: 2023-12-01T06:59:57.595Z,
    lastLoginDate: 2023-12-01T06:59:57.596Z
  },
  {
    _id: 656888a4bbf0613b541bb146,
    email: 'abc@gmail.com',
    name: 'abc',
    createdAt: 2023-11-30T13:05:40.465Z,
    lastLoginDate: 2023-11-30T13:05:40.465Z,
    status: 'inactive',
    location: 'INDIA',
    area: 'arr',
    mobileno: '7897897899'
  },
  {
    _id: 656889d012494b66847ec1fb,
    email: 'abc@gmail.com',
    name: 'abc',
    mobileno: '123456789',
    createdAt: 2023-11-30T13:10:40.622Z,
    lastLoginDate: 2023-11-30T13:10:40.622Z,
    status: 'active',
    location: 'INDIA',
    area: 'arr'
  },
  {
    _id: 656889d412494b66847ec1ff,
    email: 'abc@gmail.com',
    name: 'abc',
    mobileno: '123456789',
    createdAt: 2023-11-30T13:10:44.787Z,
    lastLoginDate: 2023-11-30T13:10:44.787Z,
    status: 'active',
    location: 'INDIA',
    area: 'arr'
  }
]
[2023-12-01T12:29:59.620] [INFO] development - admin/dahboard.js post dahboard  error =>  {
  _id: 656888a4bbf0613b541bb146,
  email: 'abc@gmail.com',
  password: '',
  name: 'abc',
  createdAt: 2023-11-30T13:05:40.465Z,
  lastLoginDate: 2023-11-30T13:05:40.465Z,
  status: 'inactive',
  location: 'INDIA',
  area: 'arr',
  mobileno: '7897897899'
}
[2023-12-01T12:30:01.638] [INFO] development - admin/dahboard.js post dahboard  error =>  {
  _id: 656888a4bbf0613b541bb146,
  email: 'abc@gmail.com',
  password: '',
  name: 'abc',
  createdAt: 2023-11-30T13:05:40.465Z,
  lastLoginDate: 2023-11-30T13:05:40.465Z,
  status: 'active',
  location: 'INDIA',
  area: 'arr',
  mobileno: '7897897899'
}
[2023-12-01T12:30:01.678] [INFO] development - admin/dahboard.js post dahboard  error =>  [
  {
    _id: 656863f67c8ba49e99f37171,
    email: 'agent1@gmial.com',
    name: 'agent233',
    mobileno: '8866675411',
    status: 'active',
    location: 'India',
    area: 'Local',
    createdAt: 2023-12-01T07:00:01.677Z,
    lastLoginDate: 2023-12-01T07:00:01.677Z
  },
  {
    _id: 656888a4bbf0613b541bb146,
    email: 'abc@gmail.com',
    name: 'abc',
    createdAt: 2023-11-30T13:05:40.465Z,
    lastLoginDate: 2023-11-30T13:05:40.465Z,
    status: 'active',
    location: 'INDIA',
    area: 'arr',
    mobileno: '7897897899'
  },
  {
    _id: 656889d012494b66847ec1fb,
    email: 'abc@gmail.com',
    name: 'abc',
    mobileno: '123456789',
    createdAt: 2023-11-30T13:10:40.622Z,
    lastLoginDate: 2023-11-30T13:10:40.622Z,
    status: 'active',
    location: 'INDIA',
    area: 'arr'
  },
  {
    _id: 656889d412494b66847ec1ff,
    email: 'abc@gmail.com',
    name: 'abc',
    mobileno: '123456789',
    createdAt: 2023-11-30T13:10:44.787Z,
    lastLoginDate: 2023-11-30T13:10:44.787Z,
    status: 'active',
    location: 'INDIA',
    area: 'arr'
  }
]
[2023-12-01T12:30:04.199] [INFO] development - admin/dahboard.js post dahboard  error =>  {
  _id: 656889d012494b66847ec1fb,
  email: 'abc@gmail.com',
  password: '1234',
  name: 'abc',
  mobileno: '123456789',
  createdAt: 2023-11-30T13:10:40.622Z,
  lastLoginDate: 2023-11-30T13:10:40.622Z,
  status: 'active',
  location: 'INDIA',
  area: 'arr'
}
[2023-12-01T12:30:08.688] [INFO] development - admin/dahboard.js post dahboard  error =>  {
  _id: 656889d012494b66847ec1fb,
  email: 'abc@gmail.com',
  password: 'ioioioio',
  name: 'abc',
  mobileno: '123456789',
  createdAt: 2023-11-30T13:10:40.622Z,
  lastLoginDate: 2023-11-30T13:10:40.622Z,
  status: 'active',
  location: 'INDIA',
  area: 'arr'
}
[2023-12-01T12:30:08.735] [INFO] development - admin/dahboard.js post dahboard  error =>  [
  {
    _id: 656863f67c8ba49e99f37171,
    email: 'agent1@gmial.com',
    name: 'agent233',
    mobileno: '8866675411',
    status: 'active',
    location: 'India',
    area: 'Local',
    createdAt: 2023-12-01T07:00:08.734Z,
    lastLoginDate: 2023-12-01T07:00:08.734Z
  },
  {
    _id: 656888a4bbf0613b541bb146,
    email: 'abc@gmail.com',
    name: 'abc',
    createdAt: 2023-11-30T13:05:40.465Z,
    lastLoginDate: 2023-11-30T13:05:40.465Z,
    status: 'active',
    location: 'INDIA',
    area: 'arr',
    mobileno: '7897897899'
  },
  {
    _id: 656889d012494b66847ec1fb,
    email: 'abc@gmail.com',
    name: 'abc',
    mobileno: '123456789',
    createdAt: 2023-11-30T13:10:40.622Z,
    lastLoginDate: 2023-11-30T13:10:40.622Z,
    status: 'active',
    location: 'INDIA',
    area: 'arr'
  },
  {
    _id: 656889d412494b66847ec1ff,
    email: 'abc@gmail.com',
    name: 'abc',
    mobileno: '123456789',
    createdAt: 2023-11-30T13:10:44.787Z,
    lastLoginDate: 2023-11-30T13:10:44.787Z,
    status: 'active',
    location: 'INDIA',
    area: 'arr'
  }
]
[2023-12-01T12:30:11.661] [INFO] development - admin/dahboard.js post dahboard  error =>  {
  _id: 656889d412494b66847ec1ff,
  email: 'abc@gmail.com',
  password: '1234',
  name: 'abc',
  mobileno: '123456789',
  createdAt: 2023-11-30T13:10:44.787Z,
  lastLoginDate: 2023-11-30T13:10:44.787Z,
  status: 'active',
  location: 'INDIA',
  area: 'arr'
}
[2023-12-01T12:30:17.557] [INFO] development - admin/dahboard.js post dahboard  error =>  {
  _id: 656889d412494b66847ec1ff,
  email: 'abc@gmail.com',
  password: '1234',
  name: 'abc',
  mobileno: '123456789',
  createdAt: 2023-11-30T13:10:44.787Z,
  lastLoginDate: 2023-11-30T13:10:44.787Z,
  status: 'active',
  location: 'GUUUUu',
  area: 'arr'
}
[2023-12-01T12:30:17.599] [INFO] development - admin/dahboard.js post dahboard  error =>  [
  {
    _id: 656863f67c8ba49e99f37171,
    email: 'agent1@gmial.com',
    name: 'agent233',
    mobileno: '8866675411',
    status: 'active',
    location: 'India',
    area: 'Local',
    createdAt: 2023-12-01T07:00:17.598Z,
    lastLoginDate: 2023-12-01T07:00:17.598Z
  },
  {
    _id: 656888a4bbf0613b541bb146,
    email: 'abc@gmail.com',
    name: 'abc',
    createdAt: 2023-11-30T13:05:40.465Z,
    lastLoginDate: 2023-11-30T13:05:40.465Z,
    status: 'active',
    location: 'INDIA',
    area: 'arr',
    mobileno: '7897897899'
  },
  {
    _id: 656889d012494b66847ec1fb,
    email: 'abc@gmail.com',
    name: 'abc',
    mobileno: '123456789',
    createdAt: 2023-11-30T13:10:40.622Z,
    lastLoginDate: 2023-11-30T13:10:40.622Z,
    status: 'active',
    location: 'INDIA',
    area: 'arr'
  },
  {
    _id: 656889d412494b66847ec1ff,
    email: 'abc@gmail.com',
    name: 'abc',
    mobileno: '123456789',
    createdAt: 2023-11-30T13:10:44.787Z,
    lastLoginDate: 2023-11-30T13:10:44.787Z,
    status: 'active',
    location: 'GUUUUu',
    area: 'arr'
  }
]
[2023-12-01T12:30:46.298] [INFO] development - admin/dahboard.js post dahboard  error =>  [
  {
    counters: { totalMatch: 0 },
    status: '',
    isVIP: 1,
    _id: 65688e8b3382766c1052f797,
    id: 1,
    username: 'USER_1',
    mobileNumber: '912728937127',
    chips: 20000,
    referralCode: '',
    lastLoginDate: 2023-11-30T13:30:51.581Z,
    createdAt: 2023-11-30T13:30:51.581Z
  },
  {
    counters: { totalMatch: 0 },
    status: '',
    isVIP: 1,
    _id: 65688ed93382766c1052f79e,
    id: 2,
    username: 'USER_2',
    mobileNumber: '913846608068',
    chips: 20000,
    referralCode: '',
    lastLoginDate: 2023-11-30T13:32:09.454Z,
    createdAt: 2023-11-30T13:32:09.454Z
  },
  {
    counters: { totalMatch: 0 },
    status: '',
    isVIP: 1,
    _id: 65688ef63382766c1052f7a3,
    id: 3,
    username: 'USER_3',
    mobileNumber: '911476328856',
    chips: 20000,
    referralCode: '',
    lastLoginDate: 2023-11-30T13:32:38.445Z,
    createdAt: 2023-11-30T13:32:38.445Z
  },
  {
    counters: { totalMatch: 0 },
    status: '',
    isVIP: 1,
    _id: 65688f413382766c1052f7a9,
    id: 4,
    username: 'USER_4',
    mobileNumber: '911275581457',
    chips: 20000,
    referralCode: '',
    lastLoginDate: 2023-11-30T13:33:53.104Z,
    createdAt: 2023-11-30T13:33:53.104Z
  }
]
[2023-12-01T12:33:35.526] [INFO] development - Server ID : => HTTPServer - Express server listening on port : 2828 date : Fri Dec 01 2023 12:33:35 GMT+0530 (India Standard Time)
[2023-12-01T12:33:35.943] [INFO] development - Mongoose connection open
[2023-12-01T12:33:53.451] [INFO] development - Server ID : => HTTPServer - Express server listening on port : 2828 date : Fri Dec 01 2023 12:33:53 GMT+0530 (India Standard Time)
[2023-12-01T12:33:53.807] [INFO] development - Mongoose connection open
[2023-12-01T12:33:58.166] [INFO] development - Server ID : => HTTPServer - Express server listening on port : 2828 date : Fri Dec 01 2023 12:33:58 GMT+0530 (India Standard Time)
[2023-12-01T12:33:58.532] [INFO] development - Mongoose connection open
[2023-12-01T12:39:48.829] [INFO] development - Server ID : => HTTPServer - Express server listening on port : 2828 date : Fri Dec 01 2023 12:39:48 GMT+0530 (India Standard Time)
[2023-12-01T12:39:49.234] [INFO] development - Mongoose connection open
[2023-12-01T12:39:55.257] [INFO] development - Server ID : => HTTPServer - Express server listening on port : 2828 date : Fri Dec 01 2023 12:39:55 GMT+0530 (India Standard Time)
[2023-12-01T12:39:55.633] [INFO] development - Mongoose connection open
[2023-12-01T12:40:06.837] [INFO] development - Server ID : => HTTPServer - Express server listening on port : 2828 date : Fri Dec 01 2023 12:40:06 GMT+0530 (India Standard Time)
[2023-12-01T12:40:07.201] [INFO] development - Mongoose connection open
[2023-12-01T12:40:10.217] [INFO] development - Server ID : => HTTPServer - Express server listening on port : 2828 date : Fri Dec 01 2023 12:40:10 GMT+0530 (India Standard Time)
[2023-12-01T12:40:10.580] [INFO] development - Mongoose connection open
[2023-12-01T12:40:30.836] [INFO] development - Server ID : => HTTPServer - Express server listening on port : 2828 date : Fri Dec 01 2023 12:40:30 GMT+0530 (India Standard Time)
[2023-12-01T12:40:31.186] [INFO] development - Mongoose connection open
[2023-12-01T12:40:34.165] [INFO] development - Server ID : => HTTPServer - Express server listening on port : 2828 date : Fri Dec 01 2023 12:40:34 GMT+0530 (India Standard Time)
[2023-12-01T12:40:34.536] [INFO] development - Mongoose connection open
[2023-12-01T12:40:52.070] [INFO] development - Server ID : => HTTPServer - Express server listening on port : 2828 date : Fri Dec 01 2023 12:40:52 GMT+0530 (India Standard Time)
[2023-12-01T12:40:52.480] [INFO] development - Mongoose connection open
[2023-12-01T12:40:54.798] [INFO] development - Server ID : => HTTPServer - Express server listening on port : 2828 date : Fri Dec 01 2023 12:40:54 GMT+0530 (India Standard Time)
[2023-12-01T12:40:55.192] [INFO] development - Mongoose connection open
[2023-12-01T12:41:02.811] [INFO] development - Server ID : => HTTPServer - Express server listening on port : 2828 date : Fri Dec 01 2023 12:41:02 GMT+0530 (India Standard Time)
[2023-12-01T12:41:04.188] [INFO] development - Mongoose connection open
[2023-12-01T12:41:08.649] [INFO] development - Server ID : => HTTPServer - Express server listening on port : 2828 date : Fri Dec 01 2023 12:41:08 GMT+0530 (India Standard Time)
[2023-12-01T12:41:09.054] [INFO] development - Mongoose connection open
[2023-12-01T12:41:19.152] [INFO] development - Server ID : => HTTPServer - Express server listening on port : 2828 date : Fri Dec 01 2023 12:41:19 GMT+0530 (India Standard Time)
[2023-12-01T12:41:21.061] [INFO] development - Server ID : => HTTPServer - Express server listening on port : 2828 date : Fri Dec 01 2023 12:41:21 GMT+0530 (India Standard Time)
[2023-12-01T12:41:21.448] [INFO] development - Mongoose connection open
[2023-12-01T12:42:00.450] [INFO] development - Server ID : => HTTPServer - Express server listening on port : 2828 date : Fri Dec 01 2023 12:42:00 GMT+0530 (India Standard Time)
[2023-12-01T12:42:00.870] [INFO] development - Mongoose connection open
[2023-12-01T12:45:10.681] [INFO] development - Server ID : => HTTPServer - Express server listening on port : 2828 date : Fri Dec 01 2023 12:45:10 GMT+0530 (India Standard Time)
[2023-12-01T12:45:11.283] [INFO] development - Mongoose connection open
[2023-12-01T12:45:35.458] [INFO] development - Server ID : => HTTPServer - Express server listening on port : 2828 date : Fri Dec 01 2023 12:45:35 GMT+0530 (India Standard Time)
[2023-12-01T12:45:35.845] [INFO] development - Mongoose connection open
[2023-12-01T12:49:48.543] [INFO] development - admin/dahboard.js post dahboard  error =>  [
  {
    _id: 656984ed5965c5b1fdbcdb51,
    email: 'shop@gmial.com',
    name: 'shop233',
    mobileno: '8866675411',
    status: 'active',
    lastLoginDate: 'Date.now',
    location: 'India',
    area: 'Local',
    createdAt: 2023-12-01T07:19:48.542Z
  }
]
[2023-12-01T12:50:01.677] [INFO] development - admin/dahboard.js post dahboard  error =>  [
  {
    _id: 656984ed5965c5b1fdbcdb51,
    email: 'shop@gmial.com',
    name: 'shop233',
    mobileno: '8866675411',
    status: 'active',
    lastLoginDate: 'Date.now',
    location: 'India',
    area: 'Local',
    createdAt: 2023-12-01T07:20:01.677Z
  }
]
[2023-12-01T12:50:22.506] [INFO] development - admin/dahboard.js post dahboard  error =>  [
  {
    _id: 656984ed5965c5b1fdbcdb51,
    email: 'shop@gmial.com',
    name: 'shop233',
    mobileno: '8866675411',
    status: 'active',
    lastLoginDate: 'Date.now',
    location: 'India',
    area: 'Local',
    createdAt: 2023-12-01T07:20:22.506Z
  }
]
[2023-12-01T12:50:26.533] [INFO] development - admin/dahboard.js post dahboard  error =>  [
  {
    _id: 656984ed5965c5b1fdbcdb51,
    email: 'shop@gmial.com',
    name: 'shop233',
    mobileno: '8866675411',
    status: 'active',
    lastLoginDate: 'Date.now',
    location: 'India',
    area: 'Local',
    createdAt: 2023-12-01T07:20:26.533Z
  }
]
[2023-12-01T12:50:51.546] [INFO] development - admin/dahboard.js post dahboard  error =>  [
  {
    _id: 656984ed5965c5b1fdbcdb51,
    email: 'shop@gmial.com',
    name: 'shop233',
    mobileno: '8866675411',
    status: 'active',
    lastLoginDate: 'Date.now',
    location: 'India',
    area: 'Local',
    createdAt: 2023-12-01T07:20:51.546Z
  }
]
[2023-12-01T12:51:02.533] [INFO] development - admin/dahboard.js post dahboard  error =>  [
  {
    _id: 656984ed5965c5b1fdbcdb51,
    email: 'shop@gmial.com',
    name: 'shop233',
    mobileno: '8866675411',
    status: 'active',
    lastLoginDate: 'Date.now',
    location: 'India',
    area: 'Local',
    createdAt: 2023-12-01T07:21:02.532Z
  }
]
[2023-12-01T12:51:18.503] [INFO] development - admin/dahboard.js post dahboard  error =>  [
  {
    _id: 656984ed5965c5b1fdbcdb51,
    email: 'shop@gmial.com',
    name: 'shop233',
    mobileno: '8866675411',
    status: 'active',
    lastLoginDate: 'Date.now',
    location: 'India',
    area: 'Local',
    createdAt: 2023-12-01T07:21:18.503Z
  }
]
[2023-12-01T13:59:24.504] [INFO] development - admin/dahboard.js post dahboard  error =>  [
  {
    _id: 656984ed5965c5b1fdbcdb51,
    email: 'shop@gmial.com',
    name: 'shop233',
    mobileno: '8866675411',
    status: 'active',
    lastLoginDate: 'Date.now',
    location: 'India',
    area: 'Local',
    createdAt: 2023-12-01T08:29:24.504Z
  }
]
[2023-12-01T14:05:32.516] [INFO] development - admin/dahboard.js post dahboard  error =>  [
  {
    _id: 656984ed5965c5b1fdbcdb51,
    email: 'shop@gmial.com',
    name: 'shop233',
    mobileno: '8866675411',
    status: 'active',
    lastLoginDate: 'Date.now',
    location: 'India',
    area: 'Local',
    createdAt: 2023-12-01T08:35:32.515Z
  }
]
[2023-12-01T14:09:54.605] [INFO] development - admin/dahboard.js post dahboard  error =>  [
  {
    _id: 656984ed5965c5b1fdbcdb51,
    email: 'shop@gmial.com',
    name: 'shop233',
    mobileno: '8866675411',
    status: 'active',
    lastLoginDate: 'Date.now',
    location: 'India',
    area: 'Local',
    createdAt: 2023-12-01T08:39:54.605Z
  }
]
[2023-12-01T14:10:08.186] [INFO] development - admin/dahboard.js post dahboard  error =>  [
  {
    _id: 656984ed5965c5b1fdbcdb51,
    email: 'shop@gmial.com',
    name: 'shop233',
    mobileno: '8866675411',
    status: 'active',
    lastLoginDate: 'Date.now',
    location: 'India',
    area: 'Local',
    createdAt: 2023-12-01T08:40:08.186Z
  }
]
[2023-12-01T14:10:27.641] [INFO] development - admin/dahboard.js post dahboard  error =>  [
  {
    _id: 656984ed5965c5b1fdbcdb51,
    email: 'shop@gmial.com',
    name: 'shop233',
    mobileno: '8866675411',
    status: 'active',
    lastLoginDate: 'Date.now',
    location: 'India',
    area: 'Local',
    createdAt: 2023-12-01T08:40:27.641Z
  }
]
[2023-12-01T14:10:29.058] [INFO] development - admin/dahboard.js post dahboard  error =>  [
  {
    _id: 656863f67c8ba49e99f37171,
    email: 'agent1@gmial.com',
    name: 'agent233',
    mobileno: '8866675411',
    status: 'active',
    location: 'India',
    area: 'Local',
    createdAt: 2023-12-01T08:40:29.057Z,
    lastLoginDate: 2023-12-01T08:40:29.057Z
  },
  {
    _id: 656888a4bbf0613b541bb146,
    email: 'abc@gmail.com',
    name: 'abc',
    createdAt: 2023-11-30T13:05:40.465Z,
    lastLoginDate: 2023-11-30T13:05:40.465Z,
    status: 'active',
    location: 'INDIA',
    area: 'arr',
    mobileno: '7897897899'
  },
  {
    _id: 656889d012494b66847ec1fb,
    email: 'abc@gmail.com',
    name: 'abc',
    mobileno: '123456789',
    createdAt: 2023-11-30T13:10:40.622Z,
    lastLoginDate: 2023-11-30T13:10:40.622Z,
    status: 'active',
    location: 'INDIA',
    area: 'arr'
  },
  {
    _id: 656889d412494b66847ec1ff,
    email: 'abc@gmail.com',
    name: 'abc',
    mobileno: '123456789',
    createdAt: 2023-11-30T13:10:44.787Z,
    lastLoginDate: 2023-11-30T13:10:44.787Z,
    status: 'active',
    location: 'GUUUUu',
    area: 'arr'
  }
]
[2023-12-01T14:10:29.686] [INFO] development - admin/dahboard.js post dahboard  error =>  [
  {
    _id: 656984ed5965c5b1fdbcdb51,
    email: 'shop@gmial.com',
    name: 'shop233',
    mobileno: '8866675411',
    status: 'active',
    lastLoginDate: 'Date.now',
    location: 'India',
    area: 'Local',
    createdAt: 2023-12-01T08:40:29.686Z
  }
]
[2023-12-01T14:10:42.120] [INFO] development - admin/dahboard.js post dahboard  error =>  {
  _id: 65699c0a4d34510130ab43f2,
  email: 'admin@sisugamz.com',
  password: '1233455',
  name: 'test robot',
  mobileno: '2342343443',
  createdAt: 2023-12-01T08:40:42.075Z,
  location: '234234342',
  area: '334334',
  modifiedAt: 2023-12-01T08:40:42.079Z
}
[2023-12-01T14:10:42.164] [INFO] development - admin/dahboard.js post dahboard  error =>  [
  {
    _id: 656984ed5965c5b1fdbcdb51,
    email: 'shop@gmial.com',
    name: 'shop233',
    mobileno: '8866675411',
    status: 'active',
    lastLoginDate: 'Date.now',
    location: 'India',
    area: 'Local',
    createdAt: 2023-12-01T08:40:42.164Z
  },
  {
    _id: 65699c0a4d34510130ab43f2,
    email: 'admin@sisugamz.com',
    name: 'test robot',
    mobileno: '2342343443',
    createdAt: 2023-12-01T08:40:42.075Z,
    location: '234234342',
    area: '334334'
  }
]
[2023-12-01T14:11:02.433] [INFO] development - admin/dahboard.js post dahboard  error =>  [
  {
    _id: 656984ed5965c5b1fdbcdb51,
    email: 'shop@gmial.com',
    name: 'shop233',
    mobileno: '8866675411',
    status: 'active',
    lastLoginDate: 'Date.now',
    location: 'India',
    area: 'Local',
    createdAt: 2023-12-01T08:41:02.432Z
  },
  {
    _id: 65699c0a4d34510130ab43f2,
    email: 'admin@sisugamz.com',
    name: 'test robot',
    mobileno: '2342343443',
    createdAt: 2023-12-01T08:40:42.075Z,
    location: '234234342',
    area: '334334'
  }
]
[2023-12-01T14:12:15.306] [INFO] development - Server ID : => HTTPServer - Express server listening on port : 2828 date : Fri Dec 01 2023 14:12:15 GMT+0530 (India Standard Time)
[2023-12-01T14:12:15.938] [INFO] development - Mongoose connection open
[2023-12-01T14:14:47.140] [INFO] development - admin/dahboard.js post dahboard  error =>  [
  {
    _id: 656984ed5965c5b1fdbcdb51,
    email: 'shop@gmial.com',
    name: 'shop233',
    mobileno: '8866675411',
    status: 'active',
    lastLoginDate: 'Date.now',
    location: 'India',
    area: 'Local',
    createdAt: 2023-12-01T08:44:47.139Z
  },
  {
    _id: 65699c0a4d34510130ab43f2,
    email: 'admin@sisugamz.com',
    name: 'test robot',
    mobileno: '2342343443',
    createdAt: 2023-12-01T08:40:42.075Z,
    location: '234234342',
    area: '334334'
  }
]
[2023-12-01T14:15:01.506] [INFO] development - admin/dahboard.js post dahboard  error =>  {
  _id: 65699d0db058cd0fa85dff3e,
  email: 'admin@sisugamz.com',
  password: '111111111',
  name: 'shop',
  mobileno: '1111111111',
  createdAt: 2023-12-01T08:45:01.451Z,
  status: 'active',
  location: '1111111111111',
  area: '1111111111111',
  modifiedAt: 2023-12-01T08:45:01.456Z
}
[2023-12-01T14:15:01.553] [INFO] development - admin/dahboard.js post dahboard  error =>  [
  {
    _id: 656984ed5965c5b1fdbcdb51,
    email: 'shop@gmial.com',
    name: 'shop233',
    mobileno: '8866675411',
    status: 'active',
    lastLoginDate: 'Date.now',
    location: 'India',
    area: 'Local',
    createdAt: 2023-12-01T08:45:01.552Z
  },
  {
    _id: 65699c0a4d34510130ab43f2,
    email: 'admin@sisugamz.com',
    name: 'test robot',
    mobileno: '2342343443',
    createdAt: 2023-12-01T08:40:42.075Z,
    location: '234234342',
    area: '334334'
  },
  {
    _id: 65699d0db058cd0fa85dff3e,
    email: 'admin@sisugamz.com',
    name: 'shop',
    mobileno: '1111111111',
    createdAt: 2023-12-01T08:45:01.451Z,
    status: 'active',
    location: '1111111111111',
    area: '1111111111111'
  }
]
[2023-12-01T14:15:21.430] [INFO] development - Server ID : => HTTPServer - Express server listening on port : 2828 date : Fri Dec 01 2023 14:15:21 GMT+0530 (India Standard Time)
[2023-12-01T14:15:21.812] [INFO] development - Mongoose connection open
[2023-12-01T14:15:42.066] [INFO] development - admin/dahboard.js post dahboard  error =>  {
  _id: 65699d36c251c063a8b9a6f8,
  email: 'iankitkhatrani00@gmail.com',
  password: 'itt',
  name: 'shopiiiii',
  mobileno: 'asddssd',
  createdAt: 2023-12-01T08:45:42.021Z,
  lastLoginDate: 2023-12-01T08:45:42.021Z,
  status: 'active',
  location: 'tititititi',
  area: 'titititiit'
}
[2023-12-01T14:15:42.139] [INFO] development - admin/dahboard.js post dahboard  error =>  [
  {
    _id: 656984ed5965c5b1fdbcdb51,
    email: 'shop@gmial.com',
    name: 'shop233',
    mobileno: '8866675411',
    status: 'active',
    location: 'India',
    area: 'Local',
    createdAt: 2023-12-01T08:45:42.137Z,
    lastLoginDate: 2023-12-01T08:45:42.138Z
  },
  {
    _id: 65699c0a4d34510130ab43f2,
    email: 'admin@sisugamz.com',
    name: 'test robot',
    mobileno: '2342343443',
    createdAt: 2023-12-01T08:40:42.075Z,
    location: '234234342',
    area: '334334',
    lastLoginDate: 2023-12-01T08:45:42.138Z
  },
  {
    _id: 65699d0db058cd0fa85dff3e,
    email: 'admin@sisugamz.com',
    name: 'shop',
    mobileno: '1111111111',
    createdAt: 2023-12-01T08:45:01.451Z,
    status: 'active',
    location: '1111111111111',
    area: '1111111111111',
    lastLoginDate: 2023-12-01T08:45:42.139Z
  },
  {
    _id: 65699d36c251c063a8b9a6f8,
    email: 'iankitkhatrani00@gmail.com',
    name: 'shopiiiii',
    mobileno: 'asddssd',
    createdAt: 2023-12-01T08:45:42.021Z,
    lastLoginDate: 2023-12-01T08:45:42.021Z,
    status: 'active',
    location: 'tititititi',
    area: 'titititiit'
  }
]
[2023-12-01T14:15:54.216] [INFO] development - admin/dahboard.js post dahboard  error =>  {
  n: 0,
  electionId: 7fffffff0000000000000004,
  opTime: {
    ts: Timestamp { _bsontype: 'Timestamp', low_: 7, high_: 1701420353 },
    t: 4
  },
  ok: 1,
  '$clusterTime': {
    clusterTime: Timestamp { _bsontype: 'Timestamp', low_: 7, high_: 1701420353 },
    signature: { hash: [Binary], keyId: [Long] }
  },
  operationTime: Timestamp { _bsontype: 'Timestamp', low_: 7, high_: 1701420353 },
  deletedCount: 0
}
[2023-12-01T14:15:54.252] [INFO] development - admin/dahboard.js post dahboard  error =>  [
  {
    _id: 656984ed5965c5b1fdbcdb51,
    email: 'shop@gmial.com',
    name: 'shop233',
    mobileno: '8866675411',
    status: 'active',
    location: 'India',
    area: 'Local',
    createdAt: 2023-12-01T08:45:54.252Z,
    lastLoginDate: 2023-12-01T08:45:54.252Z
  },
  {
    _id: 65699c0a4d34510130ab43f2,
    email: 'admin@sisugamz.com',
    name: 'test robot',
    mobileno: '2342343443',
    createdAt: 2023-12-01T08:40:42.075Z,
    location: '234234342',
    area: '334334',
    lastLoginDate: 2023-12-01T08:45:54.252Z
  },
  {
    _id: 65699d0db058cd0fa85dff3e,
    email: 'admin@sisugamz.com',
    name: 'shop',
    mobileno: '1111111111',
    createdAt: 2023-12-01T08:45:01.451Z,
    status: 'active',
    location: '1111111111111',
    area: '1111111111111',
    lastLoginDate: 2023-12-01T08:45:54.252Z
  },
  {
    _id: 65699d36c251c063a8b9a6f8,
    email: 'iankitkhatrani00@gmail.com',
    name: 'shopiiiii',
    mobileno: 'asddssd',
    createdAt: 2023-12-01T08:45:42.021Z,
    lastLoginDate: 2023-12-01T08:45:42.021Z,
    status: 'active',
    location: 'tititititi',
    area: 'titititiit'
  }
]
[2023-12-01T14:15:56.725] [INFO] development - admin/dahboard.js post dahboard  error =>  {
  n: 0,
  electionId: 7fffffff0000000000000004,
  opTime: {
    ts: Timestamp { _bsontype: 'Timestamp', low_: 2, high_: 1701420356 },
    t: 4
  },
  ok: 1,
  '$clusterTime': {
    clusterTime: Timestamp { _bsontype: 'Timestamp', low_: 2, high_: 1701420356 },
    signature: { hash: [Binary], keyId: [Long] }
  },
  operationTime: Timestamp { _bsontype: 'Timestamp', low_: 2, high_: 1701420356 },
  deletedCount: 0
}
[2023-12-01T14:15:56.758] [INFO] development - admin/dahboard.js post dahboard  error =>  [
  {
    _id: 656984ed5965c5b1fdbcdb51,
    email: 'shop@gmial.com',
    name: 'shop233',
    mobileno: '8866675411',
    status: 'active',
    location: 'India',
    area: 'Local',
    createdAt: 2023-12-01T08:45:56.757Z,
    lastLoginDate: 2023-12-01T08:45:56.757Z
  },
  {
    _id: 65699c0a4d34510130ab43f2,
    email: 'admin@sisugamz.com',
    name: 'test robot',
    mobileno: '2342343443',
    createdAt: 2023-12-01T08:40:42.075Z,
    location: '234234342',
    area: '334334',
    lastLoginDate: 2023-12-01T08:45:56.757Z
  },
  {
    _id: 65699d0db058cd0fa85dff3e,
    email: 'admin@sisugamz.com',
    name: 'shop',
    mobileno: '1111111111',
    createdAt: 2023-12-01T08:45:01.451Z,
    status: 'active',
    location: '1111111111111',
    area: '1111111111111',
    lastLoginDate: 2023-12-01T08:45:56.757Z
  },
  {
    _id: 65699d36c251c063a8b9a6f8,
    email: 'iankitkhatrani00@gmail.com',
    name: 'shopiiiii',
    mobileno: 'asddssd',
    createdAt: 2023-12-01T08:45:42.021Z,
    lastLoginDate: 2023-12-01T08:45:42.021Z,
    status: 'active',
    location: 'tititititi',
    area: 'titititiit'
  }
]
[2023-12-01T14:15:56.969] [INFO] development - admin/dahboard.js post dahboard  error =>  {
  n: 0,
  electionId: 7fffffff0000000000000004,
  opTime: {
    ts: Timestamp { _bsontype: 'Timestamp', low_: 4, high_: 1701420356 },
    t: 4
  },
  ok: 1,
  '$clusterTime': {
    clusterTime: Timestamp { _bsontype: 'Timestamp', low_: 4, high_: 1701420356 },
    signature: { hash: [Binary], keyId: [Long] }
  },
  operationTime: Timestamp { _bsontype: 'Timestamp', low_: 4, high_: 1701420356 },
  deletedCount: 0
}
[2023-12-01T14:15:57.004] [INFO] development - admin/dahboard.js post dahboard  error =>  [
  {
    _id: 656984ed5965c5b1fdbcdb51,
    email: 'shop@gmial.com',
    name: 'shop233',
    mobileno: '8866675411',
    status: 'active',
    location: 'India',
    area: 'Local',
    createdAt: 2023-12-01T08:45:57.002Z,
    lastLoginDate: 2023-12-01T08:45:57.002Z
  },
  {
    _id: 65699c0a4d34510130ab43f2,
    email: 'admin@sisugamz.com',
    name: 'test robot',
    mobileno: '2342343443',
    createdAt: 2023-12-01T08:40:42.075Z,
    location: '234234342',
    area: '334334',
    lastLoginDate: 2023-12-01T08:45:57.002Z
  },
  {
    _id: 65699d0db058cd0fa85dff3e,
    email: 'admin@sisugamz.com',
    name: 'shop',
    mobileno: '1111111111',
    createdAt: 2023-12-01T08:45:01.451Z,
    status: 'active',
    location: '1111111111111',
    area: '1111111111111',
    lastLoginDate: 2023-12-01T08:45:57.003Z
  },
  {
    _id: 65699d36c251c063a8b9a6f8,
    email: 'iankitkhatrani00@gmail.com',
    name: 'shopiiiii',
    mobileno: 'asddssd',
    createdAt: 2023-12-01T08:45:42.021Z,
    lastLoginDate: 2023-12-01T08:45:42.021Z,
    status: 'active',
    location: 'tititititi',
    area: 'titititiit'
  }
]
[2023-12-01T14:15:57.156] [INFO] development - admin/dahboard.js post dahboard  error =>  {
  n: 0,
  electionId: 7fffffff0000000000000004,
  opTime: {
    ts: Timestamp { _bsontype: 'Timestamp', low_: 6, high_: 1701420356 },
    t: 4
  },
  ok: 1,
  '$clusterTime': {
    clusterTime: Timestamp { _bsontype: 'Timestamp', low_: 6, high_: 1701420356 },
    signature: { hash: [Binary], keyId: [Long] }
  },
  operationTime: Timestamp { _bsontype: 'Timestamp', low_: 6, high_: 1701420356 },
  deletedCount: 0
}
[2023-12-01T14:15:57.192] [INFO] development - admin/dahboard.js post dahboard  error =>  [
  {
    _id: 656984ed5965c5b1fdbcdb51,
    email: 'shop@gmial.com',
    name: 'shop233',
    mobileno: '8866675411',
    status: 'active',
    location: 'India',
    area: 'Local',
    createdAt: 2023-12-01T08:45:57.192Z,
    lastLoginDate: 2023-12-01T08:45:57.192Z
  },
  {
    _id: 65699c0a4d34510130ab43f2,
    email: 'admin@sisugamz.com',
    name: 'test robot',
    mobileno: '2342343443',
    createdAt: 2023-12-01T08:40:42.075Z,
    location: '234234342',
    area: '334334',
    lastLoginDate: 2023-12-01T08:45:57.192Z
  },
  {
    _id: 65699d0db058cd0fa85dff3e,
    email: 'admin@sisugamz.com',
    name: 'shop',
    mobileno: '1111111111',
    createdAt: 2023-12-01T08:45:01.451Z,
    status: 'active',
    location: '1111111111111',
    area: '1111111111111',
    lastLoginDate: 2023-12-01T08:45:57.192Z
  },
  {
    _id: 65699d36c251c063a8b9a6f8,
    email: 'iankitkhatrani00@gmail.com',
    name: 'shopiiiii',
    mobileno: 'asddssd',
    createdAt: 2023-12-01T08:45:42.021Z,
    lastLoginDate: 2023-12-01T08:45:42.021Z,
    status: 'active',
    location: 'tititititi',
    area: 'titititiit'
  }
]
[2023-12-01T14:17:48.561] [INFO] development - Server ID : => HTTPServer - Express server listening on port : 2828 date : Fri Dec 01 2023 14:17:48 GMT+0530 (India Standard Time)
[2023-12-01T14:17:48.936] [INFO] development - Mongoose connection open
[2023-12-01T14:18:58.535] [INFO] development - admin/dahboard.js post dahboard  error =>  [
  {
    _id: 656984ed5965c5b1fdbcdb51,
    email: 'shop@gmial.com',
    name: 'shop233',
    mobileno: '8866675411',
    status: 'active',
    location: 'India',
    area: 'Local',
    createdAt: 2023-12-01T08:48:58.533Z,
    lastLoginDate: 2023-12-01T08:48:58.533Z
  },
  {
    _id: 65699c0a4d34510130ab43f2,
    email: 'admin@sisugamz.com',
    name: 'test robot',
    mobileno: '2342343443',
    createdAt: 2023-12-01T08:40:42.075Z,
    location: '234234342',
    area: '334334',
    lastLoginDate: 2023-12-01T08:48:58.534Z
  },
  {
    _id: 65699d0db058cd0fa85dff3e,
    email: 'admin@sisugamz.com',
    name: 'shop',
    mobileno: '1111111111',
    createdAt: 2023-12-01T08:45:01.451Z,
    status: 'active',
    location: '1111111111111',
    area: '1111111111111',
    lastLoginDate: 2023-12-01T08:48:58.534Z
  },
  {
    _id: 65699d36c251c063a8b9a6f8,
    email: 'iankitkhatrani00@gmail.com',
    name: 'shopiiiii',
    mobileno: 'asddssd',
    createdAt: 2023-12-01T08:45:42.021Z,
    lastLoginDate: 2023-12-01T08:45:42.021Z,
    status: 'active',
    location: 'tititititi',
    area: 'titititiit'
  }
]
[2023-12-01T14:19:02.515] [INFO] development - admin/dahboard.js post dahboard  error =>  [
  {
    _id: 656984ed5965c5b1fdbcdb51,
    email: 'shop@gmial.com',
    name: 'shop233',
    mobileno: '8866675411',
    status: 'active',
    location: 'India',
    area: 'Local',
    createdAt: 2023-12-01T08:49:02.514Z,
    lastLoginDate: 2023-12-01T08:49:02.514Z
  },
  {
    _id: 65699c0a4d34510130ab43f2,
    email: 'admin@sisugamz.com',
    name: 'test robot',
    mobileno: '2342343443',
    createdAt: 2023-12-01T08:40:42.075Z,
    location: '234234342',
    area: '334334',
    lastLoginDate: 2023-12-01T08:49:02.515Z
  },
  {
    _id: 65699d0db058cd0fa85dff3e,
    email: 'admin@sisugamz.com',
    name: 'shop',
    mobileno: '1111111111',
    createdAt: 2023-12-01T08:45:01.451Z,
    status: 'active',
    location: '1111111111111',
    area: '1111111111111',
    lastLoginDate: 2023-12-01T08:49:02.515Z
  },
  {
    _id: 65699d36c251c063a8b9a6f8,
    email: 'iankitkhatrani00@gmail.com',
    name: 'shopiiiii',
    mobileno: 'asddssd',
    createdAt: 2023-12-01T08:45:42.021Z,
    lastLoginDate: 2023-12-01T08:45:42.021Z,
    status: 'active',
    location: 'tititititi',
    area: 'titititiit'
  }
]
[2023-12-01T14:19:28.490] [INFO] development - admin/dahboard.js post dahboard  error =>  [
  {
    _id: 656984ed5965c5b1fdbcdb51,
    email: 'shop@gmial.com',
    name: 'shop233',
    mobileno: '8866675411',
    status: 'active',
    location: 'India',
    area: 'Local',
    createdAt: 2023-12-01T08:49:28.490Z,
    lastLoginDate: 2023-12-01T08:49:28.490Z
  },
  {
    _id: 65699c0a4d34510130ab43f2,
    email: 'admin@sisugamz.com',
    name: 'test robot',
    mobileno: '2342343443',
    createdAt: 2023-12-01T08:40:42.075Z,
    location: '234234342',
    area: '334334',
    lastLoginDate: 2023-12-01T08:49:28.490Z
  },
  {
    _id: 65699d0db058cd0fa85dff3e,
    email: 'admin@sisugamz.com',
    name: 'shop',
    mobileno: '1111111111',
    createdAt: 2023-12-01T08:45:01.451Z,
    status: 'active',
    location: '1111111111111',
    area: '1111111111111',
    lastLoginDate: 2023-12-01T08:49:28.490Z
  },
  {
    _id: 65699d36c251c063a8b9a6f8,
    email: 'iankitkhatrani00@gmail.com',
    name: 'shopiiiii',
    mobileno: 'asddssd',
    createdAt: 2023-12-01T08:45:42.021Z,
    lastLoginDate: 2023-12-01T08:45:42.021Z,
    status: 'active',
    location: 'tititititi',
    area: 'titititiit'
  }
]
[2023-12-01T14:19:33.010] [INFO] development - admin/dahboard.js post dahboard  error =>  {
  n: 1,
  electionId: 7fffffff0000000000000004,
  opTime: {
    ts: Timestamp { _bsontype: 'Timestamp', low_: 4, high_: 1701420572 },
    t: 4
  },
  ok: 1,
  '$clusterTime': {
    clusterTime: Timestamp { _bsontype: 'Timestamp', low_: 4, high_: 1701420572 },
    signature: { hash: [Binary], keyId: [Long] }
  },
  operationTime: Timestamp { _bsontype: 'Timestamp', low_: 4, high_: 1701420572 },
  deletedCount: 1
}
[2023-12-01T14:19:33.044] [INFO] development - admin/dahboard.js post dahboard  error =>  [
  {
    _id: 656984ed5965c5b1fdbcdb51,
    email: 'shop@gmial.com',
    name: 'shop233',
    mobileno: '8866675411',
    status: 'active',
    location: 'India',
    area: 'Local',
    createdAt: 2023-12-01T08:49:33.044Z,
    lastLoginDate: 2023-12-01T08:49:33.044Z
  },
  {
    _id: 65699d0db058cd0fa85dff3e,
    email: 'admin@sisugamz.com',
    name: 'shop',
    mobileno: '1111111111',
    createdAt: 2023-12-01T08:45:01.451Z,
    status: 'active',
    location: '1111111111111',
    area: '1111111111111',
    lastLoginDate: 2023-12-01T08:49:33.044Z
  },
  {
    _id: 65699d36c251c063a8b9a6f8,
    email: 'iankitkhatrani00@gmail.com',
    name: 'shopiiiii',
    mobileno: 'asddssd',
    createdAt: 2023-12-01T08:45:42.021Z,
    lastLoginDate: 2023-12-01T08:45:42.021Z,
    status: 'active',
    location: 'tititititi',
    area: 'titititiit'
  }
]
[2023-12-01T14:19:58.923] [INFO] development - admin/dahboard.js post dahboard  error =>  null
[2023-12-01T14:20:17.497] [INFO] development - admin/dahboard.js post dahboard  error =>  null
[2023-12-01T14:20:54.500] [INFO] development - admin/dahboard.js post dahboard  error =>  {
  _id: 656984ed5965c5b1fdbcdb51,
  email: 'shop@gmial.com',
  password: 'Addjlkasdhkasdhk',
  name: 'shop233',
  mobileno: '8866675411',
  status: 'active',
  location: 'India',
  area: 'Local',
  createdAt: 2023-12-01T08:50:54.500Z,
  lastLoginDate: 2023-12-01T08:50:54.500Z
}
[2023-12-01T14:20:59.953] [INFO] development - admin/dahboard.js post dahboard  error =>  {
  _id: 656984ed5965c5b1fdbcdb51,
  email: 'shop@gmial.com',
  password: 'Addjlkasdhkasdhk',
  name: 'shop233',
  mobileno: '8866675411',
  status: 'inactive',
  location: 'India',
  area: 'Local',
  createdAt: 2023-12-01T08:50:59.953Z,
  lastLoginDate: 2023-12-01T08:50:59.953Z
}
[2023-12-01T14:21:00.002] [INFO] development - admin/dahboard.js post dahboard  error =>  [
  {
    _id: 656984ed5965c5b1fdbcdb51,
    email: 'shop@gmial.com',
    name: 'shop233',
    mobileno: '8866675411',
    status: 'inactive',
    location: 'India',
    area: 'Local',
    createdAt: 2023-12-01T08:51:00.002Z,
    lastLoginDate: 2023-12-01T08:51:00.002Z
  },
  {
    _id: 65699d0db058cd0fa85dff3e,
    email: 'admin@sisugamz.com',
    name: 'shop',
    mobileno: '1111111111',
    createdAt: 2023-12-01T08:45:01.451Z,
    status: 'active',
    location: '1111111111111',
    area: '1111111111111',
    lastLoginDate: 2023-12-01T08:51:00.002Z
  },
  {
    _id: 65699d36c251c063a8b9a6f8,
    email: 'iankitkhatrani00@gmail.com',
    name: 'shopiiiii',
    mobileno: 'asddssd',
    createdAt: 2023-12-01T08:45:42.021Z,
    lastLoginDate: 2023-12-01T08:45:42.021Z,
    status: 'active',
    location: 'tititititi',
    area: 'titititiit'
  }
]
[2023-12-01T14:21:05.799] [INFO] development - admin/dahboard.js post dahboard  error =>  [
  {
    counters: { totalMatch: 0 },
    status: '',
    isVIP: 1,
    _id: 65688e8b3382766c1052f797,
    id: 1,
    username: 'USER_1',
    mobileNumber: '912728937127',
    chips: 20000,
    referralCode: '',
    lastLoginDate: 2023-11-30T13:30:51.581Z,
    createdAt: 2023-11-30T13:30:51.581Z
  },
  {
    counters: { totalMatch: 0 },
    status: '',
    isVIP: 1,
    _id: 65688ed93382766c1052f79e,
    id: 2,
    username: 'USER_2',
    mobileNumber: '913846608068',
    chips: 20000,
    referralCode: '',
    lastLoginDate: 2023-11-30T13:32:09.454Z,
    createdAt: 2023-11-30T13:32:09.454Z
  },
  {
    counters: { totalMatch: 0 },
    status: '',
    isVIP: 1,
    _id: 65688ef63382766c1052f7a3,
    id: 3,
    username: 'USER_3',
    mobileNumber: '911476328856',
    chips: 20000,
    referralCode: '',
    lastLoginDate: 2023-11-30T13:32:38.445Z,
    createdAt: 2023-11-30T13:32:38.445Z
  },
  {
    counters: { totalMatch: 0 },
    status: '',
    isVIP: 1,
    _id: 65688f413382766c1052f7a9,
    id: 4,
    username: 'USER_4',
    mobileNumber: '911275581457',
    chips: 20000,
    referralCode: '',
    lastLoginDate: 2023-11-30T13:33:53.104Z,
    createdAt: 2023-11-30T13:33:53.104Z
  }
]
[2023-12-01T14:21:07.237] [INFO] development - admin/dahboard.js post dahboard  error =>  {
  counters: { totalMatch: 0 },
  email: '',
  deviceType: 'Android',
  loginType: 'phone',
  status: '',
  _id: 65688e8b3382766c1052f797,
  id: 1,
  username: 'USER_1',
  mobileNumber: '912728937127',
  uniqueId: 'USER_0000000001',
  chips: 20000,
  referralCode: '',
  lastLoginDate: 2023-11-30T13:30:51.581Z,
  createdAt: 2023-11-30T13:30:51.581Z
}
[2023-12-01T14:21:07.248] [INFO] development - admin/dahboard.js post dahboard  error =>  [
  {
    SrNo: 1,
    DateTime: '2023-10-10 08:30 AM',
    Name: 'Alice',
    PhoneNumber: '123-456-7890',
    RoomId: 'RHRoom1',
    Amount: 100,
    Type: 'Credit',
    Club: 'Club A'
  },
  {
    SrNo: 2,
    DateTime: '2023-10-09 10:15 AM',
    Name: 'Bob',
    PhoneNumber: '987-654-3210',
    RoomId: 'RHRoom2',
    Amount: 50,
    Type: 'Debit',
    Club: 'Club B'
  },
  {
    SrNo: 3,
    DateTime: '2023-10-09 10:15 AM',
    Name: 'Bob',
    PhoneNumber: '987-654-3210',
    RoomId: 'RHRoom2',
    Amount: 50,
    Type: 'Debit',
    Club: 'Club Bd'
  },
  {
    SrNo: 3,
    DateTime: '2023-10-09 10:15 AM',
    Name: 'Bob',
    PhoneNumber: '987-654-3210',
    RoomId: 'RHRoom2',
    Amount: 50,
    Type: 'Debit',
    Club: 'Club Bd'
  }
]
[2023-12-01T14:21:07.262] [INFO] development - admin/dahboard.js post dahboard  error =>  [
  {
    SrNo: 1,
    DateTime: '2023-10-10 08:30 AM',
    Name: 'Alice',
    PhoneNumber: '123-456-7890',
    RoomId: 'CWRoom1',
    Amount: 100,
    Type: 'Credit',
    Club: 'Club A'
  },
  {
    SrNo: 2,
    DateTime: '2023-10-09 10:15 AM',
    Name: 'Bob',
    PhoneNumber: '987-654-3210',
    RoomId: 'CWRoom2',
    Amount: 50,
    Type: 'Debit',
    Club: 'Club B'
  },
  {
    SrNo: 3,
    DateTime: '2023-10-09 10:15 AM',
    Name: 'Bob',
    PhoneNumber: '987-654-3210',
    RoomId: 'CWRoom2',
    Amount: 50,
    Type: 'Debit',
    Club: 'Club Bd'
  }
]
[2023-12-01T14:21:07.283] [INFO] development - admin/dahboard.js post dahboard  error =>  [
  {
    SrNo: 1,
    DateTime: '2023-10-10 08:30 AM',
    Name: 'Alice',
    PhoneNumber: '123-456-7890',
    RoomId: 'CDRoom1',
    Amount: 100,
    Type: 'Credit',
    Club: 'Club A'
  },
  {
    SrNo: 2,
    DateTime: '2023-10-09 10:15 AM',
    Name: 'Bob',
    PhoneNumber: '987-654-3210',
    RoomId: 'CDRoom2',
    Amount: 50,
    Type: 'Debit',
    Club: 'Club B'
  },
  {
    SrNo: 3,
    DateTime: '2023-10-09 10:15 AM',
    Name: 'Bob',
    PhoneNumber: '987-654-3210',
    RoomId: 'CDRoom2',
    Amount: 50,
    Type: 'Debit',
    Club: 'Club Bd'
  }
]
[2023-12-01T14:21:07.304] [INFO] development - admin/dahboard.js post dahboard  error =>  [
  {
    SrNo: 1,
    DateTime: '2023-10-10 08:30 AM',
    Name: 'Alice',
    PhoneNumber: '123-456-7890',
    RoomId: 'RRRoom1',
    Amount: 100,
    Type: 'Credit',
    Club: 'Club A'
  },
  {
    SrNo: 2,
    DateTime: '2023-10-09 10:15 AM',
    Name: 'Bob',
    PhoneNumber: '987-654-3210',
    RoomId: 'RRRoom2',
    Amount: 50,
    Type: 'Debit',
    Club: 'Club B'
  },
  {
    SrNo: 3,
    DateTime: '2023-10-09 10:15 AM',
    Name: 'Bob',
    PhoneNumber: '987-654-3210',
    RoomId: 'RRRoom2',
    Amount: 50,
    Type: 'Debit',
    Club: 'Club Bd'
  }
]
[2023-12-01T14:21:07.321] [INFO] development - admin/dahboard.js post dahboard  error =>  [
  {
    SrNo: 1,
    DateTime: '2023-10-10 08:30 AM',
    Name: 'Alice',
    PhoneNumber: '123-456-7890',
    RoomId: 'MRRoom1',
    Amount: 100,
    Type: 'Credit',
    Club: 'Club A'
  },
  {
    SrNo: 2,
    DateTime: '2023-10-09 10:15 AM',
    Name: 'Bob',
    PhoneNumber: '987-654-3210',
    RoomId: 'MRRoom2',
    Amount: 50,
    Type: 'Debit',
    Club: 'Club B'
  },
  {
    SrNo: 3,
    DateTime: '2023-10-09 10:15 AM',
    Name: 'Bob',
    PhoneNumber: '987-654-3210',
    RoomId: 'MRRoom2',
    Amount: 50,
    Type: 'Debit',
    Club: 'Club Bd'
  }
]
[2023-12-01T14:21:11.905] [INFO] development - admin/dahboard.js post dahboard  error => 
[2023-12-01T14:21:17.624] [INFO] development - admin/dahboard.js post dahboard  error =>  [
  {
    counters: { totalMatch: 0 },
    status: '',
    isVIP: 1,
    _id: 65688e8b3382766c1052f797,
    id: 1,
    username: 'USER_1',
    mobileNumber: '912728937127',
    chips: 20000,
    referralCode: '',
    lastLoginDate: 2023-11-30T13:30:51.581Z,
    createdAt: 2023-11-30T13:30:51.581Z
  },
  {
    counters: { totalMatch: 0 },
    status: '',
    isVIP: 1,
    _id: 65688ed93382766c1052f79e,
    id: 2,
    username: 'USER_2',
    mobileNumber: '913846608068',
    chips: 20000,
    referralCode: '',
    lastLoginDate: 2023-11-30T13:32:09.454Z,
    createdAt: 2023-11-30T13:32:09.454Z
  },
  {
    counters: { totalMatch: 0 },
    status: '',
    isVIP: 1,
    _id: 65688ef63382766c1052f7a3,
    id: 3,
    username: 'USER_3',
    mobileNumber: '911476328856',
    chips: 20000,
    referralCode: '',
    lastLoginDate: 2023-11-30T13:32:38.445Z,
    createdAt: 2023-11-30T13:32:38.445Z
  },
  {
    counters: { totalMatch: 0 },
    status: '',
    isVIP: 1,
    _id: 65688f413382766c1052f7a9,
    id: 4,
    username: 'USER_4',
    mobileNumber: '911275581457',
    chips: 20000,
    referralCode: '',
    lastLoginDate: 2023-11-30T13:33:53.104Z,
    createdAt: 2023-11-30T13:33:53.104Z
  }
]
[2023-12-01T16:17:52.838] [INFO] development - Server ID : => HTTPServer - Express server listening on port : 2828 date : Fri Dec 01 2023 16:17:52 GMT+0530 (India Standard Time)
[2023-12-01T16:17:53.400] [INFO] development - Mongoose connection open
[2023-12-01T16:22:45.644] [INFO] development - admin/dahboard.js post dahboard  error =>  4
[2023-12-01T16:22:45.665] [INFO] development - admin/dahboard.js post dahboard  error =>  1700823165665
[2023-12-01T16:22:45.710] [INFO] development - admin/dahboard.js post dahboard  error =>  [
  {
    _id: 65688e8b3382766c1052f797,
    id: 1,
    username: 'USER_1',
    createdAt: 2023-11-30T13:30:51.581Z
  },
  {
    _id: 65688ed93382766c1052f79e,
    id: 2,
    username: 'USER_2',
    createdAt: 2023-11-30T13:32:09.454Z
  },
  {
    _id: 65688ef63382766c1052f7a3,
    id: 3,
    username: 'USER_3',
    createdAt: 2023-11-30T13:32:38.445Z
  },
  {
    _id: 65688f413382766c1052f7a9,
    id: 4,
    username: 'USER_4',
    createdAt: 2023-11-30T13:33:53.104Z
  }
]
[2023-12-01T19:18:42.353] [INFO] development - Mongoose default connection disconnected
[2023-12-01T19:18:52.705] [INFO] development - Mongoose connection open
