[2024-01-16T17:33:57.736] [INFO] development - Server ID : => HTTPServer - Express server listening on port : 4949 date : Tue Jan 16 2024 17:33:57 GMT+0530 (India Standard Time)
[2024-01-16T17:33:58.305] [INFO] development - Mongoose connection open
[2024-01-16T17:34:08.102] [INFO] development - Socket connected ===>  J5HPVQYmNYFamQGaAAAA
[2024-01-16T17:34:08.102] [INFO] development - 
Response Time :Tue Jan 16 2024 17:34:08 GMT+0530 (India Standard Time) : Data : {"eventName":"DONE","data":{},"flag":true,"msg":""}
[2024-01-16T17:34:10.237] [INFO] development - 
Response Time :Tue Jan 16 2024 17:34:10 GMT+0530 (India Standard Time) : Data : {"eventName":"PONG","data":{},"flag":true,"msg":""}
[2024-01-16T17:34:11.074] [INFO] development - JoinTable UserInfo :  { _id: 65967296eae703374096d4dd } {"_id":"65967296eae703374096d4dd","flags":{"isOnline":1},"counters":{"gameWin":0,"gameLoss":0,"totalMatch":0},"email":"player@gmail.com","password":"","deviceType":"Android","loginType":"phone","tableId":"","status":"","isVIP":1,"Iscom":0,"fcmToken":"","id":15,"deviceId":"","username":"USER_15","name":"","mobileNumber":"1234567890","uniqueId":"USER_0000000015","chips":20000,"winningChips":300,"referralCode":"","sckId":"","shopId":"65967151eae703374096d4a9","lastLoginDate":"2024-01-04T08:55:50.168Z","createdAt":"2024-01-04T08:55:50.168Z","modifiedAt":"2024-01-04T08:55:50.168Z"}
[2024-01-16T17:34:11.104] [INFO] development - JoinTable tableInfo :  { _id: 65967296eae703374096d4dd } null
[2024-01-16T17:34:11.104] [INFO] development - findTable  : 
[2024-01-16T17:34:11.104] [INFO] development - getBetTable  : 
[2024-01-16T17:34:11.104] [INFO] development - getBetTable wh :  {"activePlayer":{"$gte":1}}
[2024-01-16T17:34:11.135] [INFO] development - createTable insertobj :  {
  gameId: '',
  activePlayer: 0,
  playerInfo: [
    {}, {}, {}, {}, {}, {}, {}, {}, {}, {},
    {}, {}, {}, {}, {}, {}, {}, {}, {}, {},
    {}, {}, {}, {}, {}, {}, {}, {}, {}, {},
    {}, {}, {}, {}, {}, {}, {}, {}, {}, {}
  ],
  gameState: '',
  history: [],
  betamount: [ 5, 10, 50, 100, 500, 1000 ],
  TableObject: [
    0, 1, 2, 3, 4,
    5, 6, 7, 8, 9
  ]
}
[2024-01-16T17:34:11.184] [INFO] development - createTable insertInfo :  {
  gameId: '',
  activePlayer: 0,
  playerInfo: [
    {}, {}, {}, {}, {}, {}, {}, {}, {}, {},
    {}, {}, {}, {}, {}, {}, {}, {}, {}, {},
    {}, {}, {}, {}, {}, {}, {}, {}, {}, {},
    {}, {}, {}, {}, {}, {}, {}, {}, {}, {}
  ],
  gameState: '',
  jobId: '',
  turnDone: false,
  gameTracks: [],
  callFinalWinner: false,
  isLastUserFinish: false,
  isFinalWinner: false,
  history: [],
  betamount: [ 5, 10, 50, 100, 500, 1000 ],
  totalbet: 0,
  TableObject: [
    0, 1, 2, 3, 4,
    5, 6, 7, 8, 9
  ],
  minbet: 0,
  maxbet: 1000,
  uuid: '',
  _id: 65a670bbaf7f807490266e27
}
[2024-01-16T17:34:11.184] [INFO] development - findTable tableInfo :  {"gameId":"","activePlayer":0,"playerInfo":[{},{},{},{},{},{},{},{},{},{},{},{},{},{},{},{},{},{},{},{},{},{},{},{},{},{},{},{},{},{},{},{},{},{},{},{},{},{},{},{}],"gameState":"","jobId":"","turnDone":false,"gameTracks":[],"callFinalWinner":false,"isLastUserFinish":false,"isFinalWinner":false,"history":[],"betamount":[5,10,50,100,500,1000],"totalbet":0,"TableObject":[0,1,2,3,4,5,6,7,8,9],"minbet":0,"maxbet":1000,"uuid":"","_id":"65a670bbaf7f807490266e27"}
[2024-01-16T17:34:11.188] [INFO] development - findEmptySeatAndUserSeat table :=>  {
  gameId: '',
  activePlayer: 0,
  playerInfo: [
    {}, {}, {}, {}, {}, {}, {}, {}, {}, {},
    {}, {}, {}, {}, {}, {}, {}, {}, {}, {},
    {}, {}, {}, {}, {}, {}, {}, {}, {}, {},
    {}, {}, {}, {}, {}, {}, {}, {}, {}, {}
  ],
  gameState: '',
  jobId: '',
  turnDone: false,
  gameTracks: [],
  callFinalWinner: false,
  isLastUserFinish: false,
  isFinalWinner: false,
  history: [],
  betamount: [ 5, 10, 50, 100, 500, 1000 ],
  totalbet: 0,
  TableObject: [
    0, 1, 2, 3, 4,
    5, 6, 7, 8, 9
  ],
  minbet: 0,
  maxbet: 1000,
  uuid: '',
  _id: 65a670bbaf7f807490266e27
} client :=>  <ref *1> Socket {
  _events: [Object: null prototype] {
    error: [Function: noop],
    req: [AsyncFunction (anonymous)],
    disconnect: [AsyncFunction (anonymous)]
  },
  _eventsCount: 3,
  _maxListeners: undefined,
  nsp: <ref *2> Namespace {
    _events: [Object: null prototype] {
      connection: [AsyncFunction (anonymous)]
    },
    _eventsCount: 1,
    _maxListeners: undefined,
    sockets: Map(1) { 'J5HPVQYmNYFamQGaAAAA' => [Circular *1] },
    _fns: [],
    _ids: 0,
    server: Server {
      _events: [Object: null prototype] {},
      _eventsCount: 0,
      _maxListeners: undefined,
      _nsps: [Map],
      parentNsps: Map(0) {},
      parentNamespacesFromRegExp: Map(0) {},
      _path: '/socket.io',
      clientPathRegex: /^\/socket\.io\/socket\.io(\.msgpack|\.esm)?(\.min)?\.js(\.map)?(?:\?|$)/,
      _connectTimeout: 45000,
      _serveClient: true,
      _parser: [Object],
      encoder: [Encoder],
      opts: [Object],
      _adapter: [class Adapter extends EventEmitter],
      sockets: [Circular *2],
      eio: [Server],
      httpServer: [Server],
      engine: [Server],
      [Symbol(kCapture)]: false
    },
    name: '/',
    adapter: Adapter {
      _events: [Object: null prototype] {},
      _eventsCount: 0,
      _maxListeners: undefined,
      nsp: [Circular *2],
      rooms: [Map],
      sids: [Map],
      encoder: [Encoder],
      [Symbol(kCapture)]: false
    },
    [Symbol(kCapture)]: false
  },
  client: Client {
    sockets: Map(1) { 'J5HPVQYmNYFamQGaAAAA' => [Circular *1] },
    nsps: Map(1) { '/' => [Circular *1] },
    server: Server {
      _events: [Object: null prototype] {},
      _eventsCount: 0,
      _maxListeners: undefined,
      _nsps: [Map],
      parentNsps: Map(0) {},
      parentNamespacesFromRegExp: Map(0) {},
      _path: '/socket.io',
      clientPathRegex: /^\/socket\.io\/socket\.io(\.msgpack|\.esm)?(\.min)?\.js(\.map)?(?:\?|$)/,
      _connectTimeout: 45000,
      _serveClient: true,
      _parser: [Object],
      encoder: [Encoder],
      opts: [Object],
      _adapter: [class Adapter extends EventEmitter],
      sockets: [Namespace],
      eio: [Server],
      httpServer: [Server],
      engine: [Server],
      [Symbol(kCapture)]: false
    },
    conn: Socket {
      _events: [Object: null prototype],
      _eventsCount: 3,
      _maxListeners: undefined,
      id: 'J5HPVQYmNYFamQGaAAAA',
      server: [Server],
      upgrading: false,
      upgraded: false,
      _readyState: 'open',
      writeBuffer: [],
      packetsFn: [],
      sentCallbackFn: [],
      cleanupFn: [Array],
      request: [IncomingMessage],
      protocol: 3,
      remoteAddress: '::ffff:192.168.0.147',
      checkIntervalTimer: null,
      upgradeTimeoutTimer: null,
      pingTimeoutTimer: Timeout {
        _idleTimeout: 45000,
        _idlePrev: [TimersList],
        _idleNext: [TimersList],
        _idleStart: 21291,
        _onTimeout: [Function (anonymous)],
        _timerArgs: undefined,
        _repeat: null,
        _destroyed: false,
        [Symbol(refed)]: true,
        [Symbol(kHasPrimitive)]: false,
        [Symbol(asyncId)]: 283,
        [Symbol(triggerId)]: 211
      },
      pingIntervalTimer: null,
      transport: [WebSocket],
      [Symbol(kCapture)]: false
    },
    encoder: Encoder { replacer: undefined },
    decoder: Decoder { reviver: undefined, _callbacks: [Object] },
    id: 'J5HPVQYmNYFamQGaAAAA',
    onclose: [Function: bound onclose],
    ondata: [Function: bound ondata],
    onerror: [Function: bound onerror],
    ondecoded: [Function: bound ondecoded],
    connectTimeout: undefined
  },
  recovered: false,
  data: {},
  connected: true,
  acks: Map(0) {},
  fns: [],
  flags: {},
  server: <ref *3> Server {
    _events: [Object: null prototype] {},
    _eventsCount: 0,
    _maxListeners: undefined,
    _nsps: Map(1) { '/' => [Namespace] },
    parentNsps: Map(0) {},
    parentNamespacesFromRegExp: Map(0) {},
    _path: '/socket.io',
    clientPathRegex: /^\/socket\.io\/socket\.io(\.msgpack|\.esm)?(\.min)?\.js(\.map)?(?:\?|$)/,
    _connectTimeout: 45000,
    _serveClient: true,
    _parser: {
      protocol: 5,
      PacketType: [Object],
      Encoder: [class Encoder],
      Decoder: [class Decoder extends Emitter]
    },
    encoder: Encoder { replacer: undefined },
    opts: { allowEIO3: true, cleanupEmptyChildNamespaces: false },
    _adapter: [class Adapter extends EventEmitter],
    sockets: <ref *2> Namespace {
      _events: [Object: null prototype],
      _eventsCount: 1,
      _maxListeners: undefined,
      sockets: [Map],
      _fns: [],
      _ids: 0,
      server: [Circular *3],
      name: '/',
      adapter: [Adapter],
      [Symbol(kCapture)]: false
    },
    eio: Server {
      _events: [Object: null prototype],
      _eventsCount: 1,
      _maxListeners: undefined,
      middlewares: [],
      clients: [Object],
      clientsCount: 1,
      opts: [Object],
      ws: [WebSocketServer],
      [Symbol(kCapture)]: false
    },
    httpServer: Server {
      maxHeaderSize: undefined,
      insecureHTTPParser: undefined,
      _events: [Object: null prototype],
      _eventsCount: 5,
      _maxListeners: undefined,
      _connections: 1,
      _handle: [TCP],
      _usingWorkers: false,
      _workers: [],
      _unref: false,
      allowHalfOpen: true,
      pauseOnConnect: false,
      noDelay: false,
      keepAlive: false,
      keepAliveInitialDelay: 0,
      httpAllowHalfOpen: false,
      timeout: 0,
      keepAliveTimeout: 5000,
      maxHeadersCount: null,
      maxRequestsPerSocket: 0,
      headersTimeout: 60000,
      requestTimeout: 0,
      _connectionKey: '6::::4949',
      [Symbol(IncomingMessage)]: [Function: IncomingMessage],
      [Symbol(ServerResponse)]: [Function: ServerResponse],
      [Symbol(kCapture)]: false,
      [Symbol(async_id_symbol)]: 36
    },
    engine: Server {
      _events: [Object: null prototype],
      _eventsCount: 1,
      _maxListeners: undefined,
      middlewares: [],
      clients: [Object],
      clientsCount: 1,
      opts: [Object],
      ws: [WebSocketServer],
      [Symbol(kCapture)]: false
    },
    [Symbol(kCapture)]: false
  },
  adapter: <ref *4> Adapter {
    _events: [Object: null prototype] {},
    _eventsCount: 0,
    _maxListeners: undefined,
    nsp: <ref *2> Namespace {
      _events: [Object: null prototype],
      _eventsCount: 1,
      _maxListeners: undefined,
      sockets: [Map],
      _fns: [],
      _ids: 0,
      server: [Server],
      name: '/',
      adapter: [Circular *4],
      [Symbol(kCapture)]: false
    },
    rooms: Map(1) { 'J5HPVQYmNYFamQGaAAAA' => [Set] },
    sids: Map(1) { 'J5HPVQYmNYFamQGaAAAA' => [Set] },
    encoder: Encoder { replacer: undefined },
    [Symbol(kCapture)]: false
  },
  id: 'J5HPVQYmNYFamQGaAAAA',
  handshake: {
    headers: {
      'user-agent': 'websocket-sharp/1.0',
      upgrade: 'websocket',
      connection: 'Upgrade',
      host: '192.168.0.203:4949',
      'sec-websocket-key': 'Ep4vtVxb7QM/hBe5ramscg==',
      'sec-websocket-version': '13'
    },
    time: 'Tue Jan 16 2024 17:34:08 GMT+0530 (India Standard Time)',
    address: '::ffff:192.168.0.147',
    xdomain: false,
    secure: false,
    issued: 1705406648101,
    url: '/socket.io/?EIO=3&transport=websocket',
    query: [Object: null prototype] { EIO: '3', transport: 'websocket' },
    auth: {}
  },
  uid: '65967296eae703374096d4dd',
  sck: 'J5HPVQYmNYFamQGaAAAA',
  JT: true,
  [Symbol(kCapture)]: false
}
[2024-01-16T17:34:11.190] [INFO] development - findEmptySeatAndUserSeat seatIndex :: 0
[2024-01-16T17:34:11.234] [INFO] development - findEmptySeatAndUserSeat userInfo :  {
  _id: 65967296eae703374096d4dd,
  flags: { isOnline: 1 },
  counters: { gameWin: 0, gameLoss: 0, totalMatch: 0 },
  email: 'player@gmail.com',
  password: '',
  deviceType: 'Android',
  loginType: 'phone',
  tableId: '',
  status: '',
  isVIP: 1,
  Iscom: 0,
  fcmToken: '',
  id: 15,
  deviceId: '',
  username: 'USER_15',
  name: '',
  mobileNumber: '1234567890',
  uniqueId: 'USER_0000000015',
  chips: 20000,
  winningChips: 300,
  referralCode: '',
  sckId: '',
  shopId: 65967151eae703374096d4a9,
  lastLoginDate: 2024-01-04T08:55:50.168Z,
  createdAt: 2024-01-04T08:55:50.168Z,
  modifiedAt: 2024-01-04T08:55:50.168Z
}
[2024-01-16T17:34:11.235] [INFO] development - findEmptySeatAndUserSeat playerDetails :  {
  seatIndex: 0,
  _id: 65967296eae703374096d4dd,
  playerId: 65967296eae703374096d4dd,
  username: 'USER_15',
  profile: undefined,
  coins: 20300,
  status: '',
  playerStatus: '',
  selectObj: [
    0, 0, 0, 0, 0, 0,
    0, 0, 0, 0, 0, 0,
    0, 0
  ],
  totalbet: 0,
  turnMissCounter: 0,
  turnCount: 0,
  sck: 'J5HPVQYmNYFamQGaAAAA',
  playerSocketId: 'J5HPVQYmNYFamQGaAAAA',
  playerLostChips: 0,
  Iscom: 0
}
[2024-01-16T17:34:11.235] [INFO] development - findEmptySeatAndUserSeat whereCond :  {
  _id: 65a670bbaf7f807490266e27,
  'playerInfo.0.seatIndex': { '$exists': false }
} {
  '$set': {
    gameState: '',
    'playerInfo.0': {
      seatIndex: 0,
      _id: 65967296eae703374096d4dd,
      playerId: 65967296eae703374096d4dd,
      username: 'USER_15',
      profile: undefined,
      coins: 20300,
      status: '',
      playerStatus: '',
      selectObj: [Array],
      totalbet: 0,
      turnMissCounter: 0,
      turnCount: 0,
      sck: 'J5HPVQYmNYFamQGaAAAA',
      playerSocketId: 'J5HPVQYmNYFamQGaAAAA',
      playerLostChips: 0,
      Iscom: 0
    }
  },
  '$inc': { activePlayer: 1 }
}
[2024-01-16T17:34:11.277] [INFO] development - 
findEmptySeatAndUserSeat tbInfo :  {
  gameId: '',
  activePlayer: 1,
  playerInfo: [
    {
      seatIndex: 0,
      _id: 65967296eae703374096d4dd,
      playerId: 65967296eae703374096d4dd,
      username: 'USER_15',
      profile: null,
      coins: 20300,
      status: '',
      playerStatus: '',
      selectObj: [Array],
      totalbet: 0,
      turnMissCounter: 0,
      turnCount: 0,
      sck: 'J5HPVQYmNYFamQGaAAAA',
      playerSocketId: 'J5HPVQYmNYFamQGaAAAA',
      playerLostChips: 0,
      Iscom: 0
    },
    {},
    {},
    {},
    {},
    {},
    {},
    {},
    {},
    {},
    {},
    {},
    {},
    {},
    {},
    {},
    {},
    {},
    {},
    {},
    {},
    {},
    {},
    {},
    {},
    {},
    {},
    {},
    {},
    {},
    {},
    {},
    {},
    {},
    {},
    {},
    {},
    {},
    {},
    {}
  ],
  gameState: '',
  jobId: '',
  turnDone: false,
  gameTracks: [],
  callFinalWinner: false,
  isLastUserFinish: false,
  isFinalWinner: false,
  history: [],
  betamount: [ 5, 10, 50, 100, 500, 1000 ],
  totalbet: 0,
  TableObject: [
    0, 1, 2, 3, 4,
    5, 6, 7, 8, 9
  ],
  minbet: 0,
  maxbet: 1000,
  uuid: '',
  _id: 65a670bbaf7f807490266e27
}
[2024-01-16T17:34:11.279] [INFO] development - 
 Assign table id and seat index socket event -> 0 65a670bbaf7f807490266e27
[2024-01-16T17:34:11.279] [INFO] development - 
Response Time :Tue Jan 16 2024 17:34:11 GMT+0530 (India Standard Time) : Data : {"eventName":"SJT","data":{},"flag":true,"msg":""}
[2024-01-16T17:34:11.280] [INFO] development - 
Response Time :Tue Jan 16 2024 17:34:11 GMT+0530 (India Standard Time) : Data : {"eventName":"SGTI","data":{"ssi":0,"gst":-1,"pi":[{"seatIndex":0,"_id":"65967296eae703374096d4dd","playerId":"65967296eae703374096d4dd","username":"USER_15","profile":null,"coins":20300,"status":"","playerStatus":"","selectObj":[0,0,0,0,0,0,0,0,0,0,0,0,0,0],"totalbet":0,"turnMissCounter":0,"turnCount":0,"sck":"J5HPVQYmNYFamQGaAAAA","playerSocketId":"J5HPVQYmNYFamQGaAAAA","playerLostChips":0,"Iscom":0},{},{},{},{},{},{},{},{},{},{},{},{},{},{},{},{},{},{},{},{},{},{},{},{},{},{},{},{},{},{},{},{},{},{},{},{},{},{},{}],"utt":30,"fns":20,"tableid":"65a670bbaf7f807490266e27"},"flag":true,"msg":""}
[2024-01-16T17:34:11.280] [INFO] development - 
Response Time :Tue Jan 16 2024 17:34:11 GMT+0530 (India Standard Time) : Data : {"data":{"ap":1,"playerDetail":{"seatIndex":0,"_id":"65967296eae703374096d4dd","playerId":"65967296eae703374096d4dd","username":"USER_15","profile":null,"coins":20300,"status":"","playerStatus":"","selectObj":[0,0,0,0,0,0,0,0,0,0,0,0,0,0],"totalbet":0,"turnMissCounter":0,"turnCount":0,"sck":"J5HPVQYmNYFamQGaAAAA","playerSocketId":"J5HPVQYmNYFamQGaAAAA","playerLostChips":0,"Iscom":0}},"flag":true,"msg":""}
[2024-01-16T17:34:11.281] [INFO] development - gameTimerStart tb :  {
  gameId: '',
  activePlayer: 1,
  playerInfo: [
    {
      seatIndex: 0,
      _id: 65967296eae703374096d4dd,
      playerId: 65967296eae703374096d4dd,
      username: 'USER_15',
      profile: null,
      coins: 20300,
      status: '',
      playerStatus: '',
      selectObj: [Array],
      totalbet: 0,
      turnMissCounter: 0,
      turnCount: 0,
      sck: 'J5HPVQYmNYFamQGaAAAA',
      playerSocketId: 'J5HPVQYmNYFamQGaAAAA',
      playerLostChips: 0,
      Iscom: 0
    },
    {},
    {},
    {},
    {},
    {},
    {},
    {},
    {},
    {},
    {},
    {},
    {},
    {},
    {},
    {},
    {},
    {},
    {},
    {},
    {},
    {},
    {},
    {},
    {},
    {},
    {},
    {},
    {},
    {},
    {},
    {},
    {},
    {},
    {},
    {},
    {},
    {},
    {},
    {}
  ],
  gameState: '',
  jobId: '',
  turnDone: false,
  gameTracks: [],
  callFinalWinner: false,
  isLastUserFinish: false,
  isFinalWinner: false,
  history: [],
  betamount: [ 5, 10, 50, 100, 500, 1000 ],
  totalbet: 0,
  TableObject: [
    0, 1, 2, 3, 4,
    5, 6, 7, 8, 9
  ],
  minbet: 0,
  maxbet: 1000,
  uuid: '',
  _id: 65a670bbaf7f807490266e27
}
[2024-01-16T17:34:11.282] [INFO] development - gameTimerStart UserInfo :  {
  _id: 65a670bbaf7f807490266e27,
  'playerInfo._id': { '$exists': true }
} {
  '$set': {
    gameState: 'SpinnerGameStartTimer',
    'gameTimer.GST': 2024-01-16T12:04:11.282Z,
    totalbet: 0,
    'playerInfo.$.selectObj': [
      0, 0, 0, 0, 0, 0,
      0, 0, 0, 0, 0, 0,
      0, 0
    ],
    isFinalWinner: false,
    uuid: '7499d485-81db-4835-b17e-d090ae2d1843'
  }
}
[2024-01-16T17:34:11.317] [INFO] development - gameTimerStart tabInfo ::  {
  gameId: '',
  activePlayer: 1,
  playerInfo: [
    {
      seatIndex: 0,
      _id: 65967296eae703374096d4dd,
      playerId: 65967296eae703374096d4dd,
      username: 'USER_15',
      profile: null,
      coins: 20300,
      status: '',
      playerStatus: '',
      selectObj: [Array],
      totalbet: 0,
      turnMissCounter: 0,
      turnCount: 0,
      sck: 'J5HPVQYmNYFamQGaAAAA',
      playerSocketId: 'J5HPVQYmNYFamQGaAAAA',
      playerLostChips: 0,
      Iscom: 0
    },
    {},
    {},
    {},
    {},
    {},
    {},
    {},
    {},
    {},
    {},
    {},
    {},
    {},
    {},
    {},
    {},
    {},
    {},
    {},
    {},
    {},
    {},
    {},
    {},
    {},
    {},
    {},
    {},
    {},
    {},
    {},
    {},
    {},
    {},
    {},
    {},
    {},
    {},
    {}
  ],
  gameState: 'SpinnerGameStartTimer',
  jobId: '',
  turnDone: false,
  gameTracks: [],
  callFinalWinner: false,
  isLastUserFinish: false,
  isFinalWinner: false,
  history: [],
  betamount: [ 5, 10, 50, 100, 500, 1000 ],
  totalbet: 0,
  TableObject: [
    0, 1, 2, 3, 4,
    5, 6, 7, 8, 9
  ],
  minbet: 0,
  maxbet: 1000,
  uuid: '7499d485-81db-4835-b17e-d090ae2d1843',
  _id: 65a670bbaf7f807490266e27,
  gameTimer: { GST: 2024-01-16T12:04:11.282Z }
}
[2024-01-16T17:34:11.318] [INFO] development - 
Response Time :Tue Jan 16 2024 17:34:11 GMT+0530 (India Standard Time) : Data : {"eventName":"GST","data":{"timer":10,"history":[]},"flag":true,"msg":""}
[2024-01-16T17:34:20.557] [INFO] development - leaveTable userInfo :  {
  flags: { isOnline: 1 },
  counters: { gameWin: 0, gameLoss: 0, totalMatch: 0 },
  email: 'player@gmail.com',
  password: '',
  deviceType: 'Android',
  loginType: 'phone',
  tableId: '',
  status: '',
  isVIP: 1,
  Iscom: 0,
  fcmToken: '',
  _id: 65967296eae703374096d4dd,
  id: 15,
  deviceId: '',
  username: 'USER_15',
  name: '',
  mobileNumber: '1234567890',
  uniqueId: 'USER_0000000015',
  chips: 20000,
  winningChips: 300,
  referralCode: '',
  sckId: '',
  shopId: 65967151eae703374096d4a9,
  lastLoginDate: 2024-01-04T08:55:50.168Z,
  createdAt: 2024-01-04T08:55:50.168Z,
  modifiedAt: 2024-01-04T08:55:50.168Z
}
[2024-01-16T17:34:20.587] [INFO] development - leaveTable tb :  {
  gameId: '',
  activePlayer: 1,
  playerInfo: [
    {
      seatIndex: 0,
      _id: 65967296eae703374096d4dd,
      playerId: 65967296eae703374096d4dd,
      username: 'USER_15',
      profile: null,
      coins: 20300,
      status: '',
      playerStatus: '',
      selectObj: [Array],
      totalbet: 0,
      turnMissCounter: 0,
      turnCount: 0,
      sck: 'J5HPVQYmNYFamQGaAAAA',
      playerSocketId: 'J5HPVQYmNYFamQGaAAAA',
      playerLostChips: 0,
      Iscom: 0
    },
    {},
    {},
    {},
    {},
    {},
    {},
    {},
    {},
    {},
    {},
    {},
    {},
    {},
    {},
    {},
    {},
    {},
    {},
    {},
    {},
    {},
    {},
    {},
    {},
    {},
    {},
    {},
    {},
    {},
    {},
    {},
    {},
    {},
    {},
    {},
    {},
    {},
    {},
    {}
  ],
  gameState: 'SpinnerGameStartTimer',
  jobId: '',
  turnDone: false,
  gameTracks: [],
  callFinalWinner: false,
  isLastUserFinish: false,
  isFinalWinner: false,
  history: [],
  betamount: [ 5, 10, 50, 100, 500, 1000 ],
  totalbet: 0,
  TableObject: [
    0, 1, 2, 3, 4,
    5, 6, 7, 8, 9
  ],
  minbet: 0,
  maxbet: 1000,
  uuid: '7499d485-81db-4835-b17e-d090ae2d1843',
  _id: 65a670bbaf7f807490266e27,
  gameTimer: { GST: 2024-01-16T12:04:11.282Z }
}
[2024-01-16T17:34:20.587] [INFO] development - leaveTable playerInfo : => {
  seatIndex: 0,
  _id: 65967296eae703374096d4dd,
  playerId: 65967296eae703374096d4dd,
  username: 'USER_15',
  profile: null,
  coins: 20300,
  status: '',
  playerStatus: '',
  selectObj: [
    0, 0, 0, 0, 0, 0,
    0, 0, 0, 0, 0, 0,
    0, 0
  ],
  totalbet: 0,
  turnMissCounter: 0,
  turnCount: 0,
  sck: 'J5HPVQYmNYFamQGaAAAA',
  playerSocketId: 'J5HPVQYmNYFamQGaAAAA',
  playerLostChips: 0,
  Iscom: 0
}
[2024-01-16T17:34:20.587] [INFO] development - leaveTable updateData :  {
  _id: 65a670bbaf7f807490266e27,
  'playerInfo._id': 65967296eae703374096d4dd
} { '$set': { 'playerInfo.$': {} }, '$inc': { activePlayer: -1 } }
[2024-01-16T17:34:20.622] [INFO] development - leaveTable tbInfo :  {
  gameId: '',
  activePlayer: 0,
  playerInfo: [
    {}, {}, {}, {}, {}, {}, {}, {}, {}, {},
    {}, {}, {}, {}, {}, {}, {}, {}, {}, {},
    {}, {}, {}, {}, {}, {}, {}, {}, {}, {},
    {}, {}, {}, {}, {}, {}, {}, {}, {}, {}
  ],
  gameState: 'SpinnerGameStartTimer',
  jobId: '',
  turnDone: false,
  gameTracks: [],
  callFinalWinner: false,
  isLastUserFinish: false,
  isFinalWinner: false,
  history: [],
  betamount: [ 5, 10, 50, 100, 500, 1000 ],
  totalbet: 0,
  TableObject: [
    0, 1, 2, 3, 4,
    5, 6, 7, 8, 9
  ],
  minbet: 0,
  maxbet: 1000,
  uuid: '7499d485-81db-4835-b17e-d090ae2d1843',
  _id: 65a670bbaf7f807490266e27,
  gameTimer: { GST: 2024-01-16T12:04:11.282Z }
}
[2024-01-16T17:34:20.623] [INFO] development - 
Response Time :Tue Jan 16 2024 17:34:20 GMT+0530 (India Standard Time) : Data : {"eventName":"LT","data":{"reason":"ManuallyLeave","tbid":"65a670bbaf7f807490266e27","seatIndex":0},"flag":true,"msg":""}
[2024-01-16T17:34:20.623] [INFO] development - 
Response Time :Tue Jan 16 2024 17:34:20 GMT+0530 (India Standard Time) : Data : {"eventName":"LT","data":{"reason":"ManuallyLeave","tbid":"65a670bbaf7f807490266e27","seatIndex":0},"flag":true,"msg":""}
[2024-01-16T17:34:20.624] [INFO] development - 
manageOnUserLeave tb :  {
  gameId: '',
  activePlayer: 0,
  playerInfo: [
    {}, {}, {}, {}, {}, {}, {}, {}, {}, {},
    {}, {}, {}, {}, {}, {}, {}, {}, {}, {},
    {}, {}, {}, {}, {}, {}, {}, {}, {}, {},
    {}, {}, {}, {}, {}, {}, {}, {}, {}, {}
  ],
  gameState: 'SpinnerGameStartTimer',
  jobId: '',
  turnDone: false,
  gameTracks: [],
  callFinalWinner: false,
  isLastUserFinish: false,
  isFinalWinner: false,
  history: [],
  betamount: [ 5, 10, 50, 100, 500, 1000 ],
  totalbet: 0,
  TableObject: [
    0, 1, 2, 3, 4,
    5, 6, 7, 8, 9
  ],
  minbet: 0,
  maxbet: 1000,
  uuid: '7499d485-81db-4835-b17e-d090ae2d1843',
  _id: 65a670bbaf7f807490266e27,
  gameTimer: { GST: 2024-01-16T12:04:11.282Z }
}
[2024-01-16T17:34:20.624] [INFO] development - manageOnUserLeave playerInGame :  []
[2024-01-16T17:34:20.847] [INFO] development - 
Response Time :Tue Jan 16 2024 17:34:20 GMT+0530 (India Standard Time) : Data : {"eventName":"PONG","data":{},"flag":true,"msg":""}
[2024-01-16T17:34:21.360] [ERROR] development - SpinnerTables.js error -> TypeError: Cannot read properties of null (reading 'gameState')
    at Object.module.exports.StartSpinnerGame (E:\SISU Games\Mumba-backend\src\SpinerGame\gameStart.js:62:52)
    at processTicksAndRejections (node:internal/process/task_queues:96:5)
[2024-01-16T17:34:31.146] [INFO] development - 
Response Time :Tue Jan 16 2024 17:34:31 GMT+0530 (India Standard Time) : Data : {"eventName":"PONG","data":{},"flag":true,"msg":""}
[2024-01-16T17:34:41.381] [INFO] development - 
Response Time :Tue Jan 16 2024 17:34:41 GMT+0530 (India Standard Time) : Data : {"eventName":"PONG","data":{},"flag":true,"msg":""}
[2024-01-16T17:34:51.176] [INFO] development - 
Response Time :Tue Jan 16 2024 17:34:51 GMT+0530 (India Standard Time) : Data : {"eventName":"PONG","data":{},"flag":true,"msg":""}
[2024-01-16T17:35:01.172] [INFO] development - 
Response Time :Tue Jan 16 2024 17:35:01 GMT+0530 (India Standard Time) : Data : {"eventName":"PONG","data":{},"flag":true,"msg":""}
[2024-01-16T17:35:11.168] [INFO] development - 
Response Time :Tue Jan 16 2024 17:35:11 GMT+0530 (India Standard Time) : Data : {"eventName":"PONG","data":{},"flag":true,"msg":""}
[2024-01-16T17:35:21.165] [INFO] development - 
Response Time :Tue Jan 16 2024 17:35:21 GMT+0530 (India Standard Time) : Data : {"eventName":"PONG","data":{},"flag":true,"msg":""}
[2024-01-16T17:35:31.201] [INFO] development - 
Response Time :Tue Jan 16 2024 17:35:31 GMT+0530 (India Standard Time) : Data : {"eventName":"PONG","data":{},"flag":true,"msg":""}
[2024-01-16T17:35:41.347] [INFO] development - 
Response Time :Tue Jan 16 2024 17:35:41 GMT+0530 (India Standard Time) : Data : {"eventName":"PONG","data":{},"flag":true,"msg":""}
[2024-01-16T17:35:51.162] [INFO] development - 
Response Time :Tue Jan 16 2024 17:35:51 GMT+0530 (India Standard Time) : Data : {"eventName":"PONG","data":{},"flag":true,"msg":""}
[2024-01-16T17:36:01.143] [INFO] development - 
Response Time :Tue Jan 16 2024 17:36:01 GMT+0530 (India Standard Time) : Data : {"eventName":"PONG","data":{},"flag":true,"msg":""}
[2024-01-16T17:36:18.723] [INFO] development - Mongoose default connection disconnected
[2024-01-16T17:36:20.355] [INFO] development - 
Response Time :Tue Jan 16 2024 17:36:20 GMT+0530 (India Standard Time) : Data : {"eventName":"PONG","data":{},"flag":true,"msg":""}
[2024-01-16T17:36:21.168] [INFO] development - 
Response Time :Tue Jan 16 2024 17:36:21 GMT+0530 (India Standard Time) : Data : {"eventName":"PONG","data":{},"flag":true,"msg":""}
[2024-01-16T17:36:33.049] [INFO] development - 
Response Time :Tue Jan 16 2024 17:36:33 GMT+0530 (India Standard Time) : Data : {"eventName":"PONG","data":{},"flag":true,"msg":""}
[2024-01-16T17:36:38.936] [INFO] development - Mongoose connection open
[2024-01-16T17:36:41.168] [INFO] development - 
Response Time :Tue Jan 16 2024 17:36:41 GMT+0530 (India Standard Time) : Data : {"eventName":"PONG","data":{},"flag":true,"msg":""}
[2024-01-16T17:36:51.289] [INFO] development - 
Response Time :Tue Jan 16 2024 17:36:51 GMT+0530 (India Standard Time) : Data : {"eventName":"PONG","data":{},"flag":true,"msg":""}
[2024-01-16T17:37:01.165] [INFO] development - 
Response Time :Tue Jan 16 2024 17:37:01 GMT+0530 (India Standard Time) : Data : {"eventName":"PONG","data":{},"flag":true,"msg":""}
[2024-01-16T17:37:11.167] [INFO] development - 
Response Time :Tue Jan 16 2024 17:37:11 GMT+0530 (India Standard Time) : Data : {"eventName":"PONG","data":{},"flag":true,"msg":""}
[2024-01-16T17:37:21.170] [INFO] development - 
Response Time :Tue Jan 16 2024 17:37:21 GMT+0530 (India Standard Time) : Data : {"eventName":"PONG","data":{},"flag":true,"msg":""}
[2024-01-16T17:37:31.170] [INFO] development - 
Response Time :Tue Jan 16 2024 17:37:31 GMT+0530 (India Standard Time) : Data : {"eventName":"PONG","data":{},"flag":true,"msg":""}
[2024-01-16T17:37:41.168] [INFO] development - 
Response Time :Tue Jan 16 2024 17:37:41 GMT+0530 (India Standard Time) : Data : {"eventName":"PONG","data":{},"flag":true,"msg":""}
[2024-01-16T17:37:51.164] [INFO] development - 
Response Time :Tue Jan 16 2024 17:37:51 GMT+0530 (India Standard Time) : Data : {"eventName":"PONG","data":{},"flag":true,"msg":""}
[2024-01-16T17:38:01.234] [INFO] development - 
Response Time :Tue Jan 16 2024 17:38:01 GMT+0530 (India Standard Time) : Data : {"eventName":"PONG","data":{},"flag":true,"msg":""}
[2024-01-16T17:38:11.003] [INFO] development - 
<==== disconnect socket id ===> J5HPVQYmNYFamQGaAAAA 
 Disconnect Table Id => 65a670bbaf7f807490266e27
[2024-01-16T17:38:11.003] [INFO] development - schedule USER Start DISCONNECTED jobId typeof :  DISCONNECT65967296eae703374096d4dd string
[2024-01-16T17:39:11.016] [INFO] development - after USER JOB CANCELLED scheduleJob:  true
[2024-01-16T17:39:11.017] [INFO] development - disconnectTableHandle client.uid =>:  65967296eae703374096d4dd
[2024-01-16T17:39:11.017] [INFO] development - disconnectTableHandle client.tbid =>:  65a670bbaf7f807490266e27
[2024-01-16T17:39:11.261] [INFO] development - Find Table when user Disconnect => null
