[2023-12-02T11:27:08.474] [ERROR] development - Common Helper sign function error => Error: Expected "payload" to be a plain object.
    at validate (E:\SISU Games\Mumba-backend\node_modules\jsonwebtoken\sign.js:44:11)
    at validatePayload (E:\SISU Games\Mumba-backend\node_modules\jsonwebtoken\sign.js:66:10)
    at Object.module.exports [as sign] (E:\SISU Games\Mumba-backend\node_modules\jsonwebtoken\sign.js:144:7)
    at Object.commonHelper.sign (E:\SISU Games\Mumba-backend\src\helper\commonHelper.js:11:28)
    at Object.adminLogin (E:\SISU Games\Mumba-backend\src\controller\adminController.js:86:42)
    at processTicksAndRejections (node:internal/process/task_queues:96:5)
    at async E:\SISU Games\Mumba-backend\src\routes\admin\auth.js:40:14
[2023-12-02T11:27:08.475] [ERROR] development - mainController.js adminLogin error=>  TypeError: Cannot set properties of null (setting 'token')
    at Object.adminLogin (E:\SISU Games\Mumba-backend\src\controller\adminController.js:87:20)
    at processTicksAndRejections (node:internal/process/task_queues:96:5)
    at async E:\SISU Games\Mumba-backend\src\routes\admin\auth.js:40:14 { email: 'shop@sisugamz.com', password: 'admin', logintype: 'Shop' }
[2023-12-02T11:27:08.475] [INFO] development - data =>  { status: 0, message: 'No data found' }
[2023-12-02T11:27:35.302] [INFO] development - Server ID : => HTTPServer - Express server listening on port : 2828 date : Sat Dec 02 2023 11:27:35 GMT+0530 (India Standard Time)
[2023-12-02T11:27:35.686] [INFO] development - Mongoose connection open
[2023-12-02T11:27:38.744] [INFO] development - Server ID : => HTTPServer - Express server listening on port : 2828 date : Sat Dec 02 2023 11:27:38 GMT+0530 (India Standard Time)
[2023-12-02T11:27:39.122] [INFO] development - Mongoose connection open
[2023-12-02T11:27:40.414] [INFO] development - data =>  {
  status: 1,
  message: 'Login Succesfully',
  data: {
    _id: 656984ed5965c5b1fdbcdb51,
    email: 'shop@sisugamz.com',
    name: 'shop233',
    mobileno: '8866675411',
    createdAt: 'Date.now',
    status: 'inactive',
    lastLoginDate: 'Date.now',
    location: 'India',
    area: 'Local',
    token: 'eyJhbGciOiJIUzI1NiIsInR5cCI6IkpXVCJ9.eyJfaWQiOiI2NTY5ODRlZDU5NjVjNWIxZmRiY2RiNTEiLCJlbWFpbCI6InNob3BAc2lzdWdhbXouY29tIiwicGFzc3dvcmQiOiJhZG1pbiIsIm5hbWUiOiJzaG9wMjMzIiwibW9iaWxlbm8iOiI4ODY2Njc1NDExIiwiY3JlYXRlZEF0IjoiRGF0ZS5ub3ciLCJzdGF0dXMiOiJpbmFjdGl2ZSIsImxhc3RMb2dpbkRhdGUiOiJEYXRlLm5vdyIsImxvY2F0aW9uIjoiSW5kaWEiLCJhcmVhIjoiTG9jYWwiLCJpYXQiOjE3MDE0OTY2NjAsImV4cCI6MTcwMjEwMTQ2MH0.unW5IxYG7C3VndhAL1erY6V-P6mVI72FxztSbpmYlVA'
  }
}
[2023-12-02T11:27:40.491] [INFO] development - admin/dahboard.js post dahboard  error =>  4
[2023-12-02T11:27:40.500] [INFO] development - admin/dahboard.js post dahboard  error =>  1700891860500
[2023-12-02T11:27:40.534] [INFO] development - admin/dahboard.js post dahboard  error =>  [
  {
    _id: 65688e8b3382766c1052f797,
    id: 1,
    username: 'USER_1',
    createdAt: 2023-11-30T13:30:51.581Z
  },
  {
    _id: 65688ed93382766c1052f79e,
    id: 2,
    username: 'USER_2',
    createdAt: 2023-11-30T13:32:09.454Z
  },
  {
    _id: 65688ef63382766c1052f7a3,
    id: 3,
    username: 'USER_3',
    createdAt: 2023-11-30T13:32:38.445Z
  },
  {
    _id: 65688f413382766c1052f7a9,
    id: 4,
    username: 'USER_4',
    createdAt: 2023-11-30T13:33:53.104Z
  }
]
[2023-12-02T11:28:59.899] [INFO] development - Server ID : => HTTPServer - Express server listening on port : 2828 date : Sat Dec 02 2023 11:28:59 GMT+0530 (India Standard Time)
[2023-12-02T11:29:00.324] [INFO] development - Mongoose connection open
[2023-12-02T11:29:07.776] [INFO] development - Server ID : => HTTPServer - Express server listening on port : 2828 date : Sat Dec 02 2023 11:29:07 GMT+0530 (India Standard Time)
[2023-12-02T11:29:08.134] [INFO] development - Mongoose connection open
[2023-12-02T11:29:16.257] [INFO] development - data =>  {
  status: 1,
  message: 'Login Succesfully',
  data: {
    _id: 6549cce3ba408a2e287f2ec5,
    name: 'Super Admin',
    email: 'admin@sisugamz.com',
    createdAt: 2023-11-07T05:36:35.660Z,
    modifiedAt: 2023-11-07T05:36:35.660Z,
    token: 'eyJhbGciOiJIUzI1NiIsInR5cCI6IkpXVCJ9.eyJfaWQiOiI2NTQ5Y2NlM2JhNDA4YTJlMjg3ZjJlYzUiLCJuYW1lIjoiU3VwZXIgQWRtaW4iLCJlbWFpbCI6ImFkbWluQHNpc3VnYW16LmNvbSIsInBhc3N3b3JkIjoiJDJiJDEwJHhZZzVMUlNRRWxiNENOZnVocjdncmUyUjNMOUQ5eDhaWmc0c0QxSW9uY1N6ZWFTSHgzMTIuIiwiY3JlYXRlZEF0IjoiMjAyMy0xMS0wN1QwNTozNjozNS42NjBaIiwibW9kaWZpZWRBdCI6IjIwMjMtMTEtMDdUMDU6MzY6MzUuNjYwWiIsImlhdCI6MTcwMTQ5Njc1NiwiZXhwIjoxNzAyMTAxNTU2fQ.2C3cGlCyXs4StwDYhoeNUbIy4TZ4IdpCmfQiPGYqGCQ'
  },
  logintype: 'Admin'
}
[2023-12-02T11:29:16.347] [INFO] development - admin/dahboard.js post dahboard  error =>  4
[2023-12-02T11:29:16.357] [INFO] development - admin/dahboard.js post dahboard  error =>  1700891956357
[2023-12-02T11:29:16.391] [INFO] development - admin/dahboard.js post dahboard  error =>  [
  {
    _id: 65688e8b3382766c1052f797,
    id: 1,
    username: 'USER_1',
    createdAt: 2023-11-30T13:30:51.581Z
  },
  {
    _id: 65688ed93382766c1052f79e,
    id: 2,
    username: 'USER_2',
    createdAt: 2023-11-30T13:32:09.454Z
  },
  {
    _id: 65688ef63382766c1052f7a3,
    id: 3,
    username: 'USER_3',
    createdAt: 2023-11-30T13:32:38.445Z
  },
  {
    _id: 65688f413382766c1052f7a9,
    id: 4,
    username: 'USER_4',
    createdAt: 2023-11-30T13:33:53.104Z
  }
]
[2023-12-02T11:29:59.816] [INFO] development - Server ID : => HTTPServer - Express server listening on port : 2828 date : Sat Dec 02 2023 11:29:59 GMT+0530 (India Standard Time)
[2023-12-02T11:30:00.230] [INFO] development - Mongoose connection open
[2023-12-02T11:30:07.088] [INFO] development - data =>  {
  status: 1,
  message: 'Login Succesfully',
  data: {
    _id: 6549cce3ba408a2e287f2ec5,
    name: 'Super Admin',
    email: 'admin@sisugamz.com',
    createdAt: 2023-11-07T05:36:35.660Z,
    modifiedAt: 2023-11-07T05:36:35.660Z,
    token: 'eyJhbGciOiJIUzI1NiIsInR5cCI6IkpXVCJ9.eyJfaWQiOiI2NTQ5Y2NlM2JhNDA4YTJlMjg3ZjJlYzUiLCJuYW1lIjoiU3VwZXIgQWRtaW4iLCJlbWFpbCI6ImFkbWluQHNpc3VnYW16LmNvbSIsInBhc3N3b3JkIjoiJDJiJDEwJHhZZzVMUlNRRWxiNENOZnVocjdncmUyUjNMOUQ5eDhaWmc0c0QxSW9uY1N6ZWFTSHgzMTIuIiwiY3JlYXRlZEF0IjoiMjAyMy0xMS0wN1QwNTozNjozNS42NjBaIiwibW9kaWZpZWRBdCI6IjIwMjMtMTEtMDdUMDU6MzY6MzUuNjYwWiIsImlhdCI6MTcwMTQ5NjgwNywiZXhwIjoxNzAyMTAxNjA3fQ.KsoN5bta3widnsrBVSluH5uOpzWEKqImGUpI5rSW-V8'
  }
}
[2023-12-02T11:30:07.445] [INFO] development - admin/dahboard.js post dahboard  error =>  4
[2023-12-02T11:30:07.453] [INFO] development - admin/dahboard.js post dahboard  error =>  1700892007453
[2023-12-02T11:30:07.491] [INFO] development - admin/dahboard.js post dahboard  error =>  [
  {
    _id: 65688e8b3382766c1052f797,
    id: 1,
    username: 'USER_1',
    createdAt: 2023-11-30T13:30:51.581Z
  },
  {
    _id: 65688ed93382766c1052f79e,
    id: 2,
    username: 'USER_2',
    createdAt: 2023-11-30T13:32:09.454Z
  },
  {
    _id: 65688ef63382766c1052f7a3,
    id: 3,
    username: 'USER_3',
    createdAt: 2023-11-30T13:32:38.445Z
  },
  {
    _id: 65688f413382766c1052f7a9,
    id: 4,
    username: 'USER_4',
    createdAt: 2023-11-30T13:33:53.104Z
  }
]
[2023-12-02T11:30:45.778] [INFO] development - data =>  {
  status: 1,
  message: 'Login Succesfully',
  data: {
    _id: 6549cce3ba408a2e287f2ec5,
    name: 'Super Admin',
    email: 'admin@sisugamz.com',
    createdAt: 2023-11-07T05:36:35.660Z,
    modifiedAt: 2023-11-07T05:36:35.660Z,
    token: 'eyJhbGciOiJIUzI1NiIsInR5cCI6IkpXVCJ9.eyJfaWQiOiI2NTQ5Y2NlM2JhNDA4YTJlMjg3ZjJlYzUiLCJuYW1lIjoiU3VwZXIgQWRtaW4iLCJlbWFpbCI6ImFkbWluQHNpc3VnYW16LmNvbSIsInBhc3N3b3JkIjoiJDJiJDEwJHhZZzVMUlNRRWxiNENOZnVocjdncmUyUjNMOUQ5eDhaWmc0c0QxSW9uY1N6ZWFTSHgzMTIuIiwiY3JlYXRlZEF0IjoiMjAyMy0xMS0wN1QwNTozNjozNS42NjBaIiwibW9kaWZpZWRBdCI6IjIwMjMtMTEtMDdUMDU6MzY6MzUuNjYwWiIsImlhdCI6MTcwMTQ5Njg0NSwiZXhwIjoxNzAyMTAxNjQ1fQ.fiyzOaqWFE2iz6YldP8tnLRhGqu-qqeqOfYj0iGrs20'
  }
}
[2023-12-02T11:30:45.870] [INFO] development - admin/dahboard.js post dahboard  error =>  4
[2023-12-02T11:30:45.878] [INFO] development - admin/dahboard.js post dahboard  error =>  1700892045878
[2023-12-02T11:30:45.912] [INFO] development - admin/dahboard.js post dahboard  error =>  [
  {
    _id: 65688e8b3382766c1052f797,
    id: 1,
    username: 'USER_1',
    createdAt: 2023-11-30T13:30:51.581Z
  },
  {
    _id: 65688ed93382766c1052f79e,
    id: 2,
    username: 'USER_2',
    createdAt: 2023-11-30T13:32:09.454Z
  },
  {
    _id: 65688ef63382766c1052f7a3,
    id: 3,
    username: 'USER_3',
    createdAt: 2023-11-30T13:32:38.445Z
  },
  {
    _id: 65688f413382766c1052f7a9,
    id: 4,
    username: 'USER_4',
    createdAt: 2023-11-30T13:33:53.104Z
  }
]
[2023-12-02T11:32:13.864] [INFO] development - data =>  {
  status: 1,
  message: 'Login Succesfully',
  data: {
    _id: 6549cce3ba408a2e287f2ec5,
    name: 'Super Admin',
    email: 'admin@sisugamz.com',
    createdAt: 2023-11-07T05:36:35.660Z,
    modifiedAt: 2023-11-07T05:36:35.660Z,
    token: 'eyJhbGciOiJIUzI1NiIsInR5cCI6IkpXVCJ9.eyJfaWQiOiI2NTQ5Y2NlM2JhNDA4YTJlMjg3ZjJlYzUiLCJuYW1lIjoiU3VwZXIgQWRtaW4iLCJlbWFpbCI6ImFkbWluQHNpc3VnYW16LmNvbSIsInBhc3N3b3JkIjoiJDJiJDEwJHhZZzVMUlNRRWxiNENOZnVocjdncmUyUjNMOUQ5eDhaWmc0c0QxSW9uY1N6ZWFTSHgzMTIuIiwiY3JlYXRlZEF0IjoiMjAyMy0xMS0wN1QwNTozNjozNS42NjBaIiwibW9kaWZpZWRBdCI6IjIwMjMtMTEtMDdUMDU6MzY6MzUuNjYwWiIsImlhdCI6MTcwMTQ5NjkzMywiZXhwIjoxNzAyMTAxNzMzfQ.qcXjC7MYfIx1n4hG9Cczy74jQU5T-itjoZEGy2oDKgg'
  }
}
[2023-12-02T11:32:13.943] [INFO] development - admin/dahboard.js post dahboard  error =>  4
[2023-12-02T11:32:13.950] [INFO] development - admin/dahboard.js post dahboard  error =>  1700892133950
[2023-12-02T11:32:13.987] [INFO] development - admin/dahboard.js post dahboard  error =>  [
  {
    _id: 65688e8b3382766c1052f797,
    id: 1,
    username: 'USER_1',
    createdAt: 2023-11-30T13:30:51.581Z
  },
  {
    _id: 65688ed93382766c1052f79e,
    id: 2,
    username: 'USER_2',
    createdAt: 2023-11-30T13:32:09.454Z
  },
  {
    _id: 65688ef63382766c1052f7a3,
    id: 3,
    username: 'USER_3',
    createdAt: 2023-11-30T13:32:38.445Z
  },
  {
    _id: 65688f413382766c1052f7a9,
    id: 4,
    username: 'USER_4',
    createdAt: 2023-11-30T13:33:53.104Z
  }
]
[2023-12-02T11:34:10.585] [INFO] development - Server ID : => HTTPServer - Express server listening on port : 2828 date : Sat Dec 02 2023 11:34:10 GMT+0530 (India Standard Time)
[2023-12-02T11:34:11.011] [INFO] development - Mongoose connection open
[2023-12-02T11:34:17.259] [INFO] development - data =>  {
  status: 1,
  message: 'Login Succesfully',
  data: {
    _id: 6549cce3ba408a2e287f2ec5,
    name: 'Super Admin',
    email: 'admin@sisugamz.com',
    createdAt: 2023-11-07T05:36:35.660Z,
    modifiedAt: 2023-11-07T05:36:35.660Z,
    token: 'eyJhbGciOiJIUzI1NiIsInR5cCI6IkpXVCJ9.eyJfaWQiOiI2NTQ5Y2NlM2JhNDA4YTJlMjg3ZjJlYzUiLCJuYW1lIjoiU3VwZXIgQWRtaW4iLCJlbWFpbCI6ImFkbWluQHNpc3VnYW16LmNvbSIsInBhc3N3b3JkIjoiJDJiJDEwJHhZZzVMUlNRRWxiNENOZnVocjdncmUyUjNMOUQ5eDhaWmc0c0QxSW9uY1N6ZWFTSHgzMTIuIiwiY3JlYXRlZEF0IjoiMjAyMy0xMS0wN1QwNTozNjozNS42NjBaIiwibW9kaWZpZWRBdCI6IjIwMjMtMTEtMDdUMDU6MzY6MzUuNjYwWiIsImlhdCI6MTcwMTQ5NzA1NywiZXhwIjoxNzAyMTAxODU3fQ.YVXGWUcYgjJkncNy5BhymJIz8s5zBZCcozYLIGSOmds'
  }
}
[2023-12-02T11:34:17.347] [INFO] development - admin/dahboard.js post dahboard  error =>  4
[2023-12-02T11:34:17.354] [INFO] development - admin/dahboard.js post dahboard  error =>  1700892257354
[2023-12-02T11:34:17.392] [INFO] development - admin/dahboard.js post dahboard  error =>  [
  {
    _id: 65688e8b3382766c1052f797,
    id: 1,
    username: 'USER_1',
    createdAt: 2023-11-30T13:30:51.581Z
  },
  {
    _id: 65688ed93382766c1052f79e,
    id: 2,
    username: 'USER_2',
    createdAt: 2023-11-30T13:32:09.454Z
  },
  {
    _id: 65688ef63382766c1052f7a3,
    id: 3,
    username: 'USER_3',
    createdAt: 2023-11-30T13:32:38.445Z
  },
  {
    _id: 65688f413382766c1052f7a9,
    id: 4,
    username: 'USER_4',
    createdAt: 2023-11-30T13:33:53.104Z
  }
]
[2023-12-02T11:34:36.907] [INFO] development - data =>  {
  status: 1,
  message: 'Login Succesfully',
  data: {
    _id: 656863f67c8ba49e99f37171,
    email: 'agent@sisugamz.com',
    name: 'agent233',
    mobileno: '8866675411',
    createdAt: 'Date.now',
    status: 'active',
    lastLoginDate: 'Date.now',
    location: 'India',
    area: 'Local',
    token: 'eyJhbGciOiJIUzI1NiIsInR5cCI6IkpXVCJ9.eyJfaWQiOiI2NTY4NjNmNjdjOGJhNDllOTlmMzcxNzEiLCJlbWFpbCI6ImFnZW50QHNpc3VnYW16LmNvbSIsInBhc3N3b3JkIjoiYWRtaW4iLCJuYW1lIjoiYWdlbnQyMzMiLCJtb2JpbGVubyI6Ijg4NjY2NzU0MTEiLCJjcmVhdGVkQXQiOiJEYXRlLm5vdyIsInN0YXR1cyI6ImFjdGl2ZSIsImxhc3RMb2dpbkRhdGUiOiJEYXRlLm5vdyIsImxvY2F0aW9uIjoiSW5kaWEiLCJhcmVhIjoiTG9jYWwiLCJpYXQiOjE3MDE0OTcwNzYsImV4cCI6MTcwMjEwMTg3Nn0.Q2XliTDGf8zW654esnxaekTHFW6xukuuinO4GIGEsHQ'
  },
  name: 'Agent'
}
[2023-12-02T11:34:37.011] [INFO] development - admin/dahboard.js post dahboard  error =>  4
[2023-12-02T11:34:37.019] [INFO] development - admin/dahboard.js post dahboard  error =>  1700892277019
[2023-12-02T11:34:37.055] [INFO] development - admin/dahboard.js post dahboard  error =>  [
  {
    _id: 65688e8b3382766c1052f797,
    id: 1,
    username: 'USER_1',
    createdAt: 2023-11-30T13:30:51.581Z
  },
  {
    _id: 65688ed93382766c1052f79e,
    id: 2,
    username: 'USER_2',
    createdAt: 2023-11-30T13:32:09.454Z
  },
  {
    _id: 65688ef63382766c1052f7a3,
    id: 3,
    username: 'USER_3',
    createdAt: 2023-11-30T13:32:38.445Z
  },
  {
    _id: 65688f413382766c1052f7a9,
    id: 4,
    username: 'USER_4',
    createdAt: 2023-11-30T13:33:53.104Z
  }
]
[2023-12-02T11:34:49.900] [INFO] development - Server ID : => HTTPServer - Express server listening on port : 2828 date : Sat Dec 02 2023 11:34:49 GMT+0530 (India Standard Time)
[2023-12-02T11:34:50.311] [INFO] development - Mongoose connection open
[2023-12-02T11:35:01.931] [INFO] development - Server ID : => HTTPServer - Express server listening on port : 2828 date : Sat Dec 02 2023 11:35:01 GMT+0530 (India Standard Time)
[2023-12-02T11:35:02.331] [INFO] development - Mongoose connection open
[2023-12-02T11:35:08.564] [INFO] development - Server ID : => HTTPServer - Express server listening on port : 2828 date : Sat Dec 02 2023 11:35:08 GMT+0530 (India Standard Time)
[2023-12-02T11:35:08.945] [INFO] development - Mongoose connection open
[2023-12-02T11:35:14.897] [ERROR] development - Common Helper sign function error => Error: Expected "payload" to be a plain object.
    at validate (E:\SISU Games\Mumba-backend\node_modules\jsonwebtoken\sign.js:44:11)
    at validatePayload (E:\SISU Games\Mumba-backend\node_modules\jsonwebtoken\sign.js:66:10)
    at Object.module.exports [as sign] (E:\SISU Games\Mumba-backend\node_modules\jsonwebtoken\sign.js:144:7)
    at Object.commonHelper.sign (E:\SISU Games\Mumba-backend\src\helper\commonHelper.js:11:28)
    at Object.AgentLogin (E:\SISU Games\Mumba-backend\src\controller\adminController.js:123:42)
    at processTicksAndRejections (node:internal/process/task_queues:96:5)
    at async E:\SISU Games\Mumba-backend\src\routes\admin\auth.js:37:14
[2023-12-02T11:35:14.898] [ERROR] development - mainController.js adminLogin error=>  TypeError: Cannot set properties of null (setting 'token')
    at Object.AgentLogin (E:\SISU Games\Mumba-backend\src\controller\adminController.js:124:20)
    at processTicksAndRejections (node:internal/process/task_queues:96:5)
    at async E:\SISU Games\Mumba-backend\src\routes\admin\auth.js:37:14 { email: 'admin@sisugamz.com', password: 'admin', logintype: 'Agent' }
[2023-12-02T11:35:14.900] [INFO] development - data =>  { status: 0, message: 'No data found', name: 'Agent' }
[2023-12-02T11:35:24.069] [INFO] development - data =>  {
  status: 1,
  message: 'Login Succesfully',
  data: {
    _id: 656863f67c8ba49e99f37171,
    email: 'agent@sisugamz.com',
    name: 'agent233',
    mobileno: '8866675411',
    createdAt: 'Date.now',
    status: 'active',
    lastLoginDate: 'Date.now',
    location: 'India',
    area: 'Local',
    token: 'eyJhbGciOiJIUzI1NiIsInR5cCI6IkpXVCJ9.eyJfaWQiOiI2NTY4NjNmNjdjOGJhNDllOTlmMzcxNzEiLCJlbWFpbCI6ImFnZW50QHNpc3VnYW16LmNvbSIsInBhc3N3b3JkIjoiYWRtaW4iLCJuYW1lIjoiYWdlbnQyMzMiLCJtb2JpbGVubyI6Ijg4NjY2NzU0MTEiLCJjcmVhdGVkQXQiOiJEYXRlLm5vdyIsInN0YXR1cyI6ImFjdGl2ZSIsImxhc3RMb2dpbkRhdGUiOiJEYXRlLm5vdyIsImxvY2F0aW9uIjoiSW5kaWEiLCJhcmVhIjoiTG9jYWwiLCJpYXQiOjE3MDE0OTcxMjQsImV4cCI6MTcwMjEwMTkyNH0.zB5fETSqr_kf_A8qKqMQSUdOkToT6XPh3S0jTV_Nrfs'
  },
  name: 'Agent'
}
[2023-12-02T11:35:24.214] [INFO] development - admin/dahboard.js post dahboard  error =>  4
[2023-12-02T11:35:24.237] [INFO] development - admin/dahboard.js post dahboard  error =>  1700892324237
[2023-12-02T11:35:24.271] [INFO] development - admin/dahboard.js post dahboard  error =>  [
  {
    _id: 65688e8b3382766c1052f797,
    id: 1,
    username: 'USER_1',
    createdAt: 2023-11-30T13:30:51.581Z
  },
  {
    _id: 65688ed93382766c1052f79e,
    id: 2,
    username: 'USER_2',
    createdAt: 2023-11-30T13:32:09.454Z
  },
  {
    _id: 65688ef63382766c1052f7a3,
    id: 3,
    username: 'USER_3',
    createdAt: 2023-11-30T13:32:38.445Z
  },
  {
    _id: 65688f413382766c1052f7a9,
    id: 4,
    username: 'USER_4',
    createdAt: 2023-11-30T13:33:53.104Z
  }
]
[2023-12-02T11:36:12.553] [INFO] development - Server ID : => HTTPServer - Express server listening on port : 2828 date : Sat Dec 02 2023 11:36:12 GMT+0530 (India Standard Time)
[2023-12-02T11:36:12.944] [INFO] development - Mongoose connection open
[2023-12-02T11:36:23.796] [INFO] development - data =>  {
  status: 1,
  message: 'Login Succesfully',
  data: {
    _id: 656863f67c8ba49e99f37171,
    email: 'agent@sisugamz.com',
    name: 'Agent',
    mobileno: '8866675411',
    createdAt: 'Date.now',
    status: 'active',
    lastLoginDate: 'Date.now',
    location: 'India',
    area: 'Local',
    token: 'eyJhbGciOiJIUzI1NiIsInR5cCI6IkpXVCJ9.eyJfaWQiOiI2NTY4NjNmNjdjOGJhNDllOTlmMzcxNzEiLCJlbWFpbCI6ImFnZW50QHNpc3VnYW16LmNvbSIsInBhc3N3b3JkIjoiYWRtaW4iLCJuYW1lIjoiYWdlbnQyMzMiLCJtb2JpbGVubyI6Ijg4NjY2NzU0MTEiLCJjcmVhdGVkQXQiOiJEYXRlLm5vdyIsInN0YXR1cyI6ImFjdGl2ZSIsImxhc3RMb2dpbkRhdGUiOiJEYXRlLm5vdyIsImxvY2F0aW9uIjoiSW5kaWEiLCJhcmVhIjoiTG9jYWwiLCJpYXQiOjE3MDE0OTcxODMsImV4cCI6MTcwMjEwMTk4M30.rPOYtwoF5zPMBhHDJQcchFt_vTdHGYa72zwkA6dc2D4'
  }
}
[2023-12-02T11:36:23.916] [INFO] development - admin/dahboard.js post dahboard  error =>  4
[2023-12-02T11:36:23.926] [INFO] development - admin/dahboard.js post dahboard  error =>  1700892383926
[2023-12-02T11:36:23.961] [INFO] development - admin/dahboard.js post dahboard  error =>  [
  {
    _id: 65688e8b3382766c1052f797,
    id: 1,
    username: 'USER_1',
    createdAt: 2023-11-30T13:30:51.581Z
  },
  {
    _id: 65688ed93382766c1052f79e,
    id: 2,
    username: 'USER_2',
    createdAt: 2023-11-30T13:32:09.454Z
  },
  {
    _id: 65688ef63382766c1052f7a3,
    id: 3,
    username: 'USER_3',
    createdAt: 2023-11-30T13:32:38.445Z
  },
  {
    _id: 65688f413382766c1052f7a9,
    id: 4,
    username: 'USER_4',
    createdAt: 2023-11-30T13:33:53.104Z
  }
]
[2023-12-02T11:36:42.245] [INFO] development - data =>  {
  status: 1,
  message: 'Login Succesfully',
  data: {
    _id: 656984ed5965c5b1fdbcdb51,
    email: 'shop@sisugamz.com',
    name: 'Shop',
    mobileno: '8866675411',
    createdAt: 'Date.now',
    status: 'inactive',
    lastLoginDate: 'Date.now',
    location: 'India',
    area: 'Local',
    token: 'eyJhbGciOiJIUzI1NiIsInR5cCI6IkpXVCJ9.eyJfaWQiOiI2NTY5ODRlZDU5NjVjNWIxZmRiY2RiNTEiLCJlbWFpbCI6InNob3BAc2lzdWdhbXouY29tIiwicGFzc3dvcmQiOiJhZG1pbiIsIm5hbWUiOiJzaG9wMjMzIiwibW9iaWxlbm8iOiI4ODY2Njc1NDExIiwiY3JlYXRlZEF0IjoiRGF0ZS5ub3ciLCJzdGF0dXMiOiJpbmFjdGl2ZSIsImxhc3RMb2dpbkRhdGUiOiJEYXRlLm5vdyIsImxvY2F0aW9uIjoiSW5kaWEiLCJhcmVhIjoiTG9jYWwiLCJpYXQiOjE3MDE0OTcyMDIsImV4cCI6MTcwMjEwMjAwMn0.rQXwkwgtIu2mW0iJF4XWOQpX2c4cJWjQrZdPtnPHn8E'
  }
}
[2023-12-02T11:36:42.340] [INFO] development - admin/dahboard.js post dahboard  error =>  4
[2023-12-02T11:36:42.351] [INFO] development - admin/dahboard.js post dahboard  error =>  1700892402351
[2023-12-02T11:36:42.380] [INFO] development - admin/dahboard.js post dahboard  error =>  [
  {
    _id: 65688e8b3382766c1052f797,
    id: 1,
    username: 'USER_1',
    createdAt: 2023-11-30T13:30:51.581Z
  },
  {
    _id: 65688ed93382766c1052f79e,
    id: 2,
    username: 'USER_2',
    createdAt: 2023-11-30T13:32:09.454Z
  },
  {
    _id: 65688ef63382766c1052f7a3,
    id: 3,
    username: 'USER_3',
    createdAt: 2023-11-30T13:32:38.445Z
  },
  {
    _id: 65688f413382766c1052f7a9,
    id: 4,
    username: 'USER_4',
    createdAt: 2023-11-30T13:33:53.104Z
  }
]
[2023-12-02T11:37:04.859] [INFO] development - Server ID : => HTTPServer - Express server listening on port : 2828 date : Sat Dec 02 2023 11:37:04 GMT+0530 (India Standard Time)
[2023-12-02T11:37:05.248] [INFO] development - Mongoose connection open
[2023-12-02T11:37:09.932] [INFO] development - Server ID : => HTTPServer - Express server listening on port : 2828 date : Sat Dec 02 2023 11:37:09 GMT+0530 (India Standard Time)
[2023-12-02T11:37:10.300] [INFO] development - Mongoose connection open
[2023-12-02T11:37:16.881] [INFO] development - data =>  {
  status: 1,
  message: 'Login Succesfully',
  data: {
    _id: 656863f67c8ba49e99f37171,
    email: 'agent@sisugamz.com',
    name: 'Agent',
    mobileno: '8866675411',
    createdAt: 'Date.now',
    status: 'active',
    lastLoginDate: 'Date.now',
    location: 'India',
    area: 'Local',
    token: 'eyJhbGciOiJIUzI1NiIsInR5cCI6IkpXVCJ9.eyJfaWQiOiI2NTY4NjNmNjdjOGJhNDllOTlmMzcxNzEiLCJlbWFpbCI6ImFnZW50QHNpc3VnYW16LmNvbSIsInBhc3N3b3JkIjoiYWRtaW4iLCJuYW1lIjoiYWdlbnQyMzMiLCJtb2JpbGVubyI6Ijg4NjY2NzU0MTEiLCJjcmVhdGVkQXQiOiJEYXRlLm5vdyIsInN0YXR1cyI6ImFjdGl2ZSIsImxhc3RMb2dpbkRhdGUiOiJEYXRlLm5vdyIsImxvY2F0aW9uIjoiSW5kaWEiLCJhcmVhIjoiTG9jYWwiLCJpYXQiOjE3MDE0OTcyMzYsImV4cCI6MTcwMjEwMjAzNn0.KjuSr6T7oE3f3a3lbQ_Z6A1mAuDWj2EG7d5eUwSeWZU'
  }
}
[2023-12-02T11:37:16.988] [INFO] development - admin/dahboard.js post dahboard  error =>  4
[2023-12-02T11:37:17.000] [INFO] development - admin/dahboard.js post dahboard  error =>  1700892437000
[2023-12-02T11:37:17.036] [INFO] development - admin/dahboard.js post dahboard  error =>  [
  {
    _id: 65688e8b3382766c1052f797,
    id: 1,
    username: 'USER_1',
    createdAt: 2023-11-30T13:30:51.581Z
  },
  {
    _id: 65688ed93382766c1052f79e,
    id: 2,
    username: 'USER_2',
    createdAt: 2023-11-30T13:32:09.454Z
  },
  {
    _id: 65688ef63382766c1052f7a3,
    id: 3,
    username: 'USER_3',
    createdAt: 2023-11-30T13:32:38.445Z
  },
  {
    _id: 65688f413382766c1052f7a9,
    id: 4,
    username: 'USER_4',
    createdAt: 2023-11-30T13:33:53.104Z
  }
]
[2023-12-02T11:37:23.237] [ERROR] development - Common Helper sign function error => Error: Expected "payload" to be a plain object.
    at validate (E:\SISU Games\Mumba-backend\node_modules\jsonwebtoken\sign.js:44:11)
    at validatePayload (E:\SISU Games\Mumba-backend\node_modules\jsonwebtoken\sign.js:66:10)
    at Object.module.exports [as sign] (E:\SISU Games\Mumba-backend\node_modules\jsonwebtoken\sign.js:144:7)
    at Object.commonHelper.sign (E:\SISU Games\Mumba-backend\src\helper\commonHelper.js:11:28)
    at Object.AgentLogin (E:\SISU Games\Mumba-backend\src\controller\adminController.js:123:42)
    at processTicksAndRejections (node:internal/process/task_queues:96:5)
    at async E:\SISU Games\Mumba-backend\src\routes\admin\auth.js:37:14
[2023-12-02T11:37:23.237] [ERROR] development - mainController.js adminLogin error=>  TypeError: Cannot set properties of null (setting 'token')
    at Object.AgentLogin (E:\SISU Games\Mumba-backend\src\controller\adminController.js:124:20)
    at processTicksAndRejections (node:internal/process/task_queues:96:5)
    at async E:\SISU Games\Mumba-backend\src\routes\admin\auth.js:37:14 { email: 'agent@sisugamz.com', password: 'addd', logintype: 'Agent' }
[2023-12-02T11:37:23.238] [ERROR] development - admin/auth.js login error =>  TypeError: Cannot set properties of undefined (setting 'name')
    at E:\SISU Games\Mumba-backend\src\routes\admin\auth.js:38:22
    at processTicksAndRejections (node:internal/process/task_queues:96:5)
[2023-12-02T11:37:30.341] [INFO] development - data =>  {
  status: 1,
  message: 'Login Succesfully',
  data: {
    _id: 656863f67c8ba49e99f37171,
    email: 'agent@sisugamz.com',
    name: 'Agent',
    mobileno: '8866675411',
    createdAt: 'Date.now',
    status: 'active',
    lastLoginDate: 'Date.now',
    location: 'India',
    area: 'Local',
    token: 'eyJhbGciOiJIUzI1NiIsInR5cCI6IkpXVCJ9.eyJfaWQiOiI2NTY4NjNmNjdjOGJhNDllOTlmMzcxNzEiLCJlbWFpbCI6ImFnZW50QHNpc3VnYW16LmNvbSIsInBhc3N3b3JkIjoiYWRtaW4iLCJuYW1lIjoiYWdlbnQyMzMiLCJtb2JpbGVubyI6Ijg4NjY2NzU0MTEiLCJjcmVhdGVkQXQiOiJEYXRlLm5vdyIsInN0YXR1cyI6ImFjdGl2ZSIsImxhc3RMb2dpbkRhdGUiOiJEYXRlLm5vdyIsImxvY2F0aW9uIjoiSW5kaWEiLCJhcmVhIjoiTG9jYWwiLCJpYXQiOjE3MDE0OTcyNTAsImV4cCI6MTcwMjEwMjA1MH0.THO1YgjGFDPOgaNeqsVHLI8Rw1tcoRJXcYnF2Wws_jM'
  }
}
[2023-12-02T11:37:30.436] [INFO] development - admin/dahboard.js post dahboard  error =>  4
[2023-12-02T11:37:30.445] [INFO] development - admin/dahboard.js post dahboard  error =>  1700892450445
[2023-12-02T11:37:30.474] [INFO] development - admin/dahboard.js post dahboard  error =>  [
  {
    _id: 65688e8b3382766c1052f797,
    id: 1,
    username: 'USER_1',
    createdAt: 2023-11-30T13:30:51.581Z
  },
  {
    _id: 65688ed93382766c1052f79e,
    id: 2,
    username: 'USER_2',
    createdAt: 2023-11-30T13:32:09.454Z
  },
  {
    _id: 65688ef63382766c1052f7a3,
    id: 3,
    username: 'USER_3',
    createdAt: 2023-11-30T13:32:38.445Z
  },
  {
    _id: 65688f413382766c1052f7a9,
    id: 4,
    username: 'USER_4',
    createdAt: 2023-11-30T13:33:53.104Z
  }
]
[2023-12-02T11:37:37.238] [INFO] development - data =>  {
  status: 1,
  message: 'Login Succesfully',
  data: {
    _id: 656984ed5965c5b1fdbcdb51,
    email: 'shop@sisugamz.com',
    name: 'Shop',
    mobileno: '8866675411',
    createdAt: 'Date.now',
    status: 'inactive',
    lastLoginDate: 'Date.now',
    location: 'India',
    area: 'Local',
    token: 'eyJhbGciOiJIUzI1NiIsInR5cCI6IkpXVCJ9.eyJfaWQiOiI2NTY5ODRlZDU5NjVjNWIxZmRiY2RiNTEiLCJlbWFpbCI6InNob3BAc2lzdWdhbXouY29tIiwicGFzc3dvcmQiOiJhZG1pbiIsIm5hbWUiOiJzaG9wMjMzIiwibW9iaWxlbm8iOiI4ODY2Njc1NDExIiwiY3JlYXRlZEF0IjoiRGF0ZS5ub3ciLCJzdGF0dXMiOiJpbmFjdGl2ZSIsImxhc3RMb2dpbkRhdGUiOiJEYXRlLm5vdyIsImxvY2F0aW9uIjoiSW5kaWEiLCJhcmVhIjoiTG9jYWwiLCJpYXQiOjE3MDE0OTcyNTcsImV4cCI6MTcwMjEwMjA1N30.XVj8CN5PXAGY3abr2rKT1aTSR5ppSVB3ya7lxqyjCtQ'
  }
}
[2023-12-02T11:37:37.341] [INFO] development - admin/dahboard.js post dahboard  error =>  4
[2023-12-02T11:37:37.353] [INFO] development - admin/dahboard.js post dahboard  error =>  1700892457353
[2023-12-02T11:37:37.384] [INFO] development - admin/dahboard.js post dahboard  error =>  [
  {
    _id: 65688e8b3382766c1052f797,
    id: 1,
    username: 'USER_1',
    createdAt: 2023-11-30T13:30:51.581Z
  },
  {
    _id: 65688ed93382766c1052f79e,
    id: 2,
    username: 'USER_2',
    createdAt: 2023-11-30T13:32:09.454Z
  },
  {
    _id: 65688ef63382766c1052f7a3,
    id: 3,
    username: 'USER_3',
    createdAt: 2023-11-30T13:32:38.445Z
  },
  {
    _id: 65688f413382766c1052f7a9,
    id: 4,
    username: 'USER_4',
    createdAt: 2023-11-30T13:33:53.104Z
  }
]
[2023-12-02T11:37:48.669] [INFO] development - data =>  {
  status: 1,
  message: 'Login Succesfully',
  data: {
    _id: 656984ed5965c5b1fdbcdb51,
    email: 'shop@sisugamz.com',
    name: 'Shop',
    mobileno: '8866675411',
    createdAt: 'Date.now',
    status: 'inactive',
    lastLoginDate: 'Date.now',
    location: 'India',
    area: 'Local',
    token: 'eyJhbGciOiJIUzI1NiIsInR5cCI6IkpXVCJ9.eyJfaWQiOiI2NTY5ODRlZDU5NjVjNWIxZmRiY2RiNTEiLCJlbWFpbCI6InNob3BAc2lzdWdhbXouY29tIiwicGFzc3dvcmQiOiJhZG1pbiIsIm5hbWUiOiJzaG9wMjMzIiwibW9iaWxlbm8iOiI4ODY2Njc1NDExIiwiY3JlYXRlZEF0IjoiRGF0ZS5ub3ciLCJzdGF0dXMiOiJpbmFjdGl2ZSIsImxhc3RMb2dpbkRhdGUiOiJEYXRlLm5vdyIsImxvY2F0aW9uIjoiSW5kaWEiLCJhcmVhIjoiTG9jYWwiLCJpYXQiOjE3MDE0OTcyNjgsImV4cCI6MTcwMjEwMjA2OH0.-tuJ4Jbnq5SLL--6Q0eNT95ZfMI3DiE3Fnp3ZeLe1bw'
  }
}
[2023-12-02T11:37:48.737] [INFO] development - admin/dahboard.js post dahboard  error =>  4
[2023-12-02T11:37:48.774] [INFO] development - admin/dahboard.js post dahboard  error =>  1700892468774
[2023-12-02T11:37:48.803] [INFO] development - admin/dahboard.js post dahboard  error =>  [
  {
    _id: 65688e8b3382766c1052f797,
    id: 1,
    username: 'USER_1',
    createdAt: 2023-11-30T13:30:51.581Z
  },
  {
    _id: 65688ed93382766c1052f79e,
    id: 2,
    username: 'USER_2',
    createdAt: 2023-11-30T13:32:09.454Z
  },
  {
    _id: 65688ef63382766c1052f7a3,
    id: 3,
    username: 'USER_3',
    createdAt: 2023-11-30T13:32:38.445Z
  },
  {
    _id: 65688f413382766c1052f7a9,
    id: 4,
    username: 'USER_4',
    createdAt: 2023-11-30T13:33:53.104Z
  }
]
[2023-12-02T11:59:11.245] [INFO] development - Server ID : => HTTPServer - Express server listening on port : 3000 date : Sat Dec 02 2023 11:59:11 GMT+0530 (India Standard Time)
[2023-12-02T11:59:11.862] [INFO] development - Mongoose connection open
[2023-12-02T14:30:55.121] [INFO] development - Server ID : => HTTPServer - Express server listening on port : 3000 date : Sat Dec 02 2023 14:30:55 GMT+0530 (India Standard Time)
[2023-12-02T14:30:55.697] [INFO] development - Mongoose connection open
[2023-12-02T14:31:40.361] [INFO] development - Server ID : => HTTPServer - Express server listening on port : 3000 date : Sat Dec 02 2023 14:31:40 GMT+0530 (India Standard Time)
[2023-12-02T14:31:40.709] [INFO] development - Mongoose connection open
[2023-12-02T14:32:12.460] [INFO] development - Server ID : => HTTPServer - Express server listening on port : 3000 date : Sat Dec 02 2023 14:32:12 GMT+0530 (India Standard Time)
[2023-12-02T14:32:12.824] [INFO] development - Mongoose connection open
[2023-12-02T14:32:22.194] [INFO] development - Server ID : => HTTPServer - Express server listening on port : 3000 date : Sat Dec 02 2023 14:32:22 GMT+0530 (India Standard Time)
[2023-12-02T14:32:22.538] [INFO] development - Mongoose connection open
[2023-12-02T14:32:25.207] [INFO] development - Server ID : => HTTPServer - Express server listening on port : 3000 date : Sat Dec 02 2023 14:32:25 GMT+0530 (India Standard Time)
[2023-12-02T14:32:25.561] [INFO] development - Mongoose connection open
[2023-12-02T14:32:29.999] [INFO] development - Server ID : => HTTPServer - Express server listening on port : 3000 date : Sat Dec 02 2023 14:32:29 GMT+0530 (India Standard Time)
[2023-12-02T14:32:30.369] [INFO] development - Mongoose connection open
[2023-12-02T14:33:05.610] [INFO] development - Server ID : => HTTPServer - Express server listening on port : 3000 date : Sat Dec 02 2023 14:33:05 GMT+0530 (India Standard Time)
[2023-12-02T14:33:05.948] [INFO] development - Mongoose connection open
[2023-12-02T14:33:41.793] [INFO] development - Server ID : => HTTPServer - Express server listening on port : 3000 date : Sat Dec 02 2023 14:33:41 GMT+0530 (India Standard Time)
[2023-12-02T14:33:42.126] [INFO] development - Mongoose connection open
[2023-12-02T14:34:22.274] [INFO] development - Server ID : => HTTPServer - Express server listening on port : 3000 date : Sat Dec 02 2023 14:34:22 GMT+0530 (India Standard Time)
[2023-12-02T14:34:22.630] [INFO] development - Mongoose connection open
[2023-12-02T14:34:25.474] [INFO] development - Server ID : => HTTPServer - Express server listening on port : 3000 date : Sat Dec 02 2023 14:34:25 GMT+0530 (India Standard Time)
[2023-12-02T14:34:25.821] [INFO] development - Mongoose connection open
[2023-12-02T14:34:48.984] [INFO] development - Server ID : => HTTPServer - Express server listening on port : 3000 date : Sat Dec 02 2023 14:34:48 GMT+0530 (India Standard Time)
[2023-12-02T14:34:49.339] [INFO] development - Mongoose connection open
[2023-12-02T14:34:52.203] [INFO] development - Server ID : => HTTPServer - Express server listening on port : 3000 date : Sat Dec 02 2023 14:34:52 GMT+0530 (India Standard Time)
[2023-12-02T14:34:52.543] [INFO] development - Mongoose connection open
[2023-12-02T14:35:48.411] [INFO] development - Server ID : => HTTPServer - Express server listening on port : 3000 date : Sat Dec 02 2023 14:35:48 GMT+0530 (India Standard Time)
[2023-12-02T14:35:48.780] [INFO] development - Mongoose connection open
[2023-12-02T14:36:01.883] [INFO] development - Server ID : => HTTPServer - Express server listening on port : 3000 date : Sat Dec 02 2023 14:36:01 GMT+0530 (India Standard Time)
[2023-12-02T14:36:02.269] [INFO] development - Mongoose connection open
[2023-12-02T14:36:04.373] [INFO] development - Server ID : => HTTPServer - Express server listening on port : 3000 date : Sat Dec 02 2023 14:36:04 GMT+0530 (India Standard Time)
[2023-12-02T14:36:04.726] [INFO] development - Mongoose connection open
[2023-12-02T14:37:05.649] [INFO] development - Server ID : => HTTPServer - Express server listening on port : 3000 date : Sat Dec 02 2023 14:37:05 GMT+0530 (India Standard Time)
[2023-12-02T14:37:06.006] [INFO] development - Mongoose connection open
[2023-12-02T14:37:12.757] [INFO] development - Server ID : => HTTPServer - Express server listening on port : 3000 date : Sat Dec 02 2023 14:37:12 GMT+0530 (India Standard Time)
[2023-12-02T14:37:13.096] [INFO] development - Mongoose connection open
[2023-12-02T14:37:20.059] [INFO] development - Server ID : => HTTPServer - Express server listening on port : 3000 date : Sat Dec 02 2023 14:37:20 GMT+0530 (India Standard Time)
[2023-12-02T14:37:20.384] [INFO] development - Mongoose connection open
[2023-12-02T14:37:53.672] [INFO] development - Server ID : => HTTPServer - Express server listening on port : 3000 date : Sat Dec 02 2023 14:37:53 GMT+0530 (India Standard Time)
[2023-12-02T14:37:54.033] [INFO] development - Mongoose connection open
[2023-12-02T14:38:21.138] [INFO] development - Server ID : => HTTPServer - Express server listening on port : 3000 date : Sat Dec 02 2023 14:38:21 GMT+0530 (India Standard Time)
[2023-12-02T14:38:21.499] [INFO] development - Mongoose connection open
[2023-12-02T14:38:23.949] [INFO] development - Server ID : => HTTPServer - Express server listening on port : 3000 date : Sat Dec 02 2023 14:38:23 GMT+0530 (India Standard Time)
[2023-12-02T14:38:24.301] [INFO] development - Mongoose connection open
[2023-12-02T14:39:04.575] [INFO] development - Server ID : => HTTPServer - Express server listening on port : 3000 date : Sat Dec 02 2023 14:39:04 GMT+0530 (India Standard Time)
[2023-12-02T14:39:04.927] [INFO] development - Mongoose connection open
[2023-12-02T14:42:37.460] [INFO] development - Server ID : => HTTPServer - Express server listening on port : 3000 date : Sat Dec 02 2023 14:42:37 GMT+0530 (India Standard Time)
[2023-12-02T14:42:37.827] [INFO] development - Mongoose connection open
[2023-12-02T14:42:45.064] [INFO] development - Server ID : => HTTPServer - Express server listening on port : 3000 date : Sat Dec 02 2023 14:42:45 GMT+0530 (India Standard Time)
[2023-12-02T14:42:45.422] [INFO] development - Mongoose connection open
[2023-12-02T14:43:14.045] [INFO] development - Server ID : => HTTPServer - Express server listening on port : 3000 date : Sat Dec 02 2023 14:43:14 GMT+0530 (India Standard Time)
[2023-12-02T14:43:14.393] [INFO] development - Mongoose connection open
[2023-12-02T14:48:39.506] [INFO] development - Server ID : => HTTPServer - Express server listening on port : 3000 date : Sat Dec 02 2023 14:48:39 GMT+0530 (India Standard Time)
[2023-12-02T14:48:39.887] [INFO] development - Mongoose connection open
[2023-12-02T14:49:00.710] [INFO] development - Server ID : => HTTPServer - Express server listening on port : 3000 date : Sat Dec 02 2023 14:49:00 GMT+0530 (India Standard Time)
[2023-12-02T14:49:01.062] [INFO] development - Mongoose connection open
[2023-12-02T14:49:04.065] [INFO] development - Server ID : => HTTPServer - Express server listening on port : 3000 date : Sat Dec 02 2023 14:49:04 GMT+0530 (India Standard Time)
[2023-12-02T14:49:04.422] [INFO] development - Mongoose connection open
[2023-12-02T14:49:08.562] [INFO] development - Server ID : => HTTPServer - Express server listening on port : 3000 date : Sat Dec 02 2023 14:49:08 GMT+0530 (India Standard Time)
[2023-12-02T14:49:10.298] [INFO] development - Server ID : => HTTPServer - Express server listening on port : 3000 date : Sat Dec 02 2023 14:49:10 GMT+0530 (India Standard Time)
[2023-12-02T14:49:10.645] [INFO] development - Mongoose connection open
[2023-12-02T14:49:27.068] [INFO] development - Server ID : => HTTPServer - Express server listening on port : 3000 date : Sat Dec 02 2023 14:49:27 GMT+0530 (India Standard Time)
[2023-12-02T14:49:27.408] [INFO] development - Mongoose connection open
[2023-12-02T14:50:22.981] [INFO] development - Server ID : => HTTPServer - Express server listening on port : 3000 date : Sat Dec 02 2023 14:50:22 GMT+0530 (India Standard Time)
[2023-12-02T14:50:23.355] [INFO] development - Mongoose connection open
[2023-12-02T14:51:02.687] [INFO] development - Server ID : => HTTPServer - Express server listening on port : 3000 date : Sat Dec 02 2023 14:51:02 GMT+0530 (India Standard Time)
[2023-12-02T14:51:03.054] [INFO] development - Mongoose connection open
[2023-12-02T14:51:07.189] [INFO] development - Server ID : => HTTPServer - Express server listening on port : 3000 date : Sat Dec 02 2023 14:51:07 GMT+0530 (India Standard Time)
[2023-12-02T14:51:07.545] [INFO] development - Mongoose connection open
[2023-12-02T14:51:12.850] [INFO] development - Server ID : => HTTPServer - Express server listening on port : 3000 date : Sat Dec 02 2023 14:51:12 GMT+0530 (India Standard Time)
[2023-12-02T14:51:13.214] [INFO] development - Mongoose connection open
[2023-12-02T14:51:20.988] [INFO] development - Server ID : => HTTPServer - Express server listening on port : 3000 date : Sat Dec 02 2023 14:51:20 GMT+0530 (India Standard Time)
[2023-12-02T14:51:21.378] [INFO] development - Mongoose connection open
[2023-12-02T14:51:29.610] [INFO] development - Server ID : => HTTPServer - Express server listening on port : 3000 date : Sat Dec 02 2023 14:51:29 GMT+0530 (India Standard Time)
[2023-12-02T14:51:29.965] [INFO] development - Mongoose connection open
[2023-12-02T14:51:32.163] [INFO] development - Server ID : => HTTPServer - Express server listening on port : 3000 date : Sat Dec 02 2023 14:51:32 GMT+0530 (India Standard Time)
[2023-12-02T14:51:32.546] [INFO] development - Mongoose connection open
[2023-12-02T14:51:38.430] [INFO] development - Server ID : => HTTPServer - Express server listening on port : 3000 date : Sat Dec 02 2023 14:51:38 GMT+0530 (India Standard Time)
[2023-12-02T14:51:38.860] [INFO] development - Mongoose connection open
[2023-12-02T14:51:55.211] [INFO] development - Server ID : => HTTPServer - Express server listening on port : 3000 date : Sat Dec 02 2023 14:51:55 GMT+0530 (India Standard Time)
[2023-12-02T14:51:55.572] [INFO] development - Mongoose connection open
[2023-12-02T14:52:13.315] [INFO] development - Server ID : => HTTPServer - Express server listening on port : 3000 date : Sat Dec 02 2023 14:52:13 GMT+0530 (India Standard Time)
[2023-12-02T14:52:13.675] [INFO] development - Mongoose connection open
[2023-12-02T14:52:15.876] [INFO] development - Server ID : => HTTPServer - Express server listening on port : 3000 date : Sat Dec 02 2023 14:52:15 GMT+0530 (India Standard Time)
[2023-12-02T14:52:17.574] [INFO] development - Server ID : => HTTPServer - Express server listening on port : 3000 date : Sat Dec 02 2023 14:52:17 GMT+0530 (India Standard Time)
[2023-12-02T14:52:17.930] [INFO] development - Mongoose connection open
[2023-12-02T14:52:21.182] [INFO] development - Server ID : => HTTPServer - Express server listening on port : 3000 date : Sat Dec 02 2023 14:52:21 GMT+0530 (India Standard Time)
[2023-12-02T14:52:21.552] [INFO] development - Mongoose connection open
[2023-12-02T14:53:40.535] [INFO] development - Server ID : => HTTPServer - Express server listening on port : 3000 date : Sat Dec 02 2023 14:53:40 GMT+0530 (India Standard Time)
[2023-12-02T14:53:40.903] [INFO] development - Mongoose connection open
[2023-12-02T14:54:06.648] [INFO] development - Server ID : => HTTPServer - Express server listening on port : 3000 date : Sat Dec 02 2023 14:54:06 GMT+0530 (India Standard Time)
[2023-12-02T14:54:08.024] [INFO] development - Mongoose connection open
[2023-12-02T14:54:26.823] [INFO] development - Server ID : => HTTPServer - Express server listening on port : 3000 date : Sat Dec 02 2023 14:54:26 GMT+0530 (India Standard Time)
[2023-12-02T14:54:27.176] [INFO] development - Mongoose connection open
[2023-12-02T14:54:49.017] [INFO] development - Server ID : => HTTPServer - Express server listening on port : 3000 date : Sat Dec 02 2023 14:54:49 GMT+0530 (India Standard Time)
[2023-12-02T14:54:49.400] [INFO] development - Mongoose connection open
[2023-12-02T14:54:56.924] [INFO] development - Server ID : => HTTPServer - Express server listening on port : 3000 date : Sat Dec 02 2023 14:54:56 GMT+0530 (India Standard Time)
[2023-12-02T14:54:57.276] [INFO] development - Mongoose connection open
[2023-12-02T14:55:04.924] [INFO] development - Server ID : => HTTPServer - Express server listening on port : 3000 date : Sat Dec 02 2023 14:55:04 GMT+0530 (India Standard Time)
[2023-12-02T14:55:05.299] [INFO] development - Mongoose connection open
[2023-12-02T15:03:05.192] [INFO] development - Server ID : => HTTPServer - Express server listening on port : 3000 date : Sat Dec 02 2023 15:03:05 GMT+0530 (India Standard Time)
[2023-12-02T15:03:05.549] [INFO] development - Mongoose connection open
[2023-12-02T15:03:16.513] [INFO] development - Server ID : => HTTPServer - Express server listening on port : 3000 date : Sat Dec 02 2023 15:03:16 GMT+0530 (India Standard Time)
[2023-12-02T15:03:16.862] [INFO] development - Mongoose connection open
[2023-12-02T15:03:26.378] [INFO] development - Server ID : => HTTPServer - Express server listening on port : 3000 date : Sat Dec 02 2023 15:03:26 GMT+0530 (India Standard Time)
[2023-12-02T15:03:26.760] [INFO] development - Mongoose connection open
[2023-12-02T15:04:28.914] [INFO] development - Server ID : => HTTPServer - Express server listening on port : 3000 date : Sat Dec 02 2023 15:04:28 GMT+0530 (India Standard Time)
[2023-12-02T15:04:29.264] [INFO] development - Mongoose connection open
[2023-12-02T15:04:38.725] [INFO] development - Server ID : => HTTPServer - Express server listening on port : 3000 date : Sat Dec 02 2023 15:04:38 GMT+0530 (India Standard Time)
[2023-12-02T15:04:39.096] [INFO] development - Mongoose connection open
[2023-12-02T15:04:43.275] [INFO] development - Server ID : => HTTPServer - Express server listening on port : 3000 date : Sat Dec 02 2023 15:04:43 GMT+0530 (India Standard Time)
[2023-12-02T15:04:43.613] [INFO] development - Mongoose connection open
[2023-12-02T15:05:04.197] [INFO] development - Server ID : => HTTPServer - Express server listening on port : 3000 date : Sat Dec 02 2023 15:05:04 GMT+0530 (India Standard Time)
[2023-12-02T15:05:04.545] [INFO] development - Mongoose connection open
[2023-12-02T15:05:09.792] [INFO] development - Server ID : => HTTPServer - Express server listening on port : 3000 date : Sat Dec 02 2023 15:05:09 GMT+0530 (India Standard Time)
[2023-12-02T15:05:10.146] [INFO] development - Mongoose connection open
[2023-12-02T15:06:48.845] [INFO] development - Server ID : => HTTPServer - Express server listening on port : 3000 date : Sat Dec 02 2023 15:06:48 GMT+0530 (India Standard Time)
[2023-12-02T15:06:49.210] [INFO] development - Mongoose connection open
[2023-12-02T15:08:59.406] [INFO] development - Server ID : => HTTPServer - Express server listening on port : 3000 date : Sat Dec 02 2023 15:08:59 GMT+0530 (India Standard Time)
[2023-12-02T15:08:59.779] [INFO] development - Mongoose connection open
[2023-12-02T15:09:35.898] [INFO] development - Server ID : => HTTPServer - Express server listening on port : 3000 date : Sat Dec 02 2023 15:09:35 GMT+0530 (India Standard Time)
[2023-12-02T15:09:36.261] [INFO] development - Mongoose connection open
[2023-12-02T15:09:41.539] [INFO] development - Server ID : => HTTPServer - Express server listening on port : 3000 date : Sat Dec 02 2023 15:09:41 GMT+0530 (India Standard Time)
[2023-12-02T15:09:41.868] [INFO] development - Mongoose connection open
[2023-12-02T15:09:43.809] [INFO] development - Server ID : => HTTPServer - Express server listening on port : 3000 date : Sat Dec 02 2023 15:09:43 GMT+0530 (India Standard Time)
[2023-12-02T15:09:44.153] [INFO] development - Mongoose connection open
[2023-12-02T15:17:10.904] [INFO] development - Server ID : => HTTPServer - Express server listening on port : 3000 date : Sat Dec 02 2023 15:17:10 GMT+0530 (India Standard Time)
[2023-12-02T15:17:11.411] [INFO] development - Mongoose connection open
[2023-12-02T15:17:31.490] [INFO] development - Server ID : => HTTPServer - Express server listening on port : 3000 date : Sat Dec 02 2023 15:17:31 GMT+0530 (India Standard Time)
[2023-12-02T15:17:31.843] [INFO] development - Mongoose connection open
[2023-12-02T15:28:24.739] [INFO] development - Server ID : => HTTPServer - Express server listening on port : 3000 date : Sat Dec 02 2023 15:28:24 GMT+0530 (India Standard Time)
[2023-12-02T15:28:26.502] [INFO] development - Server ID : => HTTPServer - Express server listening on port : 3000 date : Sat Dec 02 2023 15:28:26 GMT+0530 (India Standard Time)
[2023-12-02T15:28:26.864] [INFO] development - Mongoose connection open
[2023-12-02T15:28:33.261] [INFO] development - Server ID : => HTTPServer - Express server listening on port : 3000 date : Sat Dec 02 2023 15:28:33 GMT+0530 (India Standard Time)
[2023-12-02T15:28:33.634] [INFO] development - Mongoose connection open
[2023-12-02T15:28:38.850] [INFO] development - Server ID : => HTTPServer - Express server listening on port : 3000 date : Sat Dec 02 2023 15:28:38 GMT+0530 (India Standard Time)
[2023-12-02T15:28:39.209] [INFO] development - Mongoose connection open
[2023-12-02T15:28:52.309] [INFO] development - Server ID : => HTTPServer - Express server listening on port : 3000 date : Sat Dec 02 2023 15:28:52 GMT+0530 (India Standard Time)
[2023-12-02T15:28:52.648] [INFO] development - Mongoose connection open
[2023-12-02T15:29:00.317] [INFO] development - Server ID : => HTTPServer - Express server listening on port : 3000 date : Sat Dec 02 2023 15:29:00 GMT+0530 (India Standard Time)
[2023-12-02T15:29:00.997] [INFO] development - Mongoose connection open
[2023-12-02T15:29:25.783] [INFO] development - Server ID : => HTTPServer - Express server listening on port : 3000 date : Sat Dec 02 2023 15:29:25 GMT+0530 (India Standard Time)
[2023-12-02T15:29:26.140] [INFO] development - Mongoose connection open
[2023-12-02T15:29:29.002] [INFO] development - Server ID : => HTTPServer - Express server listening on port : 3000 date : Sat Dec 02 2023 15:29:29 GMT+0530 (India Standard Time)
[2023-12-02T15:29:29.363] [INFO] development - Mongoose connection open
[2023-12-02T15:29:43.076] [INFO] development - Server ID : => HTTPServer - Express server listening on port : 3000 date : Sat Dec 02 2023 15:29:43 GMT+0530 (India Standard Time)
[2023-12-02T15:29:43.417] [INFO] development - Mongoose connection open
[2023-12-02T15:30:04.756] [INFO] development - Server ID : => HTTPServer - Express server listening on port : 3000 date : Sat Dec 02 2023 15:30:04 GMT+0530 (India Standard Time)
[2023-12-02T15:30:05.101] [INFO] development - Mongoose connection open
[2023-12-02T15:30:22.494] [INFO] development - Server ID : => HTTPServer - Express server listening on port : 3000 date : Sat Dec 02 2023 15:30:22 GMT+0530 (India Standard Time)
[2023-12-02T15:30:22.854] [INFO] development - Mongoose connection open
[2023-12-02T15:31:58.007] [INFO] development - Server ID : => HTTPServer - Express server listening on port : 3000 date : Sat Dec 02 2023 15:31:58 GMT+0530 (India Standard Time)
[2023-12-02T15:31:58.416] [INFO] development - Mongoose connection open
[2023-12-02T15:32:30.257] [INFO] development - Server ID : => HTTPServer - Express server listening on port : 3000 date : Sat Dec 02 2023 15:32:30 GMT+0530 (India Standard Time)
[2023-12-02T15:32:30.624] [INFO] development - Mongoose connection open
[2023-12-02T15:33:03.814] [INFO] development - Server ID : => HTTPServer - Express server listening on port : 3000 date : Sat Dec 02 2023 15:33:03 GMT+0530 (India Standard Time)
[2023-12-02T15:33:04.204] [INFO] development - Mongoose connection open
[2023-12-02T15:39:25.755] [INFO] development - Server ID : => HTTPServer - Express server listening on port : 3000 date : Sat Dec 02 2023 15:39:25 GMT+0530 (India Standard Time)
[2023-12-02T15:39:26.131] [INFO] development - Mongoose connection open
[2023-12-02T15:42:22.180] [INFO] development - Server ID : => HTTPServer - Express server listening on port : 3000 date : Sat Dec 02 2023 15:42:22 GMT+0530 (India Standard Time)
[2023-12-02T15:42:22.586] [INFO] development - Mongoose connection open
[2023-12-02T15:44:51.611] [INFO] development - Server ID : => HTTPServer - Express server listening on port : 3000 date : Sat Dec 02 2023 15:44:51 GMT+0530 (India Standard Time)
[2023-12-02T15:44:51.993] [INFO] development - Mongoose connection open
[2023-12-02T15:45:47.477] [INFO] development - Server ID : => HTTPServer - Express server listening on port : 3000 date : Sat Dec 02 2023 15:45:47 GMT+0530 (India Standard Time)
[2023-12-02T15:45:47.823] [INFO] development - Mongoose connection open
[2023-12-02T15:46:02.505] [INFO] development - Server ID : => HTTPServer - Express server listening on port : 3000 date : Sat Dec 02 2023 15:46:02 GMT+0530 (India Standard Time)
[2023-12-02T15:46:03.129] [INFO] development - Mongoose connection open
[2023-12-02T15:46:11.700] [INFO] development - Server ID : => HTTPServer - Express server listening on port : 3000 date : Sat Dec 02 2023 15:46:11 GMT+0530 (India Standard Time)
[2023-12-02T15:46:12.092] [INFO] development - Mongoose connection open
[2023-12-02T15:46:19.243] [INFO] development - Server ID : => HTTPServer - Express server listening on port : 3000 date : Sat Dec 02 2023 15:46:19 GMT+0530 (India Standard Time)
[2023-12-02T15:46:19.617] [INFO] development - Mongoose connection open
[2023-12-02T15:46:43.224] [INFO] development - Server ID : => HTTPServer - Express server listening on port : 3000 date : Sat Dec 02 2023 15:46:43 GMT+0530 (India Standard Time)
[2023-12-02T15:46:43.589] [INFO] development - Mongoose connection open
[2023-12-02T15:49:33.330] [INFO] development - Server ID : => HTTPServer - Express server listening on port : 3000 date : Sat Dec 02 2023 15:49:33 GMT+0530 (India Standard Time)
[2023-12-02T15:49:33.696] [INFO] development - Mongoose connection open
[2023-12-02T15:49:47.074] [INFO] development - Server ID : => HTTPServer - Express server listening on port : 3000 date : Sat Dec 02 2023 15:49:47 GMT+0530 (India Standard Time)
[2023-12-02T15:49:47.424] [INFO] development - Mongoose connection open
[2023-12-02T15:49:54.402] [INFO] development - Server ID : => HTTPServer - Express server listening on port : 3000 date : Sat Dec 02 2023 15:49:54 GMT+0530 (India Standard Time)
[2023-12-02T15:49:54.750] [INFO] development - Mongoose connection open
[2023-12-02T15:50:00.109] [INFO] development - Server ID : => HTTPServer - Express server listening on port : 3000 date : Sat Dec 02 2023 15:50:00 GMT+0530 (India Standard Time)
[2023-12-02T15:50:00.454] [INFO] development - Mongoose connection open
[2023-12-02T15:50:05.730] [INFO] development - Server ID : => HTTPServer - Express server listening on port : 3000 date : Sat Dec 02 2023 15:50:05 GMT+0530 (India Standard Time)
[2023-12-02T15:50:06.095] [INFO] development - Mongoose connection open
[2023-12-02T15:52:37.025] [INFO] development - Server ID : => HTTPServer - Express server listening on port : 3000 date : Sat Dec 02 2023 15:52:37 GMT+0530 (India Standard Time)
[2023-12-02T15:52:37.381] [INFO] development - Mongoose connection open
[2023-12-02T15:52:42.957] [INFO] development - Server ID : => HTTPServer - Express server listening on port : 3000 date : Sat Dec 02 2023 15:52:42 GMT+0530 (India Standard Time)
[2023-12-02T15:52:43.304] [INFO] development - Mongoose connection open
[2023-12-02T15:52:47.243] [INFO] development - Server ID : => HTTPServer - Express server listening on port : 3000 date : Sat Dec 02 2023 15:52:47 GMT+0530 (India Standard Time)
[2023-12-02T15:52:47.582] [INFO] development - Mongoose connection open
[2023-12-02T15:53:15.354] [INFO] development - Server ID : => HTTPServer - Express server listening on port : 3000 date : Sat Dec 02 2023 15:53:15 GMT+0530 (India Standard Time)
[2023-12-02T15:53:15.717] [INFO] development - Mongoose connection open
[2023-12-02T15:53:50.443] [INFO] development - Server ID : => HTTPServer - Express server listening on port : 3000 date : Sat Dec 02 2023 15:53:50 GMT+0530 (India Standard Time)
[2023-12-02T15:53:50.832] [INFO] development - Mongoose connection open
[2023-12-02T15:53:52.830] [INFO] development - Server ID : => HTTPServer - Express server listening on port : 3000 date : Sat Dec 02 2023 15:53:52 GMT+0530 (India Standard Time)
[2023-12-02T15:53:53.176] [INFO] development - Mongoose connection open
[2023-12-02T15:53:57.122] [INFO] development - Server ID : => HTTPServer - Express server listening on port : 3000 date : Sat Dec 02 2023 15:53:57 GMT+0530 (India Standard Time)
[2023-12-02T15:53:57.485] [INFO] development - Mongoose connection open
[2023-12-02T15:54:08.722] [INFO] development - Server ID : => HTTPServer - Express server listening on port : 3000 date : Sat Dec 02 2023 15:54:08 GMT+0530 (India Standard Time)
[2023-12-02T15:54:09.064] [INFO] development - Mongoose connection open
[2023-12-02T15:55:10.597] [INFO] development - Server ID : => HTTPServer - Express server listening on port : 3000 date : Sat Dec 02 2023 15:55:10 GMT+0530 (India Standard Time)
[2023-12-02T15:55:11.006] [INFO] development - Mongoose connection open
[2023-12-02T15:55:26.795] [INFO] development - Server ID : => HTTPServer - Express server listening on port : 3000 date : Sat Dec 02 2023 15:55:26 GMT+0530 (India Standard Time)
[2023-12-02T15:55:27.144] [INFO] development - Mongoose connection open
[2023-12-02T15:55:28.811] [INFO] development - Server ID : => HTTPServer - Express server listening on port : 3000 date : Sat Dec 02 2023 15:55:28 GMT+0530 (India Standard Time)
[2023-12-02T15:55:29.141] [INFO] development - Mongoose connection open
[2023-12-02T15:56:37.101] [INFO] development - Server ID : => HTTPServer - Express server listening on port : 3000 date : Sat Dec 02 2023 15:56:37 GMT+0530 (India Standard Time)
[2023-12-02T15:56:37.515] [INFO] development - Mongoose connection open
[2023-12-02T15:56:39.527] [INFO] development - Server ID : => HTTPServer - Express server listening on port : 3000 date : Sat Dec 02 2023 15:56:39 GMT+0530 (India Standard Time)
[2023-12-02T15:56:39.880] [INFO] development - Mongoose connection open
[2023-12-02T15:57:53.504] [INFO] development - Server ID : => HTTPServer - Express server listening on port : 3000 date : Sat Dec 02 2023 15:57:53 GMT+0530 (India Standard Time)
[2023-12-02T15:57:53.863] [INFO] development - Mongoose connection open
[2023-12-02T15:58:46.687] [INFO] development - Server ID : => HTTPServer - Express server listening on port : 3000 date : Sat Dec 02 2023 15:58:46 GMT+0530 (India Standard Time)
[2023-12-02T15:58:47.036] [INFO] development - Mongoose connection open
[2023-12-02T15:58:59.498] [INFO] development - Server ID : => HTTPServer - Express server listening on port : 3000 date : Sat Dec 02 2023 15:58:59 GMT+0530 (India Standard Time)
[2023-12-02T15:58:59.872] [INFO] development - Mongoose connection open
[2023-12-02T15:59:31.221] [INFO] development - Server ID : => HTTPServer - Express server listening on port : 3000 date : Sat Dec 02 2023 15:59:31 GMT+0530 (India Standard Time)
[2023-12-02T15:59:31.551] [INFO] development - Mongoose connection open
[2023-12-02T15:59:41.121] [INFO] development - Server ID : => HTTPServer - Express server listening on port : 3000 date : Sat Dec 02 2023 15:59:41 GMT+0530 (India Standard Time)
[2023-12-02T15:59:41.475] [INFO] development - Mongoose connection open
[2023-12-02T15:59:58.059] [INFO] development - Server ID : => HTTPServer - Express server listening on port : 3000 date : Sat Dec 02 2023 15:59:58 GMT+0530 (India Standard Time)
[2023-12-02T15:59:58.431] [INFO] development - Mongoose connection open
[2023-12-02T16:01:05.044] [INFO] development - Server ID : => HTTPServer - Express server listening on port : 3000 date : Sat Dec 02 2023 16:01:05 GMT+0530 (India Standard Time)
[2023-12-02T16:01:05.420] [INFO] development - Mongoose connection open
[2023-12-02T16:01:11.572] [INFO] development - Server ID : => HTTPServer - Express server listening on port : 3000 date : Sat Dec 02 2023 16:01:11 GMT+0530 (India Standard Time)
[2023-12-02T16:01:11.934] [INFO] development - Mongoose connection open
[2023-12-02T16:01:34.090] [INFO] development - Server ID : => HTTPServer - Express server listening on port : 3000 date : Sat Dec 02 2023 16:01:34 GMT+0530 (India Standard Time)
[2023-12-02T16:01:34.460] [INFO] development - Mongoose connection open
[2023-12-02T16:02:02.065] [INFO] development - Server ID : => HTTPServer - Express server listening on port : 3000 date : Sat Dec 02 2023 16:02:02 GMT+0530 (India Standard Time)
[2023-12-02T16:02:02.404] [INFO] development - Mongoose connection open
[2023-12-02T16:04:12.226] [INFO] development - Server ID : => HTTPServer - Express server listening on port : 3000 date : Sat Dec 02 2023 16:04:12 GMT+0530 (India Standard Time)
[2023-12-02T16:04:12.597] [INFO] development - Mongoose connection open
[2023-12-02T16:04:18.140] [INFO] development - Server ID : => HTTPServer - Express server listening on port : 3000 date : Sat Dec 02 2023 16:04:18 GMT+0530 (India Standard Time)
[2023-12-02T16:04:18.493] [INFO] development - Mongoose connection open
[2023-12-02T16:04:23.817] [INFO] development - Server ID : => HTTPServer - Express server listening on port : 3000 date : Sat Dec 02 2023 16:04:23 GMT+0530 (India Standard Time)
[2023-12-02T16:04:24.167] [INFO] development - Mongoose connection open
[2023-12-02T16:04:52.990] [INFO] development - Server ID : => HTTPServer - Express server listening on port : 3000 date : Sat Dec 02 2023 16:04:52 GMT+0530 (India Standard Time)
[2023-12-02T16:04:53.350] [INFO] development - Mongoose connection open
[2023-12-02T16:05:05.878] [INFO] development - Server ID : => HTTPServer - Express server listening on port : 3000 date : Sat Dec 02 2023 16:05:05 GMT+0530 (India Standard Time)
[2023-12-02T16:05:06.245] [INFO] development - Mongoose connection open
[2023-12-02T16:05:08.161] [INFO] development - Server ID : => HTTPServer - Express server listening on port : 3000 date : Sat Dec 02 2023 16:05:08 GMT+0530 (India Standard Time)
[2023-12-02T16:05:08.526] [INFO] development - Mongoose connection open
[2023-12-02T16:05:15.156] [INFO] development - Server ID : => HTTPServer - Express server listening on port : 3000 date : Sat Dec 02 2023 16:05:15 GMT+0530 (India Standard Time)
[2023-12-02T16:05:15.555] [INFO] development - Mongoose connection open
[2023-12-02T17:01:22.050] [INFO] development - Server ID : => HTTPServer - Express server listening on port : 3000 date : Sat Dec 02 2023 17:01:22 GMT+0530 (India Standard Time)
[2023-12-02T17:01:22.596] [INFO] development - Mongoose connection open
[2023-12-02T17:02:03.127] [INFO] development - Server ID : => HTTPServer - Express server listening on port : 3000 date : Sat Dec 02 2023 17:02:03 GMT+0530 (India Standard Time)
[2023-12-02T17:02:03.526] [INFO] development - Mongoose connection open
[2023-12-02T17:02:10.877] [INFO] development - Server ID : => HTTPServer - Express server listening on port : 3000 date : Sat Dec 02 2023 17:02:10 GMT+0530 (India Standard Time)
[2023-12-02T17:02:11.214] [INFO] development - Mongoose connection open
[2023-12-02T17:02:41.523] [INFO] development - Server ID : => HTTPServer - Express server listening on port : 3000 date : Sat Dec 02 2023 17:02:41 GMT+0530 (India Standard Time)
[2023-12-02T17:02:41.889] [INFO] development - Mongoose connection open
[2023-12-02T17:03:36.699] [INFO] development - Server ID : => HTTPServer - Express server listening on port : 3000 date : Sat Dec 02 2023 17:03:36 GMT+0530 (India Standard Time)
[2023-12-02T17:03:37.090] [INFO] development - Mongoose connection open
[2023-12-02T17:13:49.905] [INFO] development - Server ID : => HTTPServer - Express server listening on port : 3000 date : Sat Dec 02 2023 17:13:49 GMT+0530 (India Standard Time)
[2023-12-02T17:13:52.039] [INFO] development - Server ID : => HTTPServer - Express server listening on port : 3000 date : Sat Dec 02 2023 17:13:52 GMT+0530 (India Standard Time)
[2023-12-02T17:13:52.380] [INFO] development - Mongoose connection open
[2023-12-02T17:13:57.924] [INFO] development - Server ID : => HTTPServer - Express server listening on port : 3000 date : Sat Dec 02 2023 17:13:57 GMT+0530 (India Standard Time)
[2023-12-02T17:13:58.260] [INFO] development - Mongoose connection open
[2023-12-02T17:14:17.529] [INFO] development - Server ID : => HTTPServer - Express server listening on port : 3000 date : Sat Dec 02 2023 17:14:17 GMT+0530 (India Standard Time)
[2023-12-02T17:14:17.877] [INFO] development - Mongoose connection open
[2023-12-02T17:14:21.319] [INFO] development - Server ID : => HTTPServer - Express server listening on port : 3000 date : Sat Dec 02 2023 17:14:21 GMT+0530 (India Standard Time)
[2023-12-02T17:14:21.746] [INFO] development - Mongoose connection open
[2023-12-02T17:15:01.411] [INFO] development - Server ID : => HTTPServer - Express server listening on port : 3000 date : Sat Dec 02 2023 17:15:01 GMT+0530 (India Standard Time)
[2023-12-02T17:15:01.801] [INFO] development - Mongoose connection open
[2023-12-02T17:20:40.568] [INFO] development - Server ID : => HTTPServer - Express server listening on port : 3000 date : Sat Dec 02 2023 17:20:40 GMT+0530 (India Standard Time)
[2023-12-02T17:20:40.938] [INFO] development - Mongoose connection open
[2023-12-02T17:20:47.424] [INFO] development - Server ID : => HTTPServer - Express server listening on port : 3000 date : Sat Dec 02 2023 17:20:47 GMT+0530 (India Standard Time)
[2023-12-02T17:20:47.771] [INFO] development - Mongoose connection open
[2023-12-02T17:20:52.195] [INFO] development - Server ID : => HTTPServer - Express server listening on port : 3000 date : Sat Dec 02 2023 17:20:52 GMT+0530 (India Standard Time)
[2023-12-02T17:20:52.538] [INFO] development - Mongoose connection open
[2023-12-02T17:21:01.965] [INFO] development - Server ID : => HTTPServer - Express server listening on port : 3000 date : Sat Dec 02 2023 17:21:01 GMT+0530 (India Standard Time)
[2023-12-02T17:21:02.322] [INFO] development - Mongoose connection open
[2023-12-02T17:21:08.934] [INFO] development - Server ID : => HTTPServer - Express server listening on port : 3000 date : Sat Dec 02 2023 17:21:08 GMT+0530 (India Standard Time)
[2023-12-02T17:21:09.282] [INFO] development - Mongoose connection open
[2023-12-02T17:21:38.142] [INFO] development - Server ID : => HTTPServer - Express server listening on port : 3000 date : Sat Dec 02 2023 17:21:38 GMT+0530 (India Standard Time)
[2023-12-02T17:21:38.517] [INFO] development - Mongoose connection open
[2023-12-02T17:22:24.256] [INFO] development - Server ID : => HTTPServer - Express server listening on port : 3000 date : Sat Dec 02 2023 17:22:24 GMT+0530 (India Standard Time)
[2023-12-02T17:22:25.973] [INFO] development - Server ID : => HTTPServer - Express server listening on port : 3000 date : Sat Dec 02 2023 17:22:25 GMT+0530 (India Standard Time)
[2023-12-02T17:22:26.333] [INFO] development - Mongoose connection open
[2023-12-02T17:22:56.633] [INFO] development - Server ID : => HTTPServer - Express server listening on port : 3000 date : Sat Dec 02 2023 17:22:56 GMT+0530 (India Standard Time)
[2023-12-02T17:22:56.992] [INFO] development - Mongoose connection open
[2023-12-02T17:23:05.793] [INFO] development - Server ID : => HTTPServer - Express server listening on port : 3000 date : Sat Dec 02 2023 17:23:05 GMT+0530 (India Standard Time)
[2023-12-02T17:23:06.129] [INFO] development - Mongoose connection open
[2023-12-02T17:23:52.614] [INFO] development - Server ID : => HTTPServer - Express server listening on port : 3000 date : Sat Dec 02 2023 17:23:52 GMT+0530 (India Standard Time)
[2023-12-02T17:23:52.977] [INFO] development - Mongoose connection open
[2023-12-02T17:25:17.220] [INFO] development - Server ID : => HTTPServer - Express server listening on port : 3000 date : Sat Dec 02 2023 17:25:17 GMT+0530 (India Standard Time)
[2023-12-02T17:25:17.589] [INFO] development - Mongoose connection open
[2023-12-02T17:28:27.001] [INFO] development - Server ID : => HTTPServer - Express server listening on port : 3000 date : Sat Dec 02 2023 17:28:27 GMT+0530 (India Standard Time)
[2023-12-02T17:28:27.396] [INFO] development - Mongoose connection open
[2023-12-02T17:29:11.404] [INFO] development - Server ID : => HTTPServer - Express server listening on port : 3000 date : Sat Dec 02 2023 17:29:11 GMT+0530 (India Standard Time)
[2023-12-02T17:29:11.784] [INFO] development - Mongoose connection open
[2023-12-02T17:29:14.233] [INFO] development - Server ID : => HTTPServer - Express server listening on port : 3000 date : Sat Dec 02 2023 17:29:14 GMT+0530 (India Standard Time)
[2023-12-02T17:29:14.611] [INFO] development - Mongoose connection open
[2023-12-02T17:29:18.416] [INFO] development - Server ID : => HTTPServer - Express server listening on port : 3000 date : Sat Dec 02 2023 17:29:18 GMT+0530 (India Standard Time)
[2023-12-02T17:29:18.789] [INFO] development - Mongoose connection open
[2023-12-02T17:30:28.522] [INFO] development - Server ID : => HTTPServer - Express server listening on port : 3000 date : Sat Dec 02 2023 17:30:28 GMT+0530 (India Standard Time)
[2023-12-02T17:30:28.911] [INFO] development - Mongoose connection open
[2023-12-02T17:30:38.504] [INFO] development - Server ID : => HTTPServer - Express server listening on port : 3000 date : Sat Dec 02 2023 17:30:38 GMT+0530 (India Standard Time)
[2023-12-02T17:30:38.883] [INFO] development - Mongoose connection open
[2023-12-02T17:32:23.988] [INFO] development - Server ID : => HTTPServer - Express server listening on port : 3000 date : Sat Dec 02 2023 17:32:23 GMT+0530 (India Standard Time)
[2023-12-02T17:32:24.377] [INFO] development - Mongoose connection open
[2023-12-02T17:33:03.434] [INFO] development - Server ID : => HTTPServer - Express server listening on port : 3000 date : Sat Dec 02 2023 17:33:03 GMT+0530 (India Standard Time)
[2023-12-02T17:33:03.794] [INFO] development - Mongoose connection open
[2023-12-02T17:33:20.655] [INFO] development - Server ID : => HTTPServer - Express server listening on port : 3000 date : Sat Dec 02 2023 17:33:20 GMT+0530 (India Standard Time)
[2023-12-02T17:33:20.994] [INFO] development - Mongoose connection open
[2023-12-02T17:33:24.327] [INFO] development - Server ID : => HTTPServer - Express server listening on port : 3000 date : Sat Dec 02 2023 17:33:24 GMT+0530 (India Standard Time)
[2023-12-02T17:33:24.691] [INFO] development - Mongoose connection open
[2023-12-02T17:33:27.321] [INFO] development - Server ID : => HTTPServer - Express server listening on port : 3000 date : Sat Dec 02 2023 17:33:27 GMT+0530 (India Standard Time)
[2023-12-02T17:33:27.658] [INFO] development - Mongoose connection open
[2023-12-02T17:33:34.172] [INFO] development - Server ID : => HTTPServer - Express server listening on port : 3000 date : Sat Dec 02 2023 17:33:34 GMT+0530 (India Standard Time)
[2023-12-02T17:33:34.510] [INFO] development - Mongoose connection open
[2023-12-02T17:33:37.088] [INFO] development - Server ID : => HTTPServer - Express server listening on port : 3000 date : Sat Dec 02 2023 17:33:37 GMT+0530 (India Standard Time)
[2023-12-02T17:33:37.433] [INFO] development - Mongoose connection open
[2023-12-02T17:34:44.371] [INFO] development - Server ID : => HTTPServer - Express server listening on port : 3000 date : Sat Dec 02 2023 17:34:44 GMT+0530 (India Standard Time)
[2023-12-02T17:34:44.727] [INFO] development - Mongoose connection open
[2023-12-02T17:34:56.394] [INFO] development - Server ID : => HTTPServer - Express server listening on port : 3000 date : Sat Dec 02 2023 17:34:56 GMT+0530 (India Standard Time)
[2023-12-02T17:34:56.730] [INFO] development - Mongoose connection open
[2023-12-02T17:34:58.763] [INFO] development - Server ID : => HTTPServer - Express server listening on port : 3000 date : Sat Dec 02 2023 17:34:58 GMT+0530 (India Standard Time)
[2023-12-02T17:34:59.103] [INFO] development - Mongoose connection open
[2023-12-02T17:35:04.012] [INFO] development - Server ID : => HTTPServer - Express server listening on port : 3000 date : Sat Dec 02 2023 17:35:04 GMT+0530 (India Standard Time)
[2023-12-02T17:35:04.377] [INFO] development - Mongoose connection open
[2023-12-02T17:35:09.090] [INFO] development - Server ID : => HTTPServer - Express server listening on port : 3000 date : Sat Dec 02 2023 17:35:09 GMT+0530 (India Standard Time)
[2023-12-02T17:35:09.492] [INFO] development - Mongoose connection open
