[2024-01-13T11:54:26.523] [INFO] development - 
<==== disconnect socket id ===> aj5PqhuYmUW0g6qAAAAA 
 Disconnect Table Id => undefined
[2024-01-13T11:54:26.523] [INFO] development - schedule USER Start DISCONNECTED jobId typeof :  DISCONNECTundefined string
[2024-01-13T11:54:32.522] [INFO] development - Socket connected ===>  2r5nZGJJqrooB7aGAAAB
[2024-01-13T11:54:32.523] [INFO] development - 
Response Time :Sat Jan 13 2024 11:54:32 GMT+0530 (India Standard Time) : Data : {"eventName":"DONE","data":{},"flag":true,"msg":""}
[2024-01-13T11:54:33.780] [INFO] development - 
Response Time :Sat Jan 13 2024 11:54:33 GMT+0530 (India Standard Time) : Data : {"eventName":"PONG","data":{},"flag":true,"msg":""}
[2024-01-13T11:54:36.601] [INFO] development - JoinTable UserInfo :  { _id: 65967296eae703374096d4dd } {"_id":"65967296eae703374096d4dd","flags":{"isOnline":1},"counters":{"gameWin":0,"gameLoss":0,"totalMatch":0},"email":"player@gmail.com","password":"","deviceType":"Android","loginType":"phone","tableId":"","status":"","isVIP":1,"Iscom":0,"fcmToken":"","id":15,"deviceId":"","username":"USER_15","name":"","mobileNumber":"1234567890","uniqueId":"USER_0000000015","chips":20000,"winningChips":0,"referralCode":"","sckId":"","shopId":"65967151eae703374096d4a9","lastLoginDate":"2024-01-04T08:55:50.168Z","createdAt":"2024-01-04T08:55:50.168Z","modifiedAt":"2024-01-04T08:55:50.168Z"}
[2024-01-13T11:54:36.643] [INFO] development - JoinTable tableInfo :  { _id: 65967296eae703374096d4dd } null
[2024-01-13T11:54:36.644] [INFO] development - findTable  : 
[2024-01-13T11:54:36.645] [INFO] development - getBetTable  : 
[2024-01-13T11:54:36.645] [INFO] development - getBetTable wh :  {"activePlayer":{"$gte":1}}
[2024-01-13T11:54:36.683] [INFO] development - createTable insertobj :  {
  gameId: '',
  activePlayer: 0,
  playerInfo: [
    {}, {}, {}, {}, {}, {}, {}, {}, {}, {},
    {}, {}, {}, {}, {}, {}, {}, {}, {}, {},
    {}, {}, {}, {}, {}, {}, {}, {}, {}, {},
    {}, {}, {}, {}, {}, {}, {}, {}, {}, {}
  ],
  gameState: '',
  history: [],
  betamount: [ 5, 10, 50, 100, 500, 1000 ]
}
[2024-01-13T11:54:36.759] [INFO] development - createTable insertInfo :  {
  gameId: '',
  activePlayer: 0,
  playerInfo: [
    {}, {}, {}, {}, {}, {}, {}, {}, {}, {},
    {}, {}, {}, {}, {}, {}, {}, {}, {}, {},
    {}, {}, {}, {}, {}, {}, {}, {}, {}, {},
    {}, {}, {}, {}, {}, {}, {}, {}, {}, {}
  ],
  gameState: '',
  jobId: '',
  turnDone: false,
  gameTracks: [],
  callFinalWinner: false,
  isLastUserFinish: false,
  isFinalWinner: false,
  history: [],
  betamount: [ 5, 10, 50, 100, 500, 1000 ],
  totalbet: 0,
  TableObject: [],
  minbet: 0,
  maxbet: 1000,
  uuid: '',
  _id: 65a22ca4800f9d4940eb9c46
}
[2024-01-13T11:54:36.761] [INFO] development - findTable tableInfo :  {"gameId":"","activePlayer":0,"playerInfo":[{},{},{},{},{},{},{},{},{},{},{},{},{},{},{},{},{},{},{},{},{},{},{},{},{},{},{},{},{},{},{},{},{},{},{},{},{},{},{},{}],"gameState":"","jobId":"","turnDone":false,"gameTracks":[],"callFinalWinner":false,"isLastUserFinish":false,"isFinalWinner":false,"history":[],"betamount":[5,10,50,100,500,1000],"totalbet":0,"TableObject":[],"minbet":0,"maxbet":1000,"uuid":"","_id":"65a22ca4800f9d4940eb9c46"}
[2024-01-13T11:54:36.765] [INFO] development - findEmptySeatAndUserSeat table :=>  {
  gameId: '',
  activePlayer: 0,
  playerInfo: [
    {}, {}, {}, {}, {}, {}, {}, {}, {}, {},
    {}, {}, {}, {}, {}, {}, {}, {}, {}, {},
    {}, {}, {}, {}, {}, {}, {}, {}, {}, {},
    {}, {}, {}, {}, {}, {}, {}, {}, {}, {}
  ],
  gameState: '',
  jobId: '',
  turnDone: false,
  gameTracks: [],
  callFinalWinner: false,
  isLastUserFinish: false,
  isFinalWinner: false,
  history: [],
  betamount: [ 5, 10, 50, 100, 500, 1000 ],
  totalbet: 0,
  TableObject: [],
  minbet: 0,
  maxbet: 1000,
  uuid: '',
  _id: 65a22ca4800f9d4940eb9c46
} client :=>  <ref *1> Socket {
  _events: [Object: null prototype] {
    error: [Function: noop],
    req: [AsyncFunction (anonymous)],
    disconnect: [AsyncFunction (anonymous)]
  },
  _eventsCount: 3,
  _maxListeners: undefined,
  nsp: <ref *2> Namespace {
    _events: [Object: null prototype] {
      connection: [AsyncFunction (anonymous)]
    },
    _eventsCount: 1,
    _maxListeners: undefined,
    sockets: Map(1) { '2r5nZGJJqrooB7aGAAAB' => [Circular *1] },
    _fns: [],
    _ids: 0,
    server: Server {
      _events: [Object: null prototype] {},
      _eventsCount: 0,
      _maxListeners: undefined,
      _nsps: [Map],
      parentNsps: Map(0) {},
      parentNamespacesFromRegExp: Map(0) {},
      _path: '/socket.io',
      clientPathRegex: /^\/socket\.io\/socket\.io(\.msgpack|\.esm)?(\.min)?\.js(\.map)?(?:\?|$)/,
      _connectTimeout: 45000,
      _serveClient: true,
      _parser: [Object],
      encoder: [Encoder],
      opts: [Object],
      _adapter: [class Adapter extends EventEmitter],
      sockets: [Circular *2],
      eio: [Server],
      httpServer: [Server],
      engine: [Server],
      [Symbol(shapeMode)]: false,
      [Symbol(kCapture)]: false
    },
    name: '/',
    adapter: Adapter {
      _events: [Object: null prototype] {},
      _eventsCount: 0,
      _maxListeners: undefined,
      nsp: [Circular *2],
      rooms: [Map],
      sids: [Map],
      encoder: [Encoder],
      [Symbol(shapeMode)]: false,
      [Symbol(kCapture)]: false
    },
    [Symbol(shapeMode)]: false,
    [Symbol(kCapture)]: false
  },
  client: Client {
    sockets: Map(1) { '2r5nZGJJqrooB7aGAAAB' => [Circular *1] },
    nsps: Map(1) { '/' => [Circular *1] },
    server: Server {
      _events: [Object: null prototype] {},
      _eventsCount: 0,
      _maxListeners: undefined,
      _nsps: [Map],
      parentNsps: Map(0) {},
      parentNamespacesFromRegExp: Map(0) {},
      _path: '/socket.io',
      clientPathRegex: /^\/socket\.io\/socket\.io(\.msgpack|\.esm)?(\.min)?\.js(\.map)?(?:\?|$)/,
      _connectTimeout: 45000,
      _serveClient: true,
      _parser: [Object],
      encoder: [Encoder],
      opts: [Object],
      _adapter: [class Adapter extends EventEmitter],
      sockets: [Namespace],
      eio: [Server],
      httpServer: [Server],
      engine: [Server],
      [Symbol(shapeMode)]: false,
      [Symbol(kCapture)]: false
    },
    conn: Socket {
      _events: [Object: null prototype],
      _eventsCount: 3,
      _maxListeners: undefined,
      id: '2r5nZGJJqrooB7aGAAAB',
      server: [Server],
      upgrading: false,
      upgraded: false,
      _readyState: 'open',
      writeBuffer: [],
      packetsFn: [],
      sentCallbackFn: [],
      cleanupFn: [Array],
      request: [IncomingMessage],
      protocol: 3,
      remoteAddress: '::ffff:127.0.0.1',
      checkIntervalTimer: null,
      upgradeTimeoutTimer: null,
      pingTimeoutTimer: Timeout {
        _idleTimeout: 45000,
        _idlePrev: [TimersList],
        _idleNext: [TimersList],
        _idleStart: 45208,
        _onTimeout: [Function (anonymous)],
        _timerArgs: undefined,
        _repeat: null,
        _destroyed: false,
        [Symbol(refed)]: true,
        [Symbol(kHasPrimitive)]: false,
        [Symbol(asyncId)]: 386,
        [Symbol(triggerId)]: 351
      },
      pingIntervalTimer: null,
      transport: [WebSocket],
      [Symbol(shapeMode)]: false,
      [Symbol(kCapture)]: false
    },
    encoder: Encoder { replacer: undefined },
    decoder: Decoder { reviver: undefined, _callbacks: [Object] },
    id: '2r5nZGJJqrooB7aGAAAB',
    onclose: [Function: bound onclose],
    ondata: [Function: bound ondata],
    onerror: [Function: bound onerror],
    ondecoded: [Function: bound ondecoded],
    connectTimeout: undefined
  },
  recovered: false,
  data: {},
  connected: true,
  acks: Map(0) {},
  fns: [],
  flags: {},
  server: <ref *3> Server {
    _events: [Object: null prototype] {},
    _eventsCount: 0,
    _maxListeners: undefined,
    _nsps: Map(1) { '/' => [Namespace] },
    parentNsps: Map(0) {},
    parentNamespacesFromRegExp: Map(0) {},
    _path: '/socket.io',
    clientPathRegex: /^\/socket\.io\/socket\.io(\.msgpack|\.esm)?(\.min)?\.js(\.map)?(?:\?|$)/,
    _connectTimeout: 45000,
    _serveClient: true,
    _parser: {
      protocol: 5,
      PacketType: [Object],
      Encoder: [class Encoder],
      Decoder: [class Decoder extends Emitter]
    },
    encoder: Encoder { replacer: undefined },
    opts: { allowEIO3: true, cleanupEmptyChildNamespaces: false },
    _adapter: [class Adapter extends EventEmitter],
    sockets: <ref *2> Namespace {
      _events: [Object: null prototype],
      _eventsCount: 1,
      _maxListeners: undefined,
      sockets: [Map],
      _fns: [],
      _ids: 0,
      server: [Circular *3],
      name: '/',
      adapter: [Adapter],
      [Symbol(shapeMode)]: false,
      [Symbol(kCapture)]: false
    },
    eio: Server {
      _events: [Object: null prototype],
      _eventsCount: 1,
      _maxListeners: undefined,
      middlewares: [],
      clients: [Object],
      clientsCount: 1,
      opts: [Object],
      ws: [WebSocketServer],
      [Symbol(shapeMode)]: false,
      [Symbol(kCapture)]: false
    },
    httpServer: Server {
      maxHeaderSize: undefined,
      insecureHTTPParser: undefined,
      requestTimeout: 300000,
      headersTimeout: 60000,
      keepAliveTimeout: 5000,
      connectionsCheckingInterval: 30000,
      requireHostHeader: true,
      joinDuplicateHeaders: undefined,
      rejectNonStandardBodyWrites: false,
      _events: [Object: null prototype],
      _eventsCount: 5,
      _maxListeners: undefined,
      _connections: 1,
      _handle: [TCP],
      _usingWorkers: false,
      _workers: [],
      _unref: false,
      allowHalfOpen: true,
      pauseOnConnect: false,
      noDelay: true,
      keepAlive: false,
      keepAliveInitialDelay: 0,
      highWaterMark: 16384,
      httpAllowHalfOpen: false,
      timeout: 0,
      maxHeadersCount: null,
      maxRequestsPerSocket: 0,
      _connectionKey: '6::::4949',
      [Symbol(IncomingMessage)]: [Function: IncomingMessage],
      [Symbol(ServerResponse)]: [Function: ServerResponse],
      [Symbol(shapeMode)]: false,
      [Symbol(kCapture)]: false,
      [Symbol(async_id_symbol)]: 36,
      [Symbol(kUniqueHeaders)]: null,
      [Symbol(http.server.connections)]: ConnectionsList {},
      [Symbol(http.server.connectionsCheckingInterval)]: Timeout {
        _idleTimeout: 30000,
        _idlePrev: [TimersList],
        _idleNext: [TimersList],
        _idleStart: 31094,
        _onTimeout: [Function: bound checkConnections],
        _timerArgs: undefined,
        _repeat: 30000,
        _destroyed: false,
        [Symbol(refed)]: false,
        [Symbol(kHasPrimitive)]: false,
        [Symbol(asyncId)]: 58,
        [Symbol(triggerId)]: 37
      }
    },
    engine: Server {
      _events: [Object: null prototype],
      _eventsCount: 1,
      _maxListeners: undefined,
      middlewares: [],
      clients: [Object],
      clientsCount: 1,
      opts: [Object],
      ws: [WebSocketServer],
      [Symbol(shapeMode)]: false,
      [Symbol(kCapture)]: false
    },
    [Symbol(shapeMode)]: false,
    [Symbol(kCapture)]: false
  },
  adapter: <ref *4> Adapter {
    _events: [Object: null prototype] {},
    _eventsCount: 0,
    _maxListeners: undefined,
    nsp: <ref *2> Namespace {
      _events: [Object: null prototype],
      _eventsCount: 1,
      _maxListeners: undefined,
      sockets: [Map],
      _fns: [],
      _ids: 0,
      server: [Server],
      name: '/',
      adapter: [Circular *4],
      [Symbol(shapeMode)]: false,
      [Symbol(kCapture)]: false
    },
    rooms: Map(1) { '2r5nZGJJqrooB7aGAAAB' => [Set] },
    sids: Map(1) { '2r5nZGJJqrooB7aGAAAB' => [Set] },
    encoder: Encoder { replacer: undefined },
    [Symbol(shapeMode)]: false,
    [Symbol(kCapture)]: false
  },
  id: '2r5nZGJJqrooB7aGAAAB',
  handshake: {
    headers: {
      'user-agent': 'websocket-sharp/1.0',
      upgrade: 'websocket',
      connection: 'Upgrade',
      host: '127.0.0.1:4949',
      'sec-websocket-key': 'z4+fuXW66I5SfFL5XyZZ1g==',
      'sec-websocket-version': '13'
    },
    time: 'Sat Jan 13 2024 11:54:32 GMT+0530 (India Standard Time)',
    address: '::ffff:127.0.0.1',
    xdomain: false,
    secure: false,
    issued: 1705127072522,
    url: '/socket.io/?EIO=3&transport=websocket',
    query: [Object: null prototype] { EIO: '3', transport: 'websocket' },
    auth: {}
  },
  uid: '65967296eae703374096d4dd',
  sck: '2r5nZGJJqrooB7aGAAAB',
  JT: true,
  [Symbol(shapeMode)]: false,
  [Symbol(kCapture)]: false
}
[2024-01-13T11:54:36.770] [INFO] development - findEmptySeatAndUserSeat seatIndex :: 0
[2024-01-13T11:54:36.808] [INFO] development - findEmptySeatAndUserSeat userInfo :  {
  _id: 65967296eae703374096d4dd,
  flags: { isOnline: 1 },
  counters: { gameWin: 0, gameLoss: 0, totalMatch: 0 },
  email: 'player@gmail.com',
  password: '',
  deviceType: 'Android',
  loginType: 'phone',
  tableId: '',
  status: '',
  isVIP: 1,
  Iscom: 0,
  fcmToken: '',
  id: 15,
  deviceId: '',
  username: 'USER_15',
  name: '',
  mobileNumber: '1234567890',
  uniqueId: 'USER_0000000015',
  chips: 20000,
  winningChips: 0,
  referralCode: '',
  sckId: '',
  shopId: 65967151eae703374096d4a9,
  lastLoginDate: 2024-01-04T08:55:50.168Z,
  createdAt: 2024-01-04T08:55:50.168Z,
  modifiedAt: 2024-01-04T08:55:50.168Z
}
[2024-01-13T11:54:36.809] [INFO] development - findEmptySeatAndUserSeat playerDetails :  {
  seatIndex: 0,
  _id: 65967296eae703374096d4dd,
  playerId: 65967296eae703374096d4dd,
  username: 'USER_15',
  profile: undefined,
  coins: 20000,
  status: '',
  playerStatus: '',
  selectObj: [
    0, 0, 0, 0, 0, 0,
    0, 0, 0, 0, 0, 0,
    0, 0
  ],
  totalbet: 0,
  turnMissCounter: 0,
  turnCount: 0,
  sck: '2r5nZGJJqrooB7aGAAAB',
  playerSocketId: '2r5nZGJJqrooB7aGAAAB',
  playerLostChips: 0,
  Iscom: 0
}
[2024-01-13T11:54:36.810] [INFO] development - findEmptySeatAndUserSeat whereCond :  {
  _id: 65a22ca4800f9d4940eb9c46,
  'playerInfo.0.seatIndex': { '$exists': false }
} {
  '$set': {
    gameState: '',
    'playerInfo.0': {
      seatIndex: 0,
      _id: 65967296eae703374096d4dd,
      playerId: 65967296eae703374096d4dd,
      username: 'USER_15',
      profile: undefined,
      coins: 20000,
      status: '',
      playerStatus: '',
      selectObj: [Array],
      totalbet: 0,
      turnMissCounter: 0,
      turnCount: 0,
      sck: '2r5nZGJJqrooB7aGAAAB',
      playerSocketId: '2r5nZGJJqrooB7aGAAAB',
      playerLostChips: 0,
      Iscom: 0
    }
  },
  '$inc': { activePlayer: 1 }
}
[2024-01-13T11:54:36.865] [INFO] development - 
findEmptySeatAndUserSeat tbInfo :  {
  gameId: '',
  activePlayer: 1,
  playerInfo: [
    {
      seatIndex: 0,
      _id: 65967296eae703374096d4dd,
      playerId: 65967296eae703374096d4dd,
      username: 'USER_15',
      profile: null,
      coins: 20000,
      status: '',
      playerStatus: '',
      selectObj: [Array],
      totalbet: 0,
      turnMissCounter: 0,
      turnCount: 0,
      sck: '2r5nZGJJqrooB7aGAAAB',
      playerSocketId: '2r5nZGJJqrooB7aGAAAB',
      playerLostChips: 0,
      Iscom: 0
    },
    {},
    {},
    {},
    {},
    {},
    {},
    {},
    {},
    {},
    {},
    {},
    {},
    {},
    {},
    {},
    {},
    {},
    {},
    {},
    {},
    {},
    {},
    {},
    {},
    {},
    {},
    {},
    {},
    {},
    {},
    {},
    {},
    {},
    {},
    {},
    {},
    {},
    {},
    {}
  ],
  gameState: '',
  jobId: '',
  turnDone: false,
  gameTracks: [],
  callFinalWinner: false,
  isLastUserFinish: false,
  isFinalWinner: false,
  history: [],
  betamount: [ 5, 10, 50, 100, 500, 1000 ],
  totalbet: 0,
  TableObject: [],
  minbet: 0,
  maxbet: 1000,
  uuid: '',
  _id: 65a22ca4800f9d4940eb9c46
}
[2024-01-13T11:54:36.867] [INFO] development - 
 Assign table id and seat index socket event -> 0 65a22ca4800f9d4940eb9c46
[2024-01-13T11:54:36.867] [INFO] development - 
Response Time :Sat Jan 13 2024 11:54:36 GMT+0530 (India Standard Time) : Data : {"eventName":"SJT","data":{},"flag":true,"msg":""}
[2024-01-13T11:54:36.868] [INFO] development - 
Response Time :Sat Jan 13 2024 11:54:36 GMT+0530 (India Standard Time) : Data : {"eventName":"SGTI","data":{"ssi":0,"gst":-1,"pi":[{"seatIndex":0,"_id":"65967296eae703374096d4dd","playerId":"65967296eae703374096d4dd","username":"USER_15","profile":null,"coins":20000,"status":"","playerStatus":"","selectObj":[0,0,0,0,0,0,0,0,0,0,0,0,0,0],"totalbet":0,"turnMissCounter":0,"turnCount":0,"sck":"2r5nZGJJqrooB7aGAAAB","playerSocketId":"2r5nZGJJqrooB7aGAAAB","playerLostChips":0,"Iscom":0},{},{},{},{},{},{},{},{},{},{},{},{},{},{},{},{},{},{},{},{},{},{},{},{},{},{},{},{},{},{},{},{},{},{},{},{},{},{},{}],"utt":30,"fns":20,"tableid":"65a22ca4800f9d4940eb9c46"},"flag":true,"msg":""}
[2024-01-13T11:54:36.869] [INFO] development - 
Response Time :Sat Jan 13 2024 11:54:36 GMT+0530 (India Standard Time) : Data : {"data":{"ap":1,"playerDetail":{"seatIndex":0,"_id":"65967296eae703374096d4dd","playerId":"65967296eae703374096d4dd","username":"USER_15","profile":null,"coins":20000,"status":"","playerStatus":"","selectObj":[0,0,0,0,0,0,0,0,0,0,0,0,0,0],"totalbet":0,"turnMissCounter":0,"turnCount":0,"sck":"2r5nZGJJqrooB7aGAAAB","playerSocketId":"2r5nZGJJqrooB7aGAAAB","playerLostChips":0,"Iscom":0}},"flag":true,"msg":""}
[2024-01-13T11:54:36.871] [INFO] development - gameTimerStart tb :  {
  gameId: '',
  activePlayer: 1,
  playerInfo: [
    {
      seatIndex: 0,
      _id: 65967296eae703374096d4dd,
      playerId: 65967296eae703374096d4dd,
      username: 'USER_15',
      profile: null,
      coins: 20000,
      status: '',
      playerStatus: '',
      selectObj: [Array],
      totalbet: 0,
      turnMissCounter: 0,
      turnCount: 0,
      sck: '2r5nZGJJqrooB7aGAAAB',
      playerSocketId: '2r5nZGJJqrooB7aGAAAB',
      playerLostChips: 0,
      Iscom: 0
    },
    {},
    {},
    {},
    {},
    {},
    {},
    {},
    {},
    {},
    {},
    {},
    {},
    {},
    {},
    {},
    {},
    {},
    {},
    {},
    {},
    {},
    {},
    {},
    {},
    {},
    {},
    {},
    {},
    {},
    {},
    {},
    {},
    {},
    {},
    {},
    {},
    {},
    {},
    {}
  ],
  gameState: '',
  jobId: '',
  turnDone: false,
  gameTracks: [],
  callFinalWinner: false,
  isLastUserFinish: false,
  isFinalWinner: false,
  history: [],
  betamount: [ 5, 10, 50, 100, 500, 1000 ],
  totalbet: 0,
  TableObject: [],
  minbet: 0,
  maxbet: 1000,
  uuid: '',
  _id: 65a22ca4800f9d4940eb9c46
}
[2024-01-13T11:54:36.873] [INFO] development - gameTimerStart UserInfo :  {
  _id: 65a22ca4800f9d4940eb9c46,
  'playerInfo._id': { '$exists': true }
} {
  '$set': {
    gameState: 'SpinnerGameStartTimer',
    'gameTimer.GST': 2024-01-13T06:24:36.872Z,
    totalbet: 0,
    'playerInfo.$.selectObj': [
      0, 0, 0, 0, 0, 0,
      0, 0, 0, 0, 0, 0,
      0, 0
    ],
    isFinalWinner: false,
    uuid: '58d3aa5e-0924-425e-aa3a-22c378cfb0ce'
  }
}
[2024-01-13T11:54:36.920] [INFO] development - gameTimerStart tabInfo ::  {
  gameId: '',
  activePlayer: 1,
  playerInfo: [
    {
      seatIndex: 0,
      _id: 65967296eae703374096d4dd,
      playerId: 65967296eae703374096d4dd,
      username: 'USER_15',
      profile: null,
      coins: 20000,
      status: '',
      playerStatus: '',
      selectObj: [Array],
      totalbet: 0,
      turnMissCounter: 0,
      turnCount: 0,
      sck: '2r5nZGJJqrooB7aGAAAB',
      playerSocketId: '2r5nZGJJqrooB7aGAAAB',
      playerLostChips: 0,
      Iscom: 0
    },
    {},
    {},
    {},
    {},
    {},
    {},
    {},
    {},
    {},
    {},
    {},
    {},
    {},
    {},
    {},
    {},
    {},
    {},
    {},
    {},
    {},
    {},
    {},
    {},
    {},
    {},
    {},
    {},
    {},
    {},
    {},
    {},
    {},
    {},
    {},
    {},
    {},
    {},
    {}
  ],
  gameState: 'SpinnerGameStartTimer',
  jobId: '',
  turnDone: false,
  gameTracks: [],
  callFinalWinner: false,
  isLastUserFinish: false,
  isFinalWinner: false,
  history: [],
  betamount: [ 5, 10, 50, 100, 500, 1000 ],
  totalbet: 0,
  TableObject: [],
  minbet: 0,
  maxbet: 1000,
  uuid: '58d3aa5e-0924-425e-aa3a-22c378cfb0ce',
  _id: 65a22ca4800f9d4940eb9c46,
  gameTimer: { GST: 2024-01-13T06:24:36.872Z }
}
[2024-01-13T11:54:36.920] [INFO] development - 
Response Time :Sat Jan 13 2024 11:54:36 GMT+0530 (India Standard Time) : Data : {"eventName":"GST","data":{"timer":10,"history":[]},"flag":true,"msg":""}
[2024-01-13T11:54:40.191] [INFO] development - action requestData :  { bet: 5, item: '1' }
[2024-01-13T11:54:40.234] [INFO] development - action tabInfo :  {
  _id: 65a22ca4800f9d4940eb9c46,
  gameId: '',
  activePlayer: 1,
  playerInfo: [
    {
      seatIndex: 0,
      _id: 65967296eae703374096d4dd,
      playerId: 65967296eae703374096d4dd,
      username: 'USER_15',
      profile: null,
      coins: 20000,
      status: '',
      playerStatus: '',
      selectObj: [Array],
      totalbet: 0,
      turnMissCounter: 0,
      turnCount: 0,
      sck: '2r5nZGJJqrooB7aGAAAB',
      playerSocketId: '2r5nZGJJqrooB7aGAAAB',
      playerLostChips: 0,
      Iscom: 0
    },
    {},
    {},
    {},
    {},
    {},
    {},
    {},
    {},
    {},
    {},
    {},
    {},
    {},
    {},
    {},
    {},
    {},
    {},
    {},
    {},
    {},
    {},
    {},
    {},
    {},
    {},
    {},
    {},
    {},
    {},
    {},
    {},
    {},
    {},
    {},
    {},
    {},
    {},
    {}
  ],
  gameState: 'SpinnerGameStartTimer',
  jobId: '',
  turnDone: false,
  gameTracks: [],
  callFinalWinner: false,
  isLastUserFinish: false,
  isFinalWinner: false,
  history: [],
  betamount: [ 5, 10, 50, 100, 500, 1000 ],
  totalbet: 0,
  TableObject: [],
  minbet: 0,
  maxbet: 1000,
  uuid: '58d3aa5e-0924-425e-aa3a-22c378cfb0ce',
  gameTimer: { GST: 2024-01-13T06:24:36.872Z }
}
[2024-01-13T11:54:40.234] [INFO] development - action currentBet :: 5
[2024-01-13T11:54:40.309] [INFO] development - action UserInfo :  { _id: 65967296eae703374096d4dd } {"_id":"65967296eae703374096d4dd","flags":{"isOnline":1},"counters":{"gameWin":0,"gameLoss":0,"totalMatch":0},"email":"player@gmail.com","password":"","deviceType":"Android","loginType":"phone","tableId":"","status":"","isVIP":1,"Iscom":0,"fcmToken":"","id":15,"deviceId":"","username":"USER_15","name":"","mobileNumber":"1234567890","uniqueId":"USER_0000000015","chips":20000,"winningChips":0,"referralCode":"","sckId":"","shopId":"65967151eae703374096d4a9","lastLoginDate":"2024-01-04T08:55:50.168Z","createdAt":"2024-01-04T08:55:50.168Z","modifiedAt":"2024-01-04T08:55:50.168Z"}
[2024-01-13T11:54:40.309] [INFO] development - action upWh updateData ::  { _id: 65a22ca4800f9d4940eb9c46, 'playerInfo.seatIndex': 0 } {
  '$set': { 'playerInfo.$.playStatus': 'action', turnDone: true },
  '$inc': {
    'playerInfo.$.selectObj.1': 5,
    'playerInfo.$.totalbet': 5,
    totalbet: 5
  }
}
[2024-01-13T11:54:40.367] [INFO] development - action tb :  {
  gameId: '',
  activePlayer: 1,
  playerInfo: [
    {
      seatIndex: 0,
      _id: 65967296eae703374096d4dd,
      playerId: 65967296eae703374096d4dd,
      username: 'USER_15',
      profile: null,
      coins: 20000,
      status: '',
      playerStatus: '',
      selectObj: [Array],
      totalbet: 5,
      turnMissCounter: 0,
      turnCount: 0,
      sck: '2r5nZGJJqrooB7aGAAAB',
      playerSocketId: '2r5nZGJJqrooB7aGAAAB',
      playerLostChips: 0,
      Iscom: 0,
      playStatus: 'action'
    },
    {},
    {},
    {},
    {},
    {},
    {},
    {},
    {},
    {},
    {},
    {},
    {},
    {},
    {},
    {},
    {},
    {},
    {},
    {},
    {},
    {},
    {},
    {},
    {},
    {},
    {},
    {},
    {},
    {},
    {},
    {},
    {},
    {},
    {},
    {},
    {},
    {},
    {},
    {}
  ],
  gameState: 'SpinnerGameStartTimer',
  jobId: '',
  turnDone: true,
  gameTracks: [],
  callFinalWinner: false,
  isLastUserFinish: false,
  isFinalWinner: false,
  history: [],
  betamount: [ 5, 10, 50, 100, 500, 1000 ],
  totalbet: 5,
  TableObject: [],
  minbet: 0,
  maxbet: 1000,
  uuid: '58d3aa5e-0924-425e-aa3a-22c378cfb0ce',
  _id: 65a22ca4800f9d4940eb9c46,
  gameTimer: { GST: 2024-01-13T06:24:36.872Z }
}
[2024-01-13T11:54:40.369] [INFO] development - 
Response Time :Sat Jan 13 2024 11:54:40 GMT+0530 (India Standard Time) : Data : {"eventName":"ACTIONSPINNNER","data":{"seatIndex":0,"chalValue":5,"item":"1"},"flag":false,"msg":""}
[2024-01-13T11:54:44.072] [INFO] development - 
Response Time :Sat Jan 13 2024 11:54:44 GMT+0530 (India Standard Time) : Data : {"eventName":"PONG","data":{},"flag":true,"msg":""}
[2024-01-13T11:54:46.962] [INFO] development - StartSpinnerGame tbId :  65a22ca4800f9d4940eb9c46
[2024-01-13T11:54:51.869] [INFO] development - 
<==== disconnect socket id ===> 2r5nZGJJqrooB7aGAAAB 
 Disconnect Table Id => 65a22ca4800f9d4940eb9c46
[2024-01-13T11:54:51.869] [INFO] development - schedule USER Start DISCONNECTED jobId typeof :  DISCONNECT65967296eae703374096d4dd string
